Log file open, 11/22/18 20:38:26
LogWindows: Failed to load 'aqProf.dll' (GetLastError=126)
LogWindows: File 'aqProf.dll' does not exist
LogWindows: Failed to load 'VtuneApi.dll' (GetLastError=126)
LogWindows: File 'VtuneApi.dll' does not exist
LogWindows: Failed to load 'VtuneApi32e.dll' (GetLastError=126)
LogWindows: File 'VtuneApi32e.dll' does not exist
LogInit: Display: Running engine for game: MyProject
LogPlatformFile: Not using cached read wrapper
LogTaskGraph: Started task graph with 5 named threads and 14 total threads with 3 sets of task threads.
LogStats: Stats thread started at 0.178290
LogD3D11RHI: Loaded GFSDK_Aftermath_Lib.x64.dll
LogICUInternationalization: Display: ICU TimeZone Detection - Raw Offset: +10:00, Platform Override: ''
LogPluginManager: Mounting plugin Paper2D
LogPluginManager: Mounting plugin AISupport
LogPluginManager: Mounting plugin LightPropagationVolume
LogPluginManager: Mounting plugin CLionSourceCodeAccess
LogPluginManager: Mounting plugin CodeLiteSourceCodeAccess
LogPluginManager: Mounting plugin GitSourceControl
LogPluginManager: Mounting plugin KDevelopSourceCodeAccess
LogPluginManager: Mounting plugin NullSourceCodeAccess
LogPluginManager: Mounting plugin PerforceSourceControl
LogPluginManager: Mounting plugin SubversionSourceControl
LogPluginManager: Mounting plugin UObjectPlugin
LogPluginManager: Mounting plugin VisualStudioCodeSourceCodeAccess
LogPluginManager: Mounting plugin VisualStudioSourceCodeAccess
LogPluginManager: Mounting plugin XCodeSourceCodeAccess
LogPluginManager: Mounting plugin AssetManagerEditor
LogPluginManager: Mounting plugin CryptoKeys
LogPluginManager: Mounting plugin DataValidation
LogPluginManager: Mounting plugin FacialAnimation
LogPluginManager: Mounting plugin GameplayTagsEditor
LogPluginManager: Mounting plugin MacGraphicsSwitching
LogPluginManager: Mounting plugin MeshEditor
LogPluginManager: Mounting plugin MobileLauncherProfileWizard
LogPluginManager: Mounting plugin PluginBrowser
LogPluginManager: Mounting plugin SpeedTreeImporter
LogPluginManager: Mounting plugin DatasmithContent
LogPluginManager: Mounting plugin AlembicImporter
LogPluginManager: Mounting plugin AppleImageUtils
LogPluginManager: Mounting plugin AppleVision
LogPluginManager: Mounting plugin BackChannel
LogPluginManager: Mounting plugin CharacterAI
LogPluginManager: Mounting plugin GeometryCache
LogPluginManager: Mounting plugin HTML5Networking
LogPluginManager: Mounting plugin ProxyLODPlugin
LogPluginManager: Mounting plugin MagicLeap
LogPluginManager: Mounting plugin MagicLeapEmulator
LogPluginManager: Mounting plugin MagicLeapMedia
LogPluginManager: Mounting plugin AndroidMedia
LogPluginManager: Mounting plugin AvfMedia
LogPluginManager: Mounting plugin ImgMedia
LogPluginManager: Mounting plugin LinearTimecode
LogPluginManager: Mounting plugin MediaCompositing
LogPluginManager: Mounting plugin MediaPlayerEditor
LogPluginManager: Mounting plugin WmfMedia
LogPluginManager: Mounting plugin TcpMessaging
LogPluginManager: Mounting plugin UdpMessaging
LogPluginManager: Mounting plugin ActorSequence
LogPluginManager: Mounting plugin LevelSequenceEditor
LogPluginManager: Mounting plugin MatineeToLevelSequence
LogPluginManager: Mounting plugin NetcodeUnitTest
LogPluginManager: Mounting plugin NUTUnrealEngine4
LogPluginManager: Mounting plugin OnlineSubsystemGooglePlay
LogPluginManager: Mounting plugin OnlineSubsystemIOS
LogPluginManager: Mounting plugin OnlineSubsystem
LogPluginManager: Mounting plugin OnlineSubsystemNull
LogPluginManager: Mounting plugin OnlineSubsystemUtils
LogPluginManager: Mounting plugin LauncherChunkInstaller
LogPluginManager: Mounting plugin AndroidDeviceProfileSelector
LogPluginManager: Mounting plugin AndroidMoviePlayer
LogPluginManager: Mounting plugin AndroidPermission
LogPluginManager: Mounting plugin AppleMoviePlayer
LogPluginManager: Mounting plugin ArchVisCharacter
LogPluginManager: Mounting plugin AudioCapture
LogPluginManager: Mounting plugin CableComponent
LogPluginManager: Mounting plugin CustomMeshComponent
LogPluginManager: Mounting plugin EditableMesh
LogPluginManager: Mounting plugin ExampleDeviceProfileSelector
LogPluginManager: Mounting plugin GoogleCloudMessaging
LogPluginManager: Mounting plugin ImmediatePhysics
LogPluginManager: Mounting plugin IOSDeviceProfileSelector
LogPluginManager: Mounting plugin LinuxDeviceProfileSelector
LogPluginManager: Mounting plugin LocationServicesBPLibrary
LogPluginManager: Mounting plugin MobilePatchingUtils
LogPluginManager: Mounting plugin OculusVR
LogPluginManager: Plugin shader directory ../../../Engine/Plugins/Runtime/Oculus/OculusVR/Shaders found
LogPluginManager: Mapping shader source directory ../../../Engine/Plugins/Runtime/Oculus/OculusVR/Shaders to virtual directory /Plugin/OculusVR
LogPluginManager: Mounting plugin PhysXVehicles
LogPluginManager: Mounting plugin ProceduralMeshComponent
LogPluginManager: Mounting plugin RuntimePhysXCooking
LogPluginManager: Mounting plugin SteamVR
LogPluginManager: Mounting plugin WindowsMoviePlayer
LogStreaming: Display: Took  0.367s to configure plugins.
LogInit: Using libcurl 7.55.1-DEV
LogInit:  - built for x86_64-pc-win32
LogInit:  - supports SSL with OpenSSL/1.0.2h
LogInit:  - supports HTTP deflate (compression) using libz 1.2.8
LogInit:  - other features:
LogInit:      CURL_VERSION_SSL
LogInit:      CURL_VERSION_LIBZ
LogInit:      CURL_VERSION_IPV6
LogInit:      CURL_VERSION_ASYNCHDNS
LogInit:      CURL_VERSION_LARGEFILE
LogInit:      CURL_VERSION_IDN
LogInit:  CurlRequestOptions (configurable via config and command line):
LogInit:  - bVerifyPeer = false  - Libcurl will NOT verify peer certificate
LogInit:  - bUseHttpProxy = false  - Libcurl will NOT use HTTP proxy
LogInit:  - bDontReuseConnections = false  - Libcurl will reuse connections
LogInit:  - CertBundlePath = nullptr  - Libcurl will use whatever was configured at build time.
LogInit:  - MaxHostConnections = 16  - Libcurl will limit the number of connections to a host
LogInit:  - LocalHostAddr = Default
LogInit:  - BufferSize = 65536
LogInit: WinSock: version 1.1 (2.2), MaxSocks=32767, MaxUdp=65467
LogInit: Build: ++UE4+Release-4.20-CL-4369336
LogInit: Engine Version: 4.20.3-4369336+++UE4+Release-4.20
LogInit: Compatible Engine Version: 4.20.0-4212847+++UE4+Release-4.20
LogInit: Net CL: 4212847
LogInit: OS: Windows 7 (Service Pack 1), CPU: Intel(R) Core(TM) i5-4670 CPU @ 3.40GHz, GPU: NVIDIA GeForce GTX 960
LogInit: Compiled (64-bit): Sep 17 2018 12:26:19
LogInit: Compiled with Visual C++: 19.13.26129.00
LogInit: Build Configuration: Development
LogInit: Branch Name: ++UE4+Release-4.20
LogInit: Command Line: 
LogInit: Base Directory: E:/Unreal engine/UE_4.20/Engine/Binaries/Win64/
LogInit: Installed Engine Build: 1
LogDevObjectVersion: Number of dev versions registered: 20
LogDevObjectVersion:   Dev-Blueprints (B0D832E4-1F89-4F0D-ACCF-7EB736FD4AA2): 10
LogDevObjectVersion:   Dev-Build (E1C64328-A22C-4D53-A36C-8E866417BD8C): 0
LogDevObjectVersion:   Dev-Core (375EC13C-06E4-48FB-B500-84F0262A717E): 2
LogDevObjectVersion:   Dev-Editor (E4B068ED-F494-42E9-A231-DA0B2E46BB41): 24
LogDevObjectVersion:   Dev-Framework (CFFC743F-43B0-4480-9391-14DF171D2073): 34
LogDevObjectVersion:   Dev-Mobile (B02B49B5-BB20-44E9-A304-32B752E40360): 2
LogDevObjectVersion:   Dev-Networking (A4E4105C-59A1-49B5-A7C5-40C4547EDFEE): 0
LogDevObjectVersion:   Dev-Online (39C831C9-5AE6-47DC-9A44-9C173E1C8E7C): 0
LogDevObjectVersion:   Dev-Physics (78F01B33-EBEA-4F98-B9B4-84EACCB95AA2): 0
LogDevObjectVersion:   Dev-Platform (6631380F-2D4D-43E0-8009-CF276956A95A): 0
LogDevObjectVersion:   Dev-Rendering (12F88B9F-8875-4AFC-A67C-D90C383ABD29): 26
LogDevObjectVersion:   Dev-Sequencer (7B5AE74C-D270-4C10-A958-57980B212A5A): 9
LogDevObjectVersion:   Dev-VR (D7296918-1DD6-4BDD-9DE2-64A83CC13884): 2
LogDevObjectVersion:   Dev-LoadTimes (C2A15278-BFE7-4AFE-6C17-90FF531DF755): 1
LogDevObjectVersion:   Private-Geometry (6EACA3D4-40EC-4CC1-B786-8BED09428FC5): 3
LogDevObjectVersion:   Dev-AnimPhys (29E575DD-E0A3-4627-9D10-D276232CDCEA): 17
LogDevObjectVersion:   Dev-ReflectionCapture (6B266CEC-1EC7-4B8F-A30B-E4D90942FC07): 1
LogDevObjectVersion:   Dev-Automation (0DF73D61-A23F-47EA-B727-89E90C41499A): 1
LogDevObjectVersion:   FortniteMain (601D1886-AC64-4F84-AA16-D3DE0DEAC7D6): 12
LogDevObjectVersion:   Dev-Enterprise (9DFFBCD6-494F-0158-E221-12823C92A888): 1
LogStreaming: Display: Took  0.082s to delete old logs.
LogInit: Presizing for max 8388607 objects, including 0 objects not considered by GC, pre-allocating 0 bytes for permanent pool.
LogInit: Object subsystem initialized
[2018.11.22-10.38.26:529][  0]LogInit: Selected Device Profile: [Windows]
[2018.11.22-10.38.26:529][  0]LogInit: Applying CVar settings loaded from the selected device profile: [Windows]
[2018.11.22-10.38.26:551][  0]LogHAL: Display: Platform has ~ 12 GB [12826193920 / 17179869184 / 12], which maps to Larger [LargestMinGB=32, LargerMinGB=12, DefaultMinGB=8, SmallerMinGB=6, SmallestMinGB=0)
[2018.11.22-10.38.26:552][  0]LogInit: Setting Device Profile CVar: [[r.Vulkan.UseRealUBs:1]]
[2018.11.22-10.38.26:552][  0]LogInit: Going up to parent DeviceProfile []
[2018.11.22-10.38.26:552][  0]LogInit: Computer: ДЕНИС-ПК
[2018.11.22-10.38.26:552][  0]LogInit: User: Денис
[2018.11.22-10.38.26:552][  0]LogInit: CPU Page size=4096, Cores=4
[2018.11.22-10.38.26:552][  0]LogInit: High frequency timer resolution =3.320371 MHz
[2018.11.22-10.38.26:552][  0]LogMemory: Memory total: Physical=11.9GB (12GB approx)
[2018.11.22-10.38.26:552][  0]LogMemory: Platform Memory Stats for Windows
[2018.11.22-10.38.26:552][  0]LogMemory: Process Physical Memory: 102.25 MB used, 102.25 MB peak
[2018.11.22-10.38.26:552][  0]LogMemory: Process Virtual Memory: 87.14 MB used, 87.14 MB peak
[2018.11.22-10.38.26:552][  0]LogMemory: Physical Memory: 5094.25 MB used,  7137.77 MB free, 12232.01 MB total
[2018.11.22-10.38.26:552][  0]LogMemory: Virtual Memory: 474.99 MB used,  7137.77 MB free, 8388608.00 MB total
[2018.11.22-10.38.26:582][  0]LogInit: Using OS detected language (ru-RU).
[2018.11.22-10.38.26:582][  0]LogInit: Using OS detected locale (ru-RU).
[2018.11.22-10.38.26:582][  0]LogTextLocalizationManager: No specific localization for 'ru-RU' exists, so the 'ru' localization will be used.
[2018.11.22-10.38.26:584][  0]LogStreaming: Display: Took  0.003s to InitEngineTextLocalization.
[2018.11.22-10.38.26:585][  0]LogWindows: Failed to load 'shcore.dll' (GetLastError=126)
[2018.11.22-10.38.26:585][  0]LogWindows: File 'shcore.dll' does not exist
[2018.11.22-10.38.26:585][  0]LogInit: Setting process to DPI aware
[2018.11.22-10.38.26:628][  0]LogSlate: New Slate User Created.  User Index 0, Is Virtual User: 0
[2018.11.22-10.38.26:628][  0]LogSlate: Slate User Registered.  User Index 0, Is Virtual User: 0
[2018.11.22-10.38.26:884][  0]LogHMD: Failed to initialize OpenVR with code 110
[2018.11.22-10.38.26:884][  0]LogD3D11RHI: D3D11 adapters:
[2018.11.22-10.38.26:914][  0]LogD3D11RHI:    0. 'NVIDIA GeForce GTX 960' (Feature Level 11_0)
[2018.11.22-10.38.26:915][  0]LogD3D11RHI:       1960/0/5860 MB DedicatedVideo/DedicatedSystem/SharedSystem, Outputs:2, VendorId:0x10de
[2018.11.22-10.38.26:915][  0]LogD3D11RHI: Chosen D3D11 Adapter: 0
[2018.11.22-10.38.26:919][  0]LogD3D11RHI: Creating new Direct3DDevice
[2018.11.22-10.38.26:919][  0]LogD3D11RHI:     GPU DeviceId: 0x1401 (for the marketing name, search the web for "GPU Device Id")
[2018.11.22-10.38.26:919][  0]LogWindows: EnumDisplayDevices:
[2018.11.22-10.38.26:919][  0]LogWindows:    0. 'NVIDIA GeForce GTX 960' (P:1 D:1)
[2018.11.22-10.38.26:919][  0]LogWindows:    1. 'NVIDIA GeForce GTX 960' (P:0 D:1)
[2018.11.22-10.38.26:919][  0]LogWindows:    2. 'NVIDIA GeForce GTX 960' (P:0 D:0)
[2018.11.22-10.38.26:919][  0]LogWindows:    3. 'NVIDIA GeForce GTX 960' (P:0 D:0)
[2018.11.22-10.38.26:919][  0]LogWindows:    4. 'RDPDD Chained DD' (P:0 D:0)
[2018.11.22-10.38.26:919][  0]LogWindows:    5. 'RDP Encoder Mirror Driver' (P:0 D:0)
[2018.11.22-10.38.26:919][  0]LogWindows:    6. 'RDP Reflector Display Driver' (P:0 D:0)
[2018.11.22-10.38.26:919][  0]LogWindows: DebugString: GetVideoDriverDetailsInvalid PrimaryIsNotTheChoosenAdapter GetVideoDriverDetailsInvalid PrimaryIsNotTheChoosenAdapter GetVideoDriverDetailsInvalid PrimaryIsNotTheChoosenAdapter FoundDriverCount:4 
[2018.11.22-10.38.26:919][  0]LogD3D11RHI:     Adapter Name: NVIDIA GeForce GTX 960
[2018.11.22-10.38.26:919][  0]LogD3D11RHI:   Driver Version: 416.94 (internal:25.21.14.1694, unified:416.94)
[2018.11.22-10.38.26:919][  0]LogD3D11RHI:      Driver Date: 11-12-2018
[2018.11.22-10.38.26:919][  0]LogRHI: Texture pool is 1372 MB (70% of 1960 MB)
[2018.11.22-10.38.26:936][  0]LogD3D11RHI: Async texture creation enabled
[2018.11.22-10.38.26:955][  0]LogD3D11RHI: GPU Timing Frequency: 1000.000000 (Debug: 2 2)
[2018.11.22-10.38.27:003][  0]LogShaderCompilers: Guid format shader working directory is -29 characters bigger than the processId version (../../../../../Разработка/Вoundary Tree/Project/The-boundary-tree/MyProject/Intermediate/Shaders/WorkingDirectory/6644/).
[2018.11.22-10.38.27:003][  0]LogShaderCompilers: Cleaned the shader compiler working directory 'C:/Users/Денис/AppData/Local/Temp/UnrealShaderWorkingDir/40068B6E456468CD298CE4A2676479E0/'.
[2018.11.22-10.38.27:200][  0]LogTemp: Display: Loaded TP AllDesktopTargetPlatform
[2018.11.22-10.38.27:213][  0]LogTemp: Display: Loaded TP MacClientTargetPlatform
[2018.11.22-10.38.27:226][  0]LogTemp: Display: Loaded TP MacNoEditorTargetPlatform
[2018.11.22-10.38.27:240][  0]LogTemp: Display: Loaded TP MacServerTargetPlatform
[2018.11.22-10.38.27:254][  0]LogTemp: Display: Loaded TP MacTargetPlatform
[2018.11.22-10.38.27:268][  0]LogTemp: Display: Loaded TP WindowsClientTargetPlatform
[2018.11.22-10.38.27:282][  0]LogTemp: Display: Loaded TP WindowsNoEditorTargetPlatform
[2018.11.22-10.38.27:296][  0]LogTemp: Display: Loaded TP WindowsServerTargetPlatform
[2018.11.22-10.38.27:302][  0]LogTemp: Display: Loaded TP WindowsTargetPlatform
[2018.11.22-10.38.27:383][  0]LogTemp: Display: Loaded TP AndroidTargetPlatform
[2018.11.22-10.38.27:383][  0]LogTemp: Display: Loaded TP AndroidTargetPlatform
[2018.11.22-10.38.27:383][  0]LogTemp: Display: Loaded TP AndroidTargetPlatform
[2018.11.22-10.38.27:383][  0]LogTemp: Display: Loaded TP AndroidTargetPlatform
[2018.11.22-10.38.27:383][  0]LogTemp: Display: Loaded TP AndroidTargetPlatform
[2018.11.22-10.38.27:383][  0]LogTemp: Display: Loaded TP AndroidTargetPlatform
[2018.11.22-10.38.27:383][  0]LogTemp: Display: Loaded TP AndroidTargetPlatform
[2018.11.22-10.38.27:383][  0]LogTemp: Display: Loaded TP AndroidTargetPlatform
[2018.11.22-10.38.27:383][  0]LogTemp: Display: Loaded TP AndroidTargetPlatform
[2018.11.22-10.38.27:383][  0]LogTemp: Display: Loaded TP AndroidTargetPlatform
[2018.11.22-10.38.27:383][  0]LogTemp: Display: Loaded TP AndroidTargetPlatform
[2018.11.22-10.38.27:383][  0]LogTemp: Display: Loaded TP AndroidTargetPlatform
[2018.11.22-10.38.27:383][  0]LogTemp: Display: Loaded TP AndroidTargetPlatform
[2018.11.22-10.38.27:383][  0]LogTemp: Display: Loaded TP AndroidTargetPlatform
[2018.11.22-10.38.27:383][  0]LogTemp: Display: Loaded TP AndroidTargetPlatform
[2018.11.22-10.38.27:383][  0]LogTemp: Display: Loaded TP AndroidTargetPlatform
[2018.11.22-10.38.27:383][  0]LogTemp: Display: Loaded TP AndroidTargetPlatform
[2018.11.22-10.38.27:383][  0]LogTemp: Display: Loaded TP AndroidTargetPlatform
[2018.11.22-10.38.27:384][  0]LogTemp: Display: Loaded TP HTML5TargetPlatform
[2018.11.22-10.38.27:443][  0]LogTemp: Display: Loaded TP IOSTargetPlatform
[2018.11.22-10.38.27:443][  0]LogTemp: Display: Loaded TP IOSTargetPlatform
[2018.11.22-10.38.27:468][  0]LogTemp: Display: Loaded TP TVOSTargetPlatform
[2018.11.22-10.38.27:468][  0]LogTemp: Display: Loaded TP TVOSTargetPlatform
[2018.11.22-10.38.27:480][  0]LogTemp: Display: Loaded TP LinuxClientTargetPlatform
[2018.11.22-10.38.27:494][  0]LogTemp: Display: Loaded TP LinuxNoEditorTargetPlatform
[2018.11.22-10.38.27:506][  0]LogTemp: Display: Loaded TP LinuxServerTargetPlatform
[2018.11.22-10.38.27:519][  0]LogTemp: Display: Loaded TP LinuxTargetPlatform
[2018.11.22-10.38.27:528][  0]LogTemp: Display: Loaded TP LuminTargetPlatform
[2018.11.22-10.38.27:528][  0]LogTargetPlatformManager: Display: Building Assets For Windows
[2018.11.22-10.38.27:573][  0]LogXGEController: Cannot use XGE Controller as Incredibuild is not installed on this machine.
[2018.11.22-10.38.27:573][  0]LogShaderCompilers: Cannot use XGE Shader Compiler as Incredibuild is not installed on this machine.
[2018.11.22-10.38.27:573][  0]LogShaderCompilers: Display: Using Local Shader Compiler.
[2018.11.22-10.38.28:247][  0]LogDerivedDataCache: Display: Max Cache Size: 512 MB
[2018.11.22-10.38.28:308][  0]LogDerivedDataCache: Loaded boot cache 0.06s 71MB C:/Users/Денис/AppData/Local/UnrealEngine/4.20/DerivedDataCache/Boot.ddc.
[2018.11.22-10.38.28:309][  0]LogDerivedDataCache: Display: Loaded Boot cache: C:/Users/Денис/AppData/Local/UnrealEngine/4.20/DerivedDataCache/Boot.ddc
[2018.11.22-10.38.28:309][  0]LogDerivedDataCache: FDerivedDataBackendGraph:  Pak pak cache file ../../../../../Разработка/Вoundary Tree/Project/The-boundary-tree/MyProject/DerivedDataCache/DDC.ddp not found, will not use a pak cache.
[2018.11.22-10.38.28:309][  0]LogDerivedDataCache: Unable to find inner node Pak for hierarchical cache Hierarchy.
[2018.11.22-10.38.28:309][  0]LogDerivedDataCache: FDerivedDataBackendGraph:  CompressedPak pak cache file ../../../../../Разработка/Вoundary Tree/Project/The-boundary-tree/MyProject/DerivedDataCache/Compressed.ddp not found, will not use a pak cache.
[2018.11.22-10.38.28:309][  0]LogDerivedDataCache: Unable to find inner node CompressedPak for hierarchical cache Hierarchy.
[2018.11.22-10.38.28:321][  0]LogDerivedDataCache: Display: Pak cache opened for reading ../../../Engine/DerivedDataCache/Compressed.ddp.
[2018.11.22-10.38.28:333][  0]LogDerivedDataCache: Using Local data cache path C:/Users/Денис/AppData/Local/UnrealEngine/Common/DerivedDataCache: Writable
[2018.11.22-10.38.28:333][  0]LogDerivedDataCache: Shared data cache path not found in *engine.ini, will not use an Shared cache.
[2018.11.22-10.38.28:333][  0]LogDerivedDataCache: Unable to find inner node Shared for hierarchical cache Hierarchy.
[2018.11.22-10.38.28:350][  0]LogMaterial: Verifying Global Shaders for PCD3D_SM5
[2018.11.22-10.38.28:352][  0]LogSlate: Using FreeType 2.6.0
[2018.11.22-10.38.28:353][  0]LogSlate: SlateFontServices - WITH_FREETYPE: 1, WITH_HARFBUZZ: 1
[2018.11.22-10.38.28:441][  0]LogAssetRegistry: FAssetRegistry took 0.0245 seconds to start up
[2018.11.22-10.38.28:727][  0]LogInit: Selected Device Profile: [Windows]
[2018.11.22-10.38.28:850][  0]LogSimplygon: Simplygon DLL not present - disabling.
[2018.11.22-10.38.28:852][  0]LogMeshReduction: Using SimplygonSwarm for distributed automatic mesh merging
[2018.11.22-10.38.28:852][  0]LogMeshReduction: Using ProxyLODMeshReduction for automatic mesh merging
[2018.11.22-10.38.28:852][  0]LogMeshReduction: Using QuadricMeshReduction for automatic static mesh reduction
[2018.11.22-10.38.28:852][  0]LogMeshReduction: No automatic skeletal mesh reduction module available
[2018.11.22-10.38.28:870][  0]LogNetVersion: MyProject 1.0.0, NetCL: 4212847, EngineNetVer: 5, GameNetVer: 0 (Checksum: 1110078900)
[2018.11.22-10.38.28:931][  0]LogObj: Error: LoadConfig (/Script/Engine.Default__RendererSettings): import failed for bEnableAlphaChannelInPostProcessing in: False
[2018.11.22-10.38.29:543][  0]LogPackageLocalizationCache: Processed 11 localized package path(s) for 2 prioritized culture(s) in 0.213106 seconds
[2018.11.22-10.38.29:550][  0]LogUObjectArray: 38425 objects as part of root set at end of initial load.
[2018.11.22-10.38.29:550][  0]LogUObjectAllocator: 6690872 out of 0 bytes used by permanent object pool.
[2018.11.22-10.38.29:550][  0]LogUObjectArray: CloseDisregardForGC: 0/0 objects in disregard for GC pool
[2018.11.22-10.38.30:456][  0]LogTcpMessaging: Initializing TcpMessaging bridge
[2018.11.22-10.38.30:468][  0]LogUdpMessaging: Initializing bridge on interface 0.0.0.0:0 to multicast group 230.0.0.1:6666.
[2018.11.22-10.38.30:710][  0]SourceControl: Source control is disabled
[2018.11.22-10.38.30:710][  0]SourceControl: Source control is disabled
[2018.11.22-10.38.30:713][  0]SourceControl: Source control is disabled
[2018.11.22-10.38.30:714][  0]SourceControl: Source control is disabled
[2018.11.22-10.38.31:001][  0]LogAndroidPermission: UAndroidPermissionCallbackProxy::GetInstance
[2018.11.22-10.38.31:100][  0]LogOcInput: OculusInput pre-init called
[2018.11.22-10.38.31:188][  0]LogEngine: Initializing Engine...
[2018.11.22-10.38.31:189][  0]LogHMD: Failed to initialize OpenVR with code 110
[2018.11.22-10.38.31:192][  0]LogStats: UGameplayTagsManager::ConstructGameplayTagTree: ImportINI prefixes -  0.000 s
[2018.11.22-10.38.31:192][  0]LogStats: UGameplayTagsManager::ConstructGameplayTagTree: Construct from data asset -  0.000 s
[2018.11.22-10.38.31:192][  0]LogStats: UGameplayTagsManager::ConstructGameplayTagTree: ImportINI -  0.000 s
[2018.11.22-10.38.31:192][  0]LogStats: UGameplayTagsManager::ConstructGameplayTagTree: GameplayTagTreeChangedEvent.Broadcast -  0.000 s
[2018.11.22-10.38.31:407][  0]LogInit: Initializing FReadOnlyCVARCache
[2018.11.22-10.38.31:420][  0]LogAIModule: Creating AISystem for world Untitled
[2018.11.22-10.38.31:432][  0]LogInit: XAudio2 using 'Динамики (Realtek High Definition Audio)' : 2 channels at 48 kHz using 16 bits per sample (channel mask 0x3)
[2018.11.22-10.38.31:443][  0]LogInit: FAudioDevice initialized.
[2018.11.22-10.38.31:444][  0]LogNetVersion: Set ProjectVersion to 1.0.0.0. Version Checksum will be recalculated on next use.
[2018.11.22-10.38.31:515][  0]LogDerivedDataCache: Saved boot cache 0.07s 71MB C:/Users/Денис/AppData/Local/UnrealEngine/4.20/DerivedDataCache/Boot.ddc.
[2018.11.22-10.38.31:521][  0]LogInit: Texture streaming: Enabled
[2018.11.22-10.38.31:536][  0]LogEngineSessionManager: EngineSessionManager initialized
[2018.11.22-10.38.31:543][  0]LogInit: Transaction tracking system initialized
[2018.11.22-10.38.31:562][  0]BlueprintLog: New page: Editor Load
[2018.11.22-10.38.31:621][  0]LocalizationService: Localization service is disabled
[2018.11.22-10.38.31:971][  0]LogCook: Display: Max memory allowance for cook 16384mb min free memory 0mb
[2018.11.22-10.38.31:972][  0]LogCook: Display: Mobile HDR setting 1
[2018.11.22-10.38.31:972][  0]LogGameplayTags: Display: UGameplayTagsManager::DoneAddingNativeTags. DelegateIsBound: 0
[2018.11.22-10.38.31:972][  0]LogStats: UGameplayTagsManager::ConstructGameplayTagTree: ImportINI prefixes -  0.000 s
[2018.11.22-10.38.31:972][  0]LogStats: UGameplayTagsManager::ConstructGameplayTagTree: Construct from data asset -  0.000 s
[2018.11.22-10.38.31:972][  0]LogStats: UGameplayTagsManager::ConstructGameplayTagTree: ImportINI -  0.000 s
[2018.11.22-10.38.31:972][  0]LogStats: UGameplayTagsManager::ConstructGameplayTagTree: GameplayTagTreeChangedEvent.Broadcast -  0.000 s
[2018.11.22-10.38.32:122][  0]LogFileCache: Scanning file cache for directory 'E:/Разработка/Вoundary Tree/Project/The-boundary-tree/MyProject/Content/' took 0.03s
[2018.11.22-10.38.32:122][  0]SourceControl: Source control is disabled
[2018.11.22-10.38.32:122][  0]Cmd: MAP LOAD FILE="../../../../../Разработка/Вoundary Tree/Project/The-boundary-tree/MyProject/Content/Maps/Menu_Intro.umap" TEMPLATE=0 SHOWPROGRESS=1 FEATURELEVEL=3
[2018.11.22-10.38.32:179][  0]LightingResults: New page: Lighting Build
[2018.11.22-10.38.32:187][  0]MapCheck: New page: Map Check
[2018.11.22-10.38.32:187][  0]LightingResults: New page: Lighting Build
[2018.11.22-10.38.34:787][  0]LogMaterial: Display: Missing cached shader map for material Material__4, compiling. 
[2018.11.22-10.38.34:804][  0]LogMaterial: Warning: E:\Разработка\Вoundary Tree\Project\The-boundary-tree\MyProject\Content\Menu_Intro\LevelElements\TheBook\Material__4.uasset: Failed to compile Material for platform PCD3D_SM5, Default Material will be used in game.
[2018.11.22-10.38.34:804][  0]LogMaterial: 	(Node TextureSample) Texture Sample> Missing input texture
[2018.11.22-10.38.34:966][  0]LogAIModule: Creating AISystem for world Menu_Intro
[2018.11.22-10.38.35:065][  0]LogEditorServer: Finished looking for orphan Actors (0.000 secs)
[2018.11.22-10.38.35:087][  0]Cmd: MAP CHECKDEP NOCLEARLOG
[2018.11.22-10.38.35:156][  0]MapCheck: Map check complete: 0 Error(s), 0 Warning(s), took 68,439ms to complete.
[2018.11.22-10.38.35:156][  0]LogFileHelpers: Loading map 'Menu_Intro' took 3.033
[2018.11.22-10.38.35:585][  0]LogSlate: Updating window title bar state: overlay mode, drag disabled, window buttons hidden, title bar hidden
[2018.11.22-10.38.35:603][  0]LogSlate: Updating window title bar state: overlay mode, drag disabled, window buttons hidden, title bar hidden
[2018.11.22-10.38.35:619][  0]LogSlate: Updating window title bar state: overlay mode, drag disabled, window buttons hidden, title bar hidden
[2018.11.22-10.38.35:627][  0]LogSlate: Updating window title bar state: overlay mode, drag disabled, window buttons hidden, title bar hidden
[2018.11.22-10.38.35:700][  0]LogCollectionManager: Loaded 0 collections in 0.013815 seconds
[2018.11.22-10.38.35:801][  0]LogFileCache: Scanning file cache for directory 'E:/Разработка/Вoundary Tree/Project/The-boundary-tree/MyProject/Saved/Collections/' took 0.01s
[2018.11.22-10.38.35:801][  0]LogFileCache: Scanning file cache for directory 'E:/Разработка/Вoundary Tree/Project/The-boundary-tree/MyProject/Content/Developers/Денис/Collections/' took 0.01s
[2018.11.22-10.38.35:801][  0]LogFileCache: Scanning file cache for directory 'E:/Разработка/Вoundary Tree/Project/The-boundary-tree/MyProject/Content/Collections/' took 0.01s
[2018.11.22-10.38.35:801][  0]LogCollectionManager: Rebuilt the GUID cache for 0 collections in 0.000000 seconds
[2018.11.22-10.38.35:815][  0]LogContentBrowser: Native class hierarchy populated in 0.0117 seconds. Added 2575 classes and 605 folders.
[2018.11.22-10.38.35:870][  0]LogContentBrowser: Native class hierarchy updated for 'WidgetCarousel' in 0.0003 seconds. Added 0 classes and 0 folders.
[2018.11.22-10.38.36:612][  0]LogContentBrowser: Native class hierarchy updated for 'AddContentDialog' in 0.0003 seconds. Added 0 classes and 0 folders.
[2018.11.22-10.38.36:644][  0]LogContentBrowser: Native class hierarchy updated for 'SceneOutliner' in 0.0003 seconds. Added 1 classes and 2 folders.
[2018.11.22-10.38.37:445][  0]LogContentBrowser: Native class hierarchy updated for 'HierarchicalLODOutliner' in 0.0006 seconds. Added 0 classes and 0 folders.
[2018.11.22-10.38.37:445][  0]LogLoad: (Engine Initialization) Total time: 13.21 seconds
[2018.11.22-10.38.37:445][  0]LogLoad: (Engine Initialization) Total Blueprint compile time: 0.00 seconds
[2018.11.22-10.38.37:534][  0]LogContentStreaming: Texture pool size now 1000 MB
[2018.11.22-10.38.37:536][  0]LogSlate: Took 0.000493 seconds to synchronously load lazily loaded font '../../../Engine/Content/Slate/Fonts/Roboto-Regular.ttf' (155K)
[2018.11.22-10.38.37:540][  0]LogSlate: Took 0.000478 seconds to synchronously load lazily loaded font '../../../Engine/Content/Slate/Fonts/Roboto-Bold.ttf' (160K)
[2018.11.22-10.38.37:561][  0]LogSlate: Took 0.013480 seconds to synchronously load lazily loaded font '../../../Engine/Content/Editor/Slate/Fonts/FontAwesome.ttf' (139K)
[2018.11.22-10.38.37:984][  0]LogRenderer: Reallocating scene render targets to support 804x468 Format 10 NumSamples 1 (Frame:1).
[2018.11.22-10.38.37:984][  0]LogSlate: Took 0.047030 seconds to synchronously load lazily loaded font '../../../Engine/Content/Slate/Fonts/Roboto-Light.ttf' (167K)
[2018.11.22-10.38.38:316][  2]LogAssetRegistry: Asset discovery search completed in 9.8960 seconds
[2018.11.22-10.38.38:335][  2]LogCollectionManager: Rebuilt the object cache for 0 collections in 0.000000 seconds (found 0 objects)
[2018.11.22-10.38.38:335][  2]LogCollectionManager: Fixed up redirectors for 0 collections in 0.000053 seconds (updated 0 objects)
[2018.11.22-10.38.44:005][ 74]LogRenderer: Reallocating scene render targets to support 1208x628 Format 10 NumSamples 1 (Frame:61).
[2018.11.22-10.38.45:627][143]LogSlate: FSceneViewport::OnFocusLost() reason 0
[2018.11.22-10.38.48:742][291]LogEditorViewport: Clicking on Actor (LMB): SlidingBook_C (SlidingBook_413)
[2018.11.22-10.38.49:325][308]LogEditorViewport: Clicking on Actor (LMB): MeshCollab_BookShell_C (MeshCollab_BookShell)
[2018.11.22-10.38.51:342][422]LogSlate: FSceneViewport::OnFocusLost() reason 0
[2018.11.22-10.38.51:453][428]LogSlate: Took 0.000233 seconds to synchronously load lazily loaded font '../../../Engine/Content/Slate/Fonts/Roboto-Light.ttf' (167K)
[2018.11.22-10.38.51:459][428]LogAssetEditorManager: Opening Asset editor for Blueprint /Game/Menu_Intro/LevelElements/BookShelf/MeshCollab_BookShell.MeshCollab_BookShell
[2018.11.22-10.38.52:036][428]LogLinker: Warning: Can't find file '/Game/2DSideScrollerBP/Book/Book_1/Book_POS'
[2018.11.22-10.38.52:036][428]LoadErrors: Failed to load /Game/2DSideScrollerBP/Book/Book_1/Book_POS.Book_POS Referenced by Book_POS_GEN_VARIABLE
[2018.11.22-10.38.52:036][428]LogLinker: Warning: Can't find file for asset '/Game/2DSideScrollerBP/Book/Book_1/Book_POS' while loading ../../Plugins/Enterprise/DatasmithContent/Content/Blueprints/FBXImporter/BP_SceneNode.uasset.
[2018.11.22-10.38.52:036][428]LoadErrors: Error: /DatasmithContent/Blueprints/FBXImporter/BP_SceneNode : Can't find file for asset. /Game/2DSideScrollerBP/Book/Book_1/Book_POS
[2018.11.22-10.38.52:069][428]LogLinker: Warning: Can't find file '/Game/2DSideScrollerBP/Book/Book_1/Book_POS'
[2018.11.22-10.38.52:069][428]LogLinker: Warning: Can't find file for asset '/Game/2DSideScrollerBP/Book/Book_1/Book_POS' while loading ../../Plugins/Enterprise/DatasmithContent/Content/Blueprints/FBXImporter/BP_SceneNode.uasset.
[2018.11.22-10.38.52:070][428]LogLinker: Warning: Can't find file '/Game/2DSideScrollerBP/Book/Book_1/Book_POS'
[2018.11.22-10.38.52:070][428]LogLinker: Warning: Can't find file for asset '/Game/2DSideScrollerBP/Book/Book_1/Book_POS' while loading ../../Plugins/Enterprise/DatasmithContent/Content/Blueprints/FBXImporter/BP_SceneNode.uasset.
[2018.11.22-10.38.52:146][428]LogLinker: Warning: Can't find file '/Game/2DSideScrollerBP/Book/Book_1/Book_POS'
[2018.11.22-10.38.52:146][428]LogLinker: Warning: Can't find file for asset '/Game/2DSideScrollerBP/Book/Book_1/Book_POS' while loading ../../Plugins/Enterprise/DatasmithContent/Content/Blueprints/FBXImporter/BP_SceneNode.uasset.
[2018.11.22-10.38.52:146][428]LogLinker: Warning: Can't find file '/Game/2DSideScrollerBP/Book/Book_1/Book_POS'
[2018.11.22-10.38.52:146][428]LogLinker: Warning: Can't find file for asset '/Game/2DSideScrollerBP/Book/Book_1/Book_POS' while loading ../../Plugins/Enterprise/DatasmithContent/Content/Blueprints/FBXImporter/BP_SceneNode.uasset.
[2018.11.22-10.38.52:465][428]LogContentBrowser: Native class hierarchy updated for 'BlueprintGraph' in 0.0009 seconds. Added 116 classes and 0 folders.
[2018.11.22-10.38.53:667][428]LogSlate: Took 0.008064 seconds to synchronously load lazily loaded font '../../../Engine/Content/Slate/Fonts/Roboto-BoldCondensed.ttf' (158K)
[2018.11.22-10.38.59:067][506]LogSlate: Took 0.007251 seconds to synchronously load lazily loaded font '../../../Engine/Content/Slate/Fonts/Roboto-Italic.ttf' (157K)
[2018.11.22-10.39.11:770][912]LogRenderer: Reallocating scene render targets to support 1208x712 Format 10 NumSamples 1 (Frame:398).
[2018.11.22-10.39.56:495][ 36]LogSlate: FSceneViewport::OnFocusLost() reason 0
[2018.11.22-10.39.57:260][ 74]LogSlate: Window 'MeshCollab_BookShell' being destroyed
[2018.11.22-10.40.43:498][117]LogAssetEditorManager: Opening Asset editor for StaticMesh /Game/Menu_Intro/LevelElements/BookShelf/AssembledMesh_BookShell.AssembledMesh_BookShell
[2018.11.22-10.40.44:594][118]LogRenderer: Reallocating scene render targets to support 1432x924 Format 10 NumSamples 1 (Frame:1).
[2018.11.22-10.41.13:596][398]LogSlate: FSceneViewport::OnFocusLost() reason 0
[2018.11.22-10.41.31:666][107]LogStaticMesh: Building static mesh Shelf_2_Shelf_6...
[2018.11.22-10.41.31:735][107]LogStaticMesh: Built static mesh [0.07s] /Game/Menu_Intro/LevelElements/BookShelf/Shelf_2_Shelf_6.Shelf_2_Shelf_6
[2018.11.22-10.42.16:995][787]LogActorFactory: Actor Factory created Shelf_2_Shelf_1
[2018.11.22-10.42.17:000][787]LogActorFactory: Actor Factory created Shelf_2_Shelf_2
[2018.11.22-10.42.17:001][787]LogActorFactory: Actor Factory created Shelf_2_Shelf_3
[2018.11.22-10.42.17:001][787]LogActorFactory: Actor Factory created Shelf_2_Shelf_4
[2018.11.22-10.42.17:002][787]LogActorFactory: Actor Factory created Shelf_2_Shelf_5
[2018.11.22-10.42.17:002][787]LogActorFactory: Actor Factory created Shelf_2_Shelf_6
[2018.11.22-10.42.17:003][787]LogActorFactory: Actor Factory created Shelf_2_Shelf_7
[2018.11.22-10.42.17:906][816]LogActorFactory: Actor Factory created Shelf_2_Shelf_1
[2018.11.22-10.42.17:929][816]LogActorFactory: Actor Factory created Shelf_2_Shelf_2
[2018.11.22-10.42.17:951][816]LogActorFactory: Actor Factory created Shelf_2_Shelf_3
[2018.11.22-10.42.17:975][816]LogActorFactory: Actor Factory created Shelf_2_Shelf_4
[2018.11.22-10.42.17:997][816]LogActorFactory: Actor Factory created Shelf_2_Shelf_5
[2018.11.22-10.42.18:020][816]LogActorFactory: Actor Factory created Shelf_2_Shelf_6
[2018.11.22-10.42.18:044][816]LogActorFactory: Actor Factory created Shelf_2_Shelf_7
[2018.11.22-10.42.27:567][184]LogSlate: FSceneViewport::OnFocusLost() reason 0
[2018.11.22-10.42.59:832][169]LogSlate: Window 'Choose New StaticMesh Location' being destroyed
[2018.11.22-10.42.59:890][169]LogStaticMesh: Building static mesh StaticMesh...
[2018.11.22-10.42.59:940][169]LogStaticMesh: Built static mesh [0.05s] /Game/Menu_Intro/LevelElements/BookShelf/StaticMesh.StaticMesh
[2018.11.22-10.43.35:110][699]LogSavePackage: Moving '../../../../../Разработка/Вoundary Tree/Project/The-boundary-tree/MyProject/Saved/AssembledMesh_BookShell_152C1629B4C1132175B24DBA86B4C0646.tmp' to '../../../../../Разработка/Вoundary Tree/Project/The-boundary-tree/MyProject/Content/Menu_Intro/LevelElements/BookShelf/AssembledMesh_BookShell_1.uasset'
[2018.11.22-10.43.40:787][916]LogSlate: FSceneViewport::OnFocusLost() reason 2
[2018.11.22-10.43.51:256][317]LogEditorViewport: Clicking on Actor (LMB): MeshCollab_BookShell_C (MeshCollab_BookShell)
[2018.11.22-10.43.52:106][342]LogEditorViewport: Clicking on Actor (LMB): StaticMeshActor (Shelf_2_Shelf_1)
[2018.11.22-10.43.54:299][408]Cmd: DELETE
[2018.11.22-10.43.54:299][408]Cmd: ACTOR DELETE
[2018.11.22-10.43.54:313][408]LogEditorActor: Deleted Actor: StaticMeshActor
[2018.11.22-10.43.54:349][408]LogEditorActor: Deleted 1 Actors (0.041 secs)
[2018.11.22-10.43.57:216][499]Cmd: TRANSACTION UNDO
[2018.11.22-10.43.57:216][499]LogEditorTransaction: Undo Delete Actors
[2018.11.22-10.44.01:035][625]LogSlate: FSceneViewport::OnFocusLost() reason 0
[2018.11.22-10.44.06:724][804]LogEditorActor: Deleted Actor: StaticMeshActor
[2018.11.22-10.44.06:726][804]LogEditorActor: Deleted Actor: StaticMeshActor
[2018.11.22-10.44.06:726][804]LogEditorActor: Deleted Actor: StaticMeshActor
[2018.11.22-10.44.06:727][804]LogEditorActor: Deleted Actor: StaticMeshActor
[2018.11.22-10.44.06:727][804]LogEditorActor: Deleted Actor: StaticMeshActor
[2018.11.22-10.44.06:728][804]LogEditorActor: Deleted Actor: StaticMeshActor
[2018.11.22-10.44.06:728][804]LogEditorActor: Deleted Actor: StaticMeshActor
[2018.11.22-10.44.06:759][804]LogEditorActor: Deleted 7 Actors (0.042 secs)
[2018.11.22-10.44.10:762][934]LogEditorViewport: Clicking on Actor (LMB): PostProcessVolume (PostProcess_BookShell)
[2018.11.22-10.44.13:082][  3]LogEditorViewport: Clicking on Actor (LMB): MeshCollab_BookShell_C (MeshCollab_BookShell)
[2018.11.22-10.44.14:717][ 52]LogSlate: FSceneViewport::OnFocusLost() reason 0
[2018.11.22-10.44.35:785][  5]LogSlate: FSceneViewport::OnFocusLost() reason 2
[2018.11.22-10.44.44:767][416]LogSlate: FSceneViewport::OnFocusLost() reason 0
[2018.11.22-10.44.57:550][ 77]LogSlate: FSceneViewport::OnFocusLost() reason 0
[2018.11.22-10.45.01:801][223]Cmd: TRANSACTION UNDO
[2018.11.22-10.45.01:801][223]LogEditorTransaction: Undo Rotate Actors
[2018.11.22-10.45.03:301][285]LogSlate: FSceneViewport::OnFocusLost() reason 0
[2018.11.22-10.45.11:257][728]LogSlate: FSceneViewport::OnFocusLost() reason 2
[2018.11.22-10.45.16:471][ 33]LogSlate: FSceneViewport::OnFocusLost() reason 2
[2018.11.22-10.45.28:621][493]LogSlate: FSceneViewport::OnFocusLost() reason 0
[2018.11.22-10.45.36:021][818]LogSlate: FSceneViewport::OnFocusLost() reason 0
[2018.11.22-10.45.51:585][539]LogSlate: FSceneViewport::OnFocusLost() reason 0
[2018.11.22-10.45.51:718][547]BlueprintLog: New page: Compile MeshCollab_BookShell
[2018.11.22-10.46.03:670][934]LogSlate: FSceneViewport::OnFocusLost() reason 0
[2018.11.22-10.46.03:736][937]LogTemp: Repeating last play command: Selected Viewport
[2018.11.22-10.46.03:776][937]LogBlueprintUserMessages: Early PlayInEditor Detection: Level '/Game/Maps/Menu_Intro.Menu_Intro:PersistentLevel' has LevelScriptBlueprint '/Game/Maps/Menu_Intro.Menu_Intro:PersistentLevel.Menu_Intro' with GeneratedClass '/Game/Maps/Menu_Intro.Menu_Intro_C' with ClassGeneratedBy '/Game/Maps/Menu_Intro.Menu_Intro:PersistentLevel.Menu_Intro'
[2018.11.22-10.46.03:776][937]BlueprintLog: New page: Pre-Play auto-recompile
[2018.11.22-10.46.03:778][937]LogPlayLevel: [PlayLevel] Compiling Menu_Intro before play...
[2018.11.22-10.46.03:922][937]LogPlayLevel: PlayLevel: Blueprint regeneration took 146 ms (1 blueprints)
[2018.11.22-10.46.03:955][937]PIE: New page: PIE session: Menu_Intro (23 нояб. 2018 г., 6:46:03)
[2018.11.22-10.46.03:955][937]LogPlayLevel: Creating play world package: /Game/Maps/UEDPIE_0_Menu_Intro
[2018.11.22-10.46.03:974][937]LogPlayLevel: PIE: StaticDuplicateObject took: (0.018830s)
[2018.11.22-10.46.03:975][937]LogAIModule: Creating AISystem for world Menu_Intro
[2018.11.22-10.46.03:975][937]LogPlayLevel: PIE: World Init took: (0.000998s)
[2018.11.22-10.46.03:975][937]LogPlayLevel: PIE: Created PIE world by copying editor world from /Game/Maps/Menu_Intro.Menu_Intro to /Game/Maps/UEDPIE_0_Menu_Intro.Menu_Intro (0.020328s)
[2018.11.22-10.46.04:009][937]LogInit: XAudio2 using 'Динамики (Realtek High Definition Audio)' : 2 channels at 48 kHz using 16 bits per sample (channel mask 0x3)
[2018.11.22-10.46.04:020][937]LogInit: FAudioDevice initialized.
[2018.11.22-10.46.04:062][937]LogLoad: Game class is 'GameMode_Intro_C'
[2018.11.22-10.46.04:071][937]LogWorld: Bringing World /Game/Maps/UEDPIE_0_Menu_Intro.Menu_Intro up for play (max tick rate 0) at 2018.11.22-20.46.04
[2018.11.22-10.46.04:079][937]LogWorld: Bringing up level for play took: 0.013982
[2018.11.22-10.46.04:131][937]LogContentBrowser: Native class hierarchy updated for 'MovieSceneCapture' in 0.0004 seconds. Added 10 classes and 0 folders.
[2018.11.22-10.46.04:151][937]PIE: Play in editor start time for /Game/Maps/UEDPIE_0_Menu_Intro -0,419
[2018.11.22-10.46.04:151][937]LogBlueprintUserMessages: Late PlayInEditor Detection: Level '/Game/Maps/Menu_Intro.Menu_Intro:PersistentLevel' has LevelScriptBlueprint '/Game/Maps/Menu_Intro.Menu_Intro:PersistentLevel.Menu_Intro' with GeneratedClass '/Game/Maps/Menu_Intro.Menu_Intro_C' with ClassGeneratedBy '/Game/Maps/Menu_Intro.Menu_Intro:PersistentLevel.Menu_Intro'
[2018.11.22-10.46.09:260][170]LogBlueprintUserMessages: [SlidingBook_401] Complete
[2018.11.22-10.46.12:054][304]LogBlueprintUserMessages: Early EndPlayMap Detection: Level '/Game/Maps/Menu_Intro.Menu_Intro:PersistentLevel' has LevelScriptBlueprint '/Game/Maps/Menu_Intro.Menu_Intro:PersistentLevel.Menu_Intro' with GeneratedClass '/Game/Maps/Menu_Intro.Menu_Intro_C' with ClassGeneratedBy '/Game/Maps/Menu_Intro.Menu_Intro:PersistentLevel.Menu_Intro'
[2018.11.22-10.46.12:061][304]LogSlate: Updating window title bar state: overlay mode, drag disabled, window buttons hidden, title bar hidden
[2018.11.22-10.46.12:096][304]LogPlayLevel: Display: Shutting down PIE online subsystems
[2018.11.22-10.46.12:097][304]LogBlueprintUserMessages: Late EndPlayMap Detection: Level '/Game/Maps/Menu_Intro.Menu_Intro:PersistentLevel' has LevelScriptBlueprint '/Game/Maps/Menu_Intro.Menu_Intro:PersistentLevel.Menu_Intro' with GeneratedClass '/Game/Maps/Menu_Intro.Menu_Intro_C' with ClassGeneratedBy '/Game/Maps/Menu_Intro.Menu_Intro:PersistentLevel.Menu_Intro'
[2018.11.22-10.46.12:132][304]LogSlate: Updating window title bar state: overlay mode, drag disabled, window buttons hidden, title bar hidden
[2018.11.22-10.46.12:168][305]LogPlayLevel: Display: Destroying online subsystem :Context_6
[2018.11.22-10.46.37:402][304]LogSlate: FSceneViewport::OnFocusLost() reason 2
[2018.11.22-10.46.43:871][591]LogSlate: FSceneViewport::OnFocusLost() reason 2
[2018.11.22-10.46.45:725][646]LogSlate: FSceneViewport::OnFocusLost() reason 2
[2018.11.22-10.47.39:406][716]LogSlate: FSceneViewport::OnFocusLost() reason 2
[2018.11.22-10.47.48:005][ 62]LogSlate: FSceneViewport::OnFocusLost() reason 2
[2018.11.22-10.48.00:270][723]LogSlate: FSceneViewport::OnFocusLost() reason 2
[2018.11.22-10.49.29:397][ 83]LogSlate: FSceneViewport::OnFocusLost() reason 2
[2018.11.22-10.49.32:540][449]LogSlate: FSceneViewport::OnFocusLost() reason 2
[2018.11.22-10.49.33:786][449]LogSavePackage: Moving '../../../../../Разработка/Вoundary Tree/Project/The-boundary-tree/MyProject/Saved/Menu_IntroAEB01BEB48BEE3CD7999F59BAC5AE12C.tmp' to '../../../../../Разработка/Вoundary Tree/Project/The-boundary-tree/MyProject/Content/Maps/Menu_Intro.umap'
[2018.11.22-10.49.33:850][449]LogFileHelpers: Saving map 'Menu_Intro' took 1.296
[2018.11.22-10.49.33:937][449]LogSavePackage: Moving '../../../../../Разработка/Вoundary Tree/Project/The-boundary-tree/MyProject/Saved/MeshCollab_BookShellDFA8D20244D9099B48A3DAA56555A35D.tmp' to '../../../../../Разработка/Вoundary Tree/Project/The-boundary-tree/MyProject/Content/Menu_Intro/LevelElements/BookShelf/MeshCollab_BookShell.uasset'
[2018.11.22-10.50.46:203][754]LogSlate: FSceneViewport::OnFocusLost() reason 2
[2018.11.22-10.50.56:279][954]LogSlate: FSceneViewport::OnFocusLost() reason 0
[2018.11.22-10.50.56:609][965]LogSlate: Window 'MyProject - Unreal Editor' being destroyed
[2018.11.22-10.50.56:816][966]Cmd: QUIT_EDITOR
[2018.11.22-10.50.56:841][966]LogExit: Preparing to exit.
[2018.11.22-10.50.57:593][966]LogExit: Editor shut down
[2018.11.22-10.50.57:594][966]LogExit: Transaction tracking system shut down
[2018.11.22-10.50.58:055][966]LogExit: Object subsystem successfully closed.
[2018.11.22-10.50.58:069][966]LogShaderCompilers: Display: Shaders left to compile 0
[2018.11.22-10.50.58:075][966]LogD3D11RHI: Shutdown
[2018.11.22-10.50.58:075][966]LogD3D11RHI: CleanupD3DDevice
[2018.11.22-10.50.58:078][966]LogD3D11RHI: ~FD3D11DynamicRHI
[2018.11.22-10.50.58:089][966]LogModuleManager: Shutting down and abandoning module MovieSceneCapture (624)
[2018.11.22-10.50.58:090][966]LogModuleManager: Shutting down and abandoning module Voice (622)
[2018.11.22-10.50.58:090][966]LogModuleManager: Shutting down and abandoning module MeshBuilder (620)
[2018.11.22-10.50.58:090][966]LogModuleManager: Shutting down and abandoning module StaticMeshEditor (618)
[2018.11.22-10.50.58:090][966]LogModuleManager: Shutting down and abandoning module HierarchicalLODUtilities (616)
[2018.11.22-10.50.58:090][966]LogModuleManager: Shutting down and abandoning module BlueprintGraph (614)
[2018.11.22-10.50.58:090][966]LogModuleManager: Shutting down and abandoning module HierarchicalLODOutliner (612)
[2018.11.22-10.50.58:090][966]LogModuleManager: Shutting down and abandoning module SceneOutliner (610)
[2018.11.22-10.50.58:090][966]LogModuleManager: Shutting down and abandoning module AddContentDialog (608)
[2018.11.22-10.50.58:090][966]LogModuleManager: Shutting down and abandoning module WidgetCarousel (607)
[2018.11.22-10.50.58:090][966]LogModuleManager: Shutting down and abandoning module EditorWidgets (604)
[2018.11.22-10.50.58:090][966]LogModuleManager: Shutting down and abandoning module CollectionManager (602)
[2018.11.22-10.50.58:091][966]LogModuleManager: Shutting down and abandoning module StatsViewer (600)
[2018.11.22-10.50.58:091][966]LogModuleManager: Shutting down and abandoning module FoliageEdit (598)
[2018.11.22-10.50.58:091][966]LogModuleManager: Shutting down and abandoning module LandscapeEditor (596)
[2018.11.22-10.50.58:091][966]LogModuleManager: Shutting down and abandoning module MeshPaintMode (594)
[2018.11.22-10.50.58:091][966]LogModuleManager: Shutting down and abandoning module SceneDepthPickerMode (592)
[2018.11.22-10.50.58:091][966]LogModuleManager: Shutting down and abandoning module ActorPickerMode (590)
[2018.11.22-10.50.58:091][966]LogModuleManager: Shutting down and abandoning module GeometryMode (588)
[2018.11.22-10.50.58:091][966]LogModuleManager: Shutting down and abandoning module TextureAlignMode (586)
[2018.11.22-10.50.58:091][966]LogModuleManager: Shutting down and abandoning module BspMode (584)
[2018.11.22-10.50.58:091][966]LogModuleManager: Shutting down and abandoning module PIEPreviewDeviceProfileSelector (582)
[2018.11.22-10.50.58:091][966]LogModuleManager: Shutting down and abandoning module SequenceRecorderSections (580)
[2018.11.22-10.50.58:091][966]LogModuleManager: Shutting down and abandoning module AutomationWorker (578)
[2018.11.22-10.50.58:091][966]LogModuleManager: Shutting down and abandoning module AudioCaptureEditor (576)
[2018.11.22-10.50.58:091][966]LogModuleManager: Shutting down and abandoning module SequenceRecorder (575)
[2018.11.22-10.50.58:091][966]LogModuleManager: Shutting down and abandoning module MatineeToLevelSequence (572)
[2018.11.22-10.50.58:091][966]LogModuleManager: Shutting down and abandoning module LevelSequenceEditor (570)
[2018.11.22-10.50.58:091][966]LogModuleManager: Shutting down and abandoning module PlacementMode (569)
[2018.11.22-10.50.58:091][966]LogModuleManager: Shutting down and abandoning module MaterialEditor (568)
[2018.11.22-10.50.58:091][966]LogModuleManager: Shutting down and abandoning module WmfMediaFactory (564)
[2018.11.22-10.50.58:091][966]LogModuleManager: Shutting down and abandoning module WmfMediaEditor (562)
[2018.11.22-10.50.58:091][966]LogModuleManager: Shutting down and abandoning module MediaPlayerEditor (560)
[2018.11.22-10.50.58:091][966]LogModuleManager: Shutting down and abandoning module OpenExrWrapper (558)
[2018.11.22-10.50.58:091][966]LogModuleManager: Shutting down and abandoning module ImgMediaFactory (556)
[2018.11.22-10.50.58:091][966]LogModuleManager: Shutting down and abandoning module ImgMediaEditor (554)
[2018.11.22-10.50.58:091][966]LogModuleManager: Shutting down and abandoning module AvfMediaFactory (552)
[2018.11.22-10.50.58:091][966]LogModuleManager: Shutting down and abandoning module AvfMediaEditor (550)
[2018.11.22-10.50.58:092][966]LogModuleManager: Shutting down and abandoning module AndroidMediaFactory (548)
[2018.11.22-10.50.58:092][966]LogModuleManager: Shutting down and abandoning module AndroidMediaEditor (546)
[2018.11.22-10.50.58:092][966]LogModuleManager: Shutting down and abandoning module MagicLeapCameraPreviewFactory (544)
[2018.11.22-10.50.58:092][966]LogModuleManager: Shutting down and abandoning module MagicLeapMediaFactory (542)
[2018.11.22-10.50.58:092][966]LogModuleManager: Shutting down and abandoning module MagicLeapMediaEditor (540)
[2018.11.22-10.50.58:092][966]LogModuleManager: Shutting down and abandoning module CharacterAI (538)
[2018.11.22-10.50.58:092][966]LogModuleManager: Shutting down and abandoning module SmartSnapping (536)
[2018.11.22-10.50.58:092][966]LogModuleManager: Shutting down and abandoning module SessionServices (534)
[2018.11.22-10.50.58:092][966]LogModuleManager: Shutting down and abandoning module ViewportSnapping (532)
[2018.11.22-10.50.58:092][966]LogModuleManager: Shutting down and abandoning module ViewportInteraction (530)
[2018.11.22-10.50.58:092][966]LogModuleManager: Shutting down and abandoning module ClothPainter (528)
[2018.11.22-10.50.58:092][966]LogModuleManager: Shutting down and abandoning module SkeletalMeshEditor (527)
[2018.11.22-10.50.58:092][966]LogModuleManager: Shutting down and abandoning module LogVisualizer (524)
[2018.11.22-10.50.58:092][966]LogModuleManager: Shutting down and abandoning module IntroTutorials (522)
[2018.11.22-10.50.58:092][966]LogModuleManager: Shutting down and abandoning module GameProjectGeneration (521)
[2018.11.22-10.50.58:092][966]LogModuleManager: Shutting down and abandoning module LuminPlatformEditor (518)
[2018.11.22-10.50.58:092][966]LogModuleManager: Shutting down and abandoning module IOSPlatformEditor (516)
[2018.11.22-10.50.58:092][966]LogModuleManager: Shutting down and abandoning module HTML5PlatformEditor (514)
[2018.11.22-10.50.58:092][966]LogModuleManager: Shutting down and abandoning module AndroidPlatformEditor (512)
[2018.11.22-10.50.58:092][966]LogModuleManager: Shutting down and abandoning module AndroidDeviceDetection (511)
[2018.11.22-10.50.58:708][966]LogModuleManager: Shutting down and abandoning module WindowsPlatformEditor (508)
[2018.11.22-10.50.58:708][966]LogModuleManager: Shutting down and abandoning module LuminRuntimeSettings (506)
[2018.11.22-10.50.58:709][966]LogModuleManager: Shutting down and abandoning module IOSRuntimeSettings (504)
[2018.11.22-10.50.58:709][966]LogModuleManager: Shutting down and abandoning module AndroidRuntimeSettings (502)
[2018.11.22-10.50.58:709][966]LogModuleManager: Shutting down and abandoning module InputBindingEditor (500)
[2018.11.22-10.50.58:709][966]LogModuleManager: Shutting down and abandoning module MergeActors (498)
[2018.11.22-10.50.58:709][966]LogModuleManager: Shutting down and abandoning module LocalizationDashboard (496)
[2018.11.22-10.50.58:709][966]LogModuleManager: Shutting down and abandoning module LocalizationService (495)
[2018.11.22-10.50.58:709][966]LogModuleManager: Shutting down and abandoning module HardwareTargeting (492)
[2018.11.22-10.50.58:709][966]LogModuleManager: Shutting down and abandoning module DeviceProfileEditor (490)
[2018.11.22-10.50.58:709][966]LogModuleManager: Shutting down and abandoning module UndoHistory (488)
[2018.11.22-10.50.58:709][966]LogModuleManager: Shutting down and abandoning module XmlParser (486)
[2018.11.22-10.50.58:709][966]LogModuleManager: Shutting down and abandoning module Blutility (484)
[2018.11.22-10.50.58:709][966]LogModuleManager: Shutting down and abandoning module ProjectSettingsViewer (482)
[2018.11.22-10.50.58:709][966]LogModuleManager: Shutting down and abandoning module ProjectTargetPlatformEditor (481)
[2018.11.22-10.50.58:709][966]LogModuleManager: Shutting down and abandoning module EditorSettingsViewer (478)
[2018.11.22-10.50.58:709][966]LogModuleManager: Shutting down and abandoning module SettingsEditor (476)
[2018.11.22-10.50.58:710][966]LogModuleManager: Shutting down and abandoning module ProjectLauncher (474)
[2018.11.22-10.50.58:710][966]LogModuleManager: Shutting down and abandoning module SessionFrontend (472)
[2018.11.22-10.50.58:710][966]LogModuleManager: Shutting down and abandoning module ProfilerClient (470)
[2018.11.22-10.50.58:710][966]LogModuleManager: Shutting down and abandoning module DeviceManager (468)
[2018.11.22-10.50.58:710][966]LogModuleManager: Shutting down and abandoning module TargetDeviceServices (467)
[2018.11.22-10.50.58:750][966]LogModuleManager: Shutting down and abandoning module AutomationController (464)
[2018.11.22-10.50.58:750][966]LogModuleManager: Shutting down and abandoning module AutomationWindow (462)
[2018.11.22-10.50.58:750][966]LogModuleManager: Shutting down and abandoning module Layers (460)
[2018.11.22-10.50.58:750][966]LogModuleManager: Shutting down and abandoning module ComponentVisualizers (458)
[2018.11.22-10.50.58:750][966]LogModuleManager: Shutting down and abandoning module DetailCustomizations (456)
[2018.11.22-10.50.58:750][966]LogModuleManager: Shutting down and abandoning module PackagesDialog (454)
[2018.11.22-10.50.58:750][966]LogModuleManager: Shutting down and abandoning module Persona (452)
[2018.11.22-10.50.58:750][966]LogModuleManager: Shutting down and abandoning module AdvancedPreviewScene (451)
[2018.11.22-10.50.58:750][966]LogModuleManager: Shutting down and abandoning module AnimGraph (449)
[2018.11.22-10.50.58:751][966]LogModuleManager: Shutting down and abandoning module Kismet (446)
[2018.11.22-10.50.58:757][966]LogModuleManager: Shutting down and abandoning module GraphEditor (444)
[2018.11.22-10.50.58:757][966]LogModuleManager: Shutting down and abandoning module ClassViewer (442)
[2018.11.22-10.50.58:757][966]LogModuleManager: Shutting down and abandoning module Toolbox (440)
[2018.11.22-10.50.58:757][966]LogModuleManager: Shutting down and abandoning module DesktopPlatform (439)
[2018.11.22-10.50.58:757][966]LogModuleManager: Shutting down and abandoning module ModuleUI (436)
[2018.11.22-10.50.58:757][966]LogModuleManager: Shutting down and abandoning module MovieSceneTools (434)
[2018.11.22-10.50.58:757][966]LogModuleManager: Shutting down and abandoning module OutputLog (432)
[2018.11.22-10.50.58:757][966]LogModuleManager: Shutting down and abandoning module GammaUI (430)
[2018.11.22-10.50.58:757][966]LogModuleManager: Shutting down and abandoning module Documentation (428)
[2018.11.22-10.50.58:757][966]LogModuleManager: Shutting down and abandoning module MovieSceneTracks (426)
[2018.11.22-10.50.58:757][966]LogModuleManager: Shutting down and abandoning module MovieScene (424)
[2018.11.22-10.50.58:758][966]LogModuleManager: Shutting down and abandoning module StreamingPauseRendering (422)
[2018.11.22-10.50.58:758][966]LogModuleManager: Shutting down and abandoning module LauncherPlatform (420)
[2018.11.22-10.50.58:758][966]LogModuleManager: Shutting down and abandoning module AnalyticsET (418)
[2018.11.22-10.50.58:758][966]LogModuleManager: Shutting down and abandoning module PortalServices (416)
[2018.11.22-10.50.58:758][966]LogModuleManager: Shutting down and abandoning module PortalRpc (414)
[2018.11.22-10.50.58:758][966]LogModuleManager: Shutting down and abandoning module MessagingRpc (412)
[2018.11.22-10.50.58:758][966]LogModuleManager: Shutting down and abandoning module AIModule (410)
[2018.11.22-10.50.58:758][966]LogModuleManager: Shutting down and abandoning module GameplayDebugger (409)
[2018.11.22-10.50.58:758][966]LogModuleManager: Shutting down and abandoning module AITestSuite (407)
[2018.11.22-10.50.58:758][966]LogModuleManager: Shutting down and abandoning module NavigationSystem (405)
[2018.11.22-10.50.58:758][966]LogModuleManager: Shutting down and abandoning module ProfilerService (402)
[2018.11.22-10.50.58:791][966]LogModuleManager: Shutting down and abandoning module TaskGraph (400)
[2018.11.22-10.50.58:791][966]LogModuleManager: Shutting down and abandoning module SteamVRController (398)
[2018.11.22-10.50.58:791][966]LogModuleManager: Shutting down and abandoning module ProceduralMeshComponentEditor (396)
[2018.11.22-10.50.58:791][966]LogModuleManager: Shutting down and abandoning module ProceduralMeshComponent (394)
[2018.11.22-10.50.58:791][966]LogModuleManager: Shutting down and abandoning module OculusInput (392)
[2018.11.22-10.50.58:791][966]LogModuleManager: Shutting down and abandoning module MobilePatchingUtils (390)
[2018.11.22-10.50.58:791][966]LogModuleManager: Shutting down and abandoning module EditableMesh (388)
[2018.11.22-10.50.58:791][966]LogModuleManager: Shutting down and abandoning module CustomMeshComponent (386)
[2018.11.22-10.50.58:791][966]LogModuleManager: Shutting down and abandoning module CableComponent (384)
[2018.11.22-10.50.58:791][966]LogModuleManager: Shutting down and abandoning module AudioCapture (382)
[2018.11.22-10.50.58:791][966]LogModuleManager: Shutting down and abandoning module ArchVisCharacter (380)
[2018.11.22-10.50.58:791][966]LogModuleManager: Shutting down and abandoning module AndroidPermission (378)
[2018.11.22-10.50.58:791][966]LogModuleManager: Shutting down and abandoning module NUTUnrealEngine4 (376)
[2018.11.22-10.50.58:791][966]LogModuleManager: Shutting down and abandoning module NetcodeUnitTest (374)
[2018.11.22-10.50.58:791][966]LogModuleManager: Shutting down and abandoning module MediaCompositingEditor (372)
[2018.11.22-10.50.58:791][966]LogModuleManager: Shutting down and abandoning module MediaCompositing (370)
[2018.11.22-10.50.58:791][966]LogModuleManager: Shutting down and abandoning module LinearTimecode (368)
[2018.11.22-10.50.58:791][966]LogModuleManager: Shutting down and abandoning module ImgMedia (366)
[2018.11.22-10.50.58:794][966]LogModuleManager: Shutting down and abandoning module HTML5Networking (364)
[2018.11.22-10.50.58:794][966]LogModuleManager: Shutting down and abandoning module GeometryCacheTracks (362)
[2018.11.22-10.50.58:794][966]LogModuleManager: Shutting down and abandoning module GeometryCacheSequencer (360)
[2018.11.22-10.50.58:794][966]LogModuleManager: Shutting down and abandoning module BackChannel (358)
[2018.11.22-10.50.58:794][966]LogModuleManager: Shutting down and abandoning module AppleVision (356)
[2018.11.22-10.50.58:794][966]LogModuleManager: Shutting down and abandoning module AppleImageUtils (354)
[2018.11.22-10.50.58:794][966]LogModuleManager: Shutting down and abandoning module AlembicImporter (352)
[2018.11.22-10.50.58:794][966]LogModuleManager: Shutting down and abandoning module AlembicLibrary (351)
[2018.11.22-10.50.58:794][966]LogModuleManager: Shutting down and abandoning module GeometryCache (350)
[2018.11.22-10.50.58:794][966]LogModuleManager: Shutting down and abandoning module GeometryCacheEd (349)
[2018.11.22-10.50.58:794][966]LogModuleManager: Shutting down and abandoning module DatasmithContentEditor (344)
[2018.11.22-10.50.58:794][966]LogModuleManager: Shutting down and abandoning module DatasmithContent (342)
[2018.11.22-10.50.58:794][966]LogModuleManager: Shutting down and abandoning module SpeedTreeImporter (340)
[2018.11.22-10.50.58:794][966]LogModuleManager: Shutting down and abandoning module PluginBrowser (338)
[2018.11.22-10.50.58:794][966]LogModuleManager: Shutting down and abandoning module MobileLauncherProfileWizard (336)
[2018.11.22-10.50.58:794][966]LogModuleManager: Shutting down and abandoning module PolygonModeling (334)
[2018.11.22-10.50.58:794][966]LogModuleManager: Shutting down and abandoning module MeshEditor (332)
[2018.11.22-10.50.58:794][966]LogModuleManager: Shutting down and abandoning module CryptoKeysOpenSSL (330)
[2018.11.22-10.50.58:794][966]LogModuleManager: Shutting down and abandoning module CryptoKeys (328)
[2018.11.22-10.50.58:794][966]LogModuleManager: Shutting down and abandoning module VisualStudioSourceCodeAccess (326)
[2018.11.22-10.50.58:794][966]LogModuleManager: Shutting down and abandoning module VisualStudioCodeSourceCodeAccess (324)
[2018.11.22-10.50.58:794][966]LogModuleManager: Shutting down and abandoning module UObjectPlugin (322)
[2018.11.22-10.50.58:794][966]LogModuleManager: Shutting down and abandoning module SubversionSourceControl (320)
[2018.11.22-10.50.58:794][966]LogModuleManager: Shutting down and abandoning module PerforceSourceControl (318)
[2018.11.22-10.50.58:794][966]LogModuleManager: Shutting down and abandoning module GitSourceControl (316)
[2018.11.22-10.50.58:795][966]LogModuleManager: Shutting down and abandoning module SourceControl (315)
[2018.11.22-10.50.58:795][966]LogModuleManager: Shutting down and abandoning module CLionSourceCodeAccess (312)
[2018.11.22-10.50.58:795][966]LogModuleManager: Shutting down and abandoning module LightPropagationVolumeEditor (310)
[2018.11.22-10.50.58:795][966]LogModuleManager: Shutting down and abandoning module PaperTiledImporter (308)
[2018.11.22-10.50.58:795][966]LogModuleManager: Shutting down and abandoning module PaperSpriteSheetImporter (306)
[2018.11.22-10.50.58:795][966]LogModuleManager: Shutting down and abandoning module Paper2DEditor (304)
[2018.11.22-10.50.58:795][966]LogModuleManager: Shutting down and abandoning module MeshPaint (303)
[2018.11.22-10.50.58:795][966]LogModuleManager: Shutting down and abandoning module MyProject (300)
[2018.11.22-10.50.58:795][966]LogModuleManager: Shutting down and abandoning module RuntimePhysXCooking (298)
[2018.11.22-10.50.58:795][966]LogModuleManager: Shutting down and abandoning module PhysXVehiclesEditor (296)
[2018.11.22-10.50.58:795][966]LogModuleManager: Shutting down and abandoning module PhysXVehicles (294)
[2018.11.22-10.50.58:795][966]LogModuleManager: Shutting down and abandoning module OculusEditor (292)
[2018.11.22-10.50.58:795][966]LogModuleManager: Shutting down and abandoning module LocationServicesBPLibrary (290)
[2018.11.22-10.50.58:795][966]LogModuleManager: Shutting down and abandoning module ImmediatePhysicsEditor (288)
[2018.11.22-10.50.58:795][966]LogModuleManager: Shutting down and abandoning module ImmediatePhysics (286)
[2018.11.22-10.50.58:795][966]LogModuleManager: Shutting down and abandoning module ActorSequence (284)
[2018.11.22-10.50.58:795][966]LogModuleManager: Shutting down and abandoning module UdpMessaging (282)
[2018.11.22-10.50.58:895][966]LogModuleManager: Shutting down and abandoning module TcpMessaging (280)
[2018.11.22-10.50.58:995][966]LogModuleManager: Shutting down and abandoning module MagicLeapAudio (278)
[2018.11.22-10.50.58:995][966]LogModuleManager: Shutting down and abandoning module GameplayTagsEditor (276)
[2018.11.22-10.50.58:995][966]LogModuleManager: Shutting down and abandoning module FacialAnimationEditor (274)
[2018.11.22-10.50.58:995][966]LogModuleManager: Shutting down and abandoning module FacialAnimation (272)
[2018.11.22-10.50.58:995][966]LogModuleManager: Shutting down and abandoning module DataValidation (270)
[2018.11.22-10.50.58:995][966]LogModuleManager: Shutting down and abandoning module AssetManagerEditor (268)
[2018.11.22-10.50.58:995][966]LogModuleManager: Shutting down and abandoning module LevelEditor (267)
[2018.11.22-10.50.58:998][966]LogModuleManager: Shutting down and abandoning module PixelInspectorModule (266)
[2018.11.22-10.50.58:998][966]LogModuleManager: Shutting down and abandoning module CommonMenuExtensions (264)
[2018.11.22-10.50.58:998][966]LogModuleManager: Shutting down and abandoning module MainFrame (262)
[2018.11.22-10.50.58:998][966]LogModuleManager: Shutting down and abandoning module HotReload (261)
[2018.11.22-10.50.59:000][966]LogModuleManager: Shutting down and abandoning module ContentBrowser (257)
[2018.11.22-10.50.59:002][966]LogModuleManager: Shutting down and abandoning module TreeMap (255)
[2018.11.22-10.50.59:002][966]LogModuleManager: Shutting down and abandoning module LightPropagationVolumeRuntime (252)
[2018.11.22-10.50.59:002][966]LogModuleManager: Shutting down and abandoning module AISupportModule (250)
[2018.11.22-10.50.59:003][966]LogModuleManager: Shutting down and abandoning module Paper2D (248)
[2018.11.22-10.50.59:003][966]LogModuleManager: Shutting down and abandoning module WindowsMoviePlayer (246)
[2018.11.22-10.50.59:003][966]LogModuleManager: Shutting down and abandoning module WmfMedia (244)
[2018.11.22-10.50.59:004][966]LogModuleManager: Shutting down and abandoning module Media (243)
[2018.11.22-10.50.59:011][966]LogModuleManager: Shutting down and abandoning module PacketHandler (240)
[2018.11.22-10.50.59:011][966]LogModuleManager: Shutting down and abandoning module ClothingSystemEditor (238)
[2018.11.22-10.50.59:011][966]LogModuleManager: Shutting down and abandoning module ClothingSystemRuntime (236)
[2018.11.22-10.50.59:011][966]LogModuleManager: Shutting down and abandoning module MediaAssets (234)
[2018.11.22-10.50.59:011][966]LogModuleManager: Shutting down and abandoning module Overlay (232)
[2018.11.22-10.50.59:011][966]LogModuleManager: Shutting down and abandoning module OverlayEditor (231)
[2018.11.22-10.50.59:011][966]LogModuleManager: Shutting down and abandoning module VREditor (228)
[2018.11.22-10.50.59:011][966]LogModuleManager: Shutting down and abandoning module StringTableEditor (226)
[2018.11.22-10.50.59:011][966]LogModuleManager: Shutting down and abandoning module GameplayTasksEditor (224)
[2018.11.22-10.50.59:011][966]LogModuleManager: Shutting down and abandoning module BehaviorTreeEditor (222)
[2018.11.22-10.50.59:011][966]LogModuleManager: Shutting down and abandoning module FunctionalTesting (220)
[2018.11.22-10.50.59:011][966]LogModuleManager: Shutting down and abandoning module CollisionAnalyzer (218)
[2018.11.22-10.50.59:011][966]LogModuleManager: Shutting down and abandoning module WorkspaceMenuStructure (217)
[2018.11.22-10.50.59:012][966]LogModuleManager: Shutting down and abandoning module UMG (214)
[2018.11.22-10.50.59:012][966]LogModuleManager: Shutting down and abandoning module UMGEditor (213)
[2018.11.22-10.50.59:012][966]LogModuleManager: Shutting down and abandoning module Sequencer (212)
[2018.11.22-10.50.59:012][966]LogModuleManager: Shutting down and abandoning module MessageLog (209)
[2018.11.22-10.50.59:012][966]LogModuleManager: Shutting down and abandoning module SlateReflector (204)
[2018.11.22-10.50.59:012][966]LogModuleManager: Shutting down and abandoning module Slate (202)
[2018.11.22-10.50.59:012][966]LogModuleManager: Shutting down and abandoning module EditorStyle (200)
[2018.11.22-10.50.59:018][966]LogModuleManager: Shutting down and abandoning module MRMesh (198)
[2018.11.22-10.50.59:018][966]LogModuleManager: Shutting down and abandoning module SourceCodeAccess (196)
[2018.11.22-10.50.59:018][966]LogModuleManager: Shutting down and abandoning module HeadMountedDisplay (194)
[2018.11.22-10.50.59:018][966]LogModuleManager: Shutting down and abandoning module XAudio2 (192)
[2018.11.22-10.50.59:018][966]LogModuleManager: Shutting down and abandoning module Networking (190)
[2018.11.22-10.50.59:018][966]LogModuleManager: Shutting down and abandoning module Core (188)
[2018.11.22-10.50.59:018][966]LogModuleManager: Shutting down and abandoning module LevelSequence (186)
[2018.11.22-10.50.59:018][966]LogModuleManager: Shutting down and abandoning module KismetCompiler (184)
[2018.11.22-10.50.59:018][966]LogModuleManager: Shutting down and abandoning module MeshUtilities (182)
[2018.11.22-10.50.59:018][966]LogModuleManager: Shutting down and abandoning module MeshMergeUtilities (181)
[2018.11.22-10.50.59:018][966]LogModuleManager: Shutting down and abandoning module MeshReductionInterface (180)
[2018.11.22-10.50.59:018][966]LogModuleManager: Shutting down and abandoning module SimplygonSwarm (179)
[2018.11.22-10.50.59:018][966]LogModuleManager: Shutting down and abandoning module ProxyLODMeshReduction (177)
[2018.11.22-10.50.59:019][966]LogModuleManager: Shutting down and abandoning module SimplygonMeshReduction (175)
[2018.11.22-10.50.59:019][966]LogModuleManager: Shutting down and abandoning module QuadricMeshReduction (173)
[2018.11.22-10.50.59:019][966]LogModuleManager: Shutting down and abandoning module MaterialBaking (169)
[2018.11.22-10.50.59:019][966]LogModuleManager: Shutting down and abandoning module DirectoryWatcher (165)
[2018.11.22-10.50.59:019][966]LogModuleManager: Shutting down and abandoning module DerivedDataCache (162)
[2018.11.22-10.50.59:081][966]LogDerivedDataCache: Shutdown
[2018.11.22-10.50.59:081][966]LogModuleManager: Shutting down and abandoning module XGEController (160)
[2018.11.22-10.50.59:082][966]LogModuleManager: Shutting down and abandoning module TargetPlatform (158)
[2018.11.22-10.50.59:082][966]LogModuleManager: Shutting down and abandoning module VulkanShaderFormat (157)
[2018.11.22-10.50.59:082][966]LogModuleManager: Shutting down and abandoning module ShaderFormatVectorVM (155)
[2018.11.22-10.50.59:082][966]LogModuleManager: Shutting down and abandoning module ShaderFormatOpenGL (153)
[2018.11.22-10.50.59:082][966]LogModuleManager: Shutting down and abandoning module ShaderFormatD3D (151)
[2018.11.22-10.50.59:082][966]LogModuleManager: Shutting down and abandoning module MetalShaderFormat (149)
[2018.11.22-10.50.59:082][966]LogModuleManager: Shutting down and abandoning module TextureFormatUncompressed (147)
[2018.11.22-10.50.59:082][966]LogModuleManager: Shutting down and abandoning module TextureFormatPVR (145)
[2018.11.22-10.50.59:082][966]LogModuleManager: Shutting down and abandoning module TextureFormatDXT (143)
[2018.11.22-10.50.59:082][966]LogModuleManager: Shutting down and abandoning module TextureFormatIntelISPCTexComp (141)
[2018.11.22-10.50.59:082][966]LogModuleManager: Shutting down and abandoning module TextureFormatASTC (139)
[2018.11.22-10.50.59:082][966]LogModuleManager: Shutting down and abandoning module ImageWrapper (138)
[2018.11.22-10.50.59:082][966]LogModuleManager: Shutting down and abandoning module TextureFormatAndroid (135)
[2018.11.22-10.50.59:082][966]LogModuleManager: Shutting down and abandoning module AudioFormatOpus (133)
[2018.11.22-10.50.59:082][966]LogModuleManager: Shutting down and abandoning module AudioFormatOgg (131)
[2018.11.22-10.50.59:082][966]LogModuleManager: Shutting down and abandoning module AudioFormatADPCM (129)
[2018.11.22-10.50.59:082][966]LogModuleManager: Shutting down and abandoning module LuminTargetPlatform (127)
[2018.11.22-10.50.59:082][966]LogModuleManager: Shutting down and abandoning module LinuxTargetPlatform (125)
[2018.11.22-10.50.59:082][966]LogModuleManager: Shutting down and abandoning module LinuxServerTargetPlatform (123)
[2018.11.22-10.50.59:082][966]LogModuleManager: Shutting down and abandoning module LinuxNoEditorTargetPlatform (121)
[2018.11.22-10.50.59:082][966]LogModuleManager: Shutting down and abandoning module LinuxClientTargetPlatform (119)
[2018.11.22-10.50.59:082][966]LogModuleManager: Shutting down and abandoning module TVOSTargetPlatform (117)
[2018.11.22-10.50.59:084][966]LogModuleManager: Shutting down and abandoning module Messaging (115)
[2018.11.22-10.50.59:084][966]LogModuleManager: Shutting down and abandoning module IOSTargetPlatform (113)
[2018.11.22-10.50.59:085][966]LogModuleManager: Shutting down and abandoning module HTML5TargetPlatform (111)
[2018.11.22-10.50.59:085][966]LogModuleManager: Shutting down and abandoning module AndroidTargetPlatform (109)
[2018.11.22-10.50.59:094][966]LogModuleManager: Shutting down and abandoning module WindowsTargetPlatform (107)
[2018.11.22-10.50.59:094][966]LogModuleManager: Shutting down and abandoning module WindowsServerTargetPlatform (105)
[2018.11.22-10.50.59:095][966]LogModuleManager: Shutting down and abandoning module WindowsNoEditorTargetPlatform (103)
[2018.11.22-10.50.59:095][966]LogModuleManager: Shutting down and abandoning module WindowsClientTargetPlatform (101)
[2018.11.22-10.50.59:095][966]LogModuleManager: Shutting down and abandoning module MacTargetPlatform (99)
[2018.11.22-10.50.59:095][966]LogModuleManager: Shutting down and abandoning module MacServerTargetPlatform (97)
[2018.11.22-10.50.59:095][966]LogModuleManager: Shutting down and abandoning module MacNoEditorTargetPlatform (95)
[2018.11.22-10.50.59:095][966]LogModuleManager: Shutting down and abandoning module MacClientTargetPlatform (93)
[2018.11.22-10.50.59:095][966]LogModuleManager: Shutting down and abandoning module AllDesktopTargetPlatform (91)
[2018.11.22-10.50.59:095][966]LogModuleManager: Shutting down and abandoning module InputCore (88)
[2018.11.22-10.50.59:095][966]LogModuleManager: Shutting down and abandoning module Settings (86)
[2018.11.22-10.50.59:095][966]LogModuleManager: Shutting down and abandoning module PhysXCooking (84)
[2018.11.22-10.50.59:095][966]LogModuleManager: Shutting down and abandoning module SteamVR (82)
[2018.11.22-10.50.59:095][966]LogModuleManager: Shutting down and abandoning module OculusHMD (80)
[2018.11.22-10.50.59:095][966]LogModuleManager: Shutting down and abandoning module ExampleDeviceProfileSelector (78)
[2018.11.22-10.50.59:095][966]LogModuleManager: Shutting down and abandoning module LauncherChunkInstaller (76)
[2018.11.22-10.50.59:095][966]LogModuleManager: Shutting down and abandoning module OnlineBlueprintSupport (74)
[2018.11.22-10.50.59:095][966]LogModuleManager: Shutting down and abandoning module OnlineSubsystem (70)
[2018.11.22-10.50.59:096][966]LogModuleManager: Shutting down and abandoning module XMPP (65)
[2018.11.22-10.50.59:096][966]LogModuleManager: Shutting down and abandoning module WebSockets (64)
[2018.11.22-10.50.59:101][966]LogModuleManager: Shutting down and abandoning module HTTP (61)
[2018.11.22-10.50.59:101][966]LogHttp: Display: Http module shutting down, but needs to wait on 1 outstanding Http requests:
[2018.11.22-10.50.59:102][966]LogHttp: Display: 	verb=[POST] url=[https://datarouter.ol.epicgames.com/datarouter/api/v1/public/data?SessionID=%7BDEA5794E-4C52-9A65-13A8-E1A0A5A4B1C0%7D&AppID=UEEditor.Rocket.Release&AppVersion=4.20.3-4369336%2B%2B%2BUE4%2BRelease-4.20&UserID=9f79db38496b9fbe0197d8a795b22eff%7C1e4dcad5bf8a4928a83777649e9d7e97%7Cae56abf4-e76d-4116-b479-ba6dfb6d4755&AppEnvironment=datacollector-binary&UploadType=eteventstream] status=Processing
[2018.11.22-10.50.59:108][966]LogModuleManager: Shutting down and abandoning module SSL (60)
[2018.11.22-10.50.59:110][966]LogModuleManager: Shutting down and abandoning module MagicLeapEmulator (56)
[2018.11.22-10.50.59:110][966]LogModuleManager: Shutting down and abandoning module MagicLeapPrivileges (54)
[2018.11.22-10.50.59:110][966]LogModuleManager: Shutting down and abandoning module MagicLeapIdentity (52)
[2018.11.22-10.50.59:110][966]LogModuleManager: Shutting down and abandoning module MagicLeapHelperVulkan (50)
[2018.11.22-10.50.59:110][966]LogModuleManager: Shutting down and abandoning module MagicLeapHelperOpenGL (48)
[2018.11.22-10.50.59:110][966]LogModuleManager: Shutting down and abandoning module MagicLeapSecureStorage (46)
[2018.11.22-10.50.59:110][966]LogModuleManager: Shutting down and abandoning module MagicLeapGestures (44)
[2018.11.22-10.50.59:110][966]LogModuleManager: Shutting down and abandoning module MagicLeapEyeTracker (42)
[2018.11.22-10.50.59:110][966]LogModuleManager: Shutting down and abandoning module MagicLeapController (40)
[2018.11.22-10.50.59:110][966]LogSlate: Slate User Destroyed.  User Index 0, Is Virtual User: 0
[2018.11.22-10.50.59:110][966]LogModuleManager: Shutting down and abandoning module MagicLeap (38)
[2018.11.22-10.50.59:110][966]LogModuleManager: Shutting down and abandoning module AnimationModifiers (36)
[2018.11.22-10.50.59:110][966]LogModuleManager: Shutting down and abandoning module PropertyEditor (35)
[2018.11.22-10.50.59:110][966]LogModuleManager: Shutting down and abandoning module AudioEditor (32)
[2018.11.22-10.50.59:110][966]LogModuleManager: Shutting down and abandoning module TextureCompressor (30)
[2018.11.22-10.50.59:111][966]LogModuleManager: Shutting down and abandoning module ShaderCore (28)
[2018.11.22-10.50.59:111][966]LogModuleManager: Shutting down and abandoning module Landscape (26)
[2018.11.22-10.50.59:111][966]LogModuleManager: Shutting down and abandoning module SlateRHIRenderer (24)
[2018.11.22-10.50.59:111][966]LogModuleManager: Shutting down and abandoning module OpenGLDrv (22)
[2018.11.22-10.50.59:111][966]LogModuleManager: Shutting down and abandoning module D3D11RHI (20)
[2018.11.22-10.50.59:111][966]LogModuleManager: Shutting down and abandoning module AnimGraphRuntime (18)
[2018.11.22-10.50.59:112][966]LogModuleManager: Shutting down and abandoning module Renderer (16)
[2018.11.22-10.50.59:112][966]LogModuleManager: Shutting down and abandoning module Engine (14)
[2018.11.22-10.50.59:112][966]LogModuleManager: Shutting down and abandoning module CoreUObject (12)
[2018.11.22-10.50.59:112][966]LogModuleManager: Shutting down and abandoning module NetworkFile (10)
[2018.11.22-10.50.59:112][966]LogModuleManager: Shutting down and abandoning module CookedIterativeFile (8)
[2018.11.22-10.50.59:112][966]LogModuleManager: Shutting down and abandoning module StreamingFile (6)
[2018.11.22-10.50.59:112][966]LogModuleManager: Shutting down and abandoning module SandboxFile (4)
[2018.11.22-10.50.59:112][966]LogModuleManager: Shutting down and abandoning module PakFile (2)
[2018.11.22-10.50.59:118][966]LogExit: Exiting.
[2018.11.22-10.50.59:123][966]Log file closed, 11/22/18 20:50:59
