Log file open, 11/11/18 19:29:03
LogWindows: Failed to load 'aqProf.dll' (GetLastError=126)
LogWindows: File 'aqProf.dll' does not exist
LogWindows: Failed to load 'VSPerf140.dll' (GetLastError=126)
LogWindows: File 'VSPerf140.dll' does not exist
LogWindows: Failed to load 'VtuneApi.dll' (GetLastError=126)
LogWindows: File 'VtuneApi.dll' does not exist
LogWindows: Failed to load 'VtuneApi32e.dll' (GetLastError=126)
LogWindows: File 'VtuneApi32e.dll' does not exist
LogInit: Display: Running engine for game: MyProject
LogPlatformFile: Not using cached read wrapper
LogTaskGraph: Started task graph with 5 named threads and 14 total threads with 3 sets of task threads.
LogStats: Stats thread started at 0.195356
LogD3D11RHI: Loaded GFSDK_Aftermath_Lib.x64.dll
LogICUInternationalization: Display: ICU TimeZone Detection - Raw Offset: +10:00, Platform Override: ''
LogPluginManager: Mounting plugin Paper2D
LogPluginManager: Mounting plugin AISupport
LogPluginManager: Mounting plugin LightPropagationVolume
LogPluginManager: Mounting plugin CLionSourceCodeAccess
LogPluginManager: Mounting plugin CodeLiteSourceCodeAccess
LogPluginManager: Mounting plugin GitSourceControl
LogPluginManager: Mounting plugin KDevelopSourceCodeAccess
LogPluginManager: Mounting plugin NullSourceCodeAccess
LogPluginManager: Mounting plugin PerforceSourceControl
LogPluginManager: Mounting plugin SubversionSourceControl
LogPluginManager: Mounting plugin UObjectPlugin
LogPluginManager: Mounting plugin VisualStudioCodeSourceCodeAccess
LogPluginManager: Mounting plugin VisualStudioSourceCodeAccess
LogPluginManager: Mounting plugin XCodeSourceCodeAccess
LogPluginManager: Mounting plugin AssetManagerEditor
LogPluginManager: Mounting plugin CryptoKeys
LogPluginManager: Mounting plugin DataValidation
LogPluginManager: Mounting plugin FacialAnimation
LogPluginManager: Mounting plugin GameplayTagsEditor
LogPluginManager: Mounting plugin MacGraphicsSwitching
LogPluginManager: Mounting plugin MeshEditor
LogPluginManager: Mounting plugin MobileLauncherProfileWizard
LogPluginManager: Mounting plugin PluginBrowser
LogPluginManager: Mounting plugin SpeedTreeImporter
LogPluginManager: Mounting plugin DatasmithContent
LogPluginManager: Mounting plugin AlembicImporter
LogPluginManager: Mounting plugin AppleImageUtils
LogPluginManager: Mounting plugin AppleVision
LogPluginManager: Mounting plugin BackChannel
LogPluginManager: Mounting plugin CharacterAI
LogPluginManager: Mounting plugin GeometryCache
LogPluginManager: Mounting plugin HTML5Networking
LogPluginManager: Mounting plugin ProxyLODPlugin
LogPluginManager: Mounting plugin MagicLeap
LogPluginManager: Mounting plugin MagicLeapEmulator
LogPluginManager: Mounting plugin MagicLeapMedia
LogPluginManager: Mounting plugin AndroidMedia
LogPluginManager: Mounting plugin AvfMedia
LogPluginManager: Mounting plugin ImgMedia
LogPluginManager: Mounting plugin LinearTimecode
LogPluginManager: Mounting plugin MediaCompositing
LogPluginManager: Mounting plugin MediaPlayerEditor
LogPluginManager: Mounting plugin WmfMedia
LogPluginManager: Mounting plugin TcpMessaging
LogPluginManager: Mounting plugin UdpMessaging
LogPluginManager: Mounting plugin ActorSequence
LogPluginManager: Mounting plugin LevelSequenceEditor
LogPluginManager: Mounting plugin MatineeToLevelSequence
LogPluginManager: Mounting plugin NetcodeUnitTest
LogPluginManager: Mounting plugin NUTUnrealEngine4
LogPluginManager: Mounting plugin OnlineSubsystemGooglePlay
LogPluginManager: Mounting plugin OnlineSubsystemIOS
LogPluginManager: Mounting plugin OnlineSubsystem
LogPluginManager: Mounting plugin OnlineSubsystemNull
LogPluginManager: Mounting plugin OnlineSubsystemUtils
LogPluginManager: Mounting plugin LauncherChunkInstaller
LogPluginManager: Mounting plugin AndroidDeviceProfileSelector
LogPluginManager: Mounting plugin AndroidMoviePlayer
LogPluginManager: Mounting plugin AndroidPermission
LogPluginManager: Mounting plugin AppleMoviePlayer
LogPluginManager: Mounting plugin ArchVisCharacter
LogPluginManager: Mounting plugin AudioCapture
LogPluginManager: Mounting plugin CableComponent
LogPluginManager: Mounting plugin CustomMeshComponent
LogPluginManager: Mounting plugin EditableMesh
LogPluginManager: Mounting plugin ExampleDeviceProfileSelector
LogPluginManager: Mounting plugin GoogleCloudMessaging
LogPluginManager: Mounting plugin ImmediatePhysics
LogPluginManager: Mounting plugin IOSDeviceProfileSelector
LogPluginManager: Mounting plugin LinuxDeviceProfileSelector
LogPluginManager: Mounting plugin LocationServicesBPLibrary
LogPluginManager: Mounting plugin MobilePatchingUtils
LogPluginManager: Mounting plugin OculusVR
LogPluginManager: Plugin shader directory ../../../Engine/Plugins/Runtime/Oculus/OculusVR/Shaders found
LogPluginManager: Mapping shader source directory ../../../Engine/Plugins/Runtime/Oculus/OculusVR/Shaders to virtual directory /Plugin/OculusVR
LogPluginManager: Mounting plugin PhysXVehicles
LogPluginManager: Mounting plugin ProceduralMeshComponent
LogPluginManager: Mounting plugin RuntimePhysXCooking
LogPluginManager: Mounting plugin SteamVR
LogPluginManager: Mounting plugin WindowsMoviePlayer
LogStreaming: Display: Took  0.095s to configure plugins.
LogInit: Using libcurl 7.55.1-DEV
LogInit:  - built for x86_64-pc-win32
LogInit:  - supports SSL with OpenSSL/1.0.2h
LogInit:  - supports HTTP deflate (compression) using libz 1.2.8
LogInit:  - other features:
LogInit:      CURL_VERSION_SSL
LogInit:      CURL_VERSION_LIBZ
LogInit:      CURL_VERSION_IPV6
LogInit:      CURL_VERSION_ASYNCHDNS
LogInit:      CURL_VERSION_LARGEFILE
LogInit:      CURL_VERSION_IDN
LogInit:  CurlRequestOptions (configurable via config and command line):
LogInit:  - bVerifyPeer = false  - Libcurl will NOT verify peer certificate
LogInit:  - bUseHttpProxy = false  - Libcurl will NOT use HTTP proxy
LogInit:  - bDontReuseConnections = false  - Libcurl will reuse connections
LogInit:  - CertBundlePath = nullptr  - Libcurl will use whatever was configured at build time.
LogInit:  - MaxHostConnections = 16  - Libcurl will limit the number of connections to a host
LogInit:  - LocalHostAddr = Default
LogInit:  - BufferSize = 65536
LogInit: WinSock: version 1.1 (2.2), MaxSocks=32767, MaxUdp=65467
LogInit: Build: ++UE4+Release-4.20-CL-4369336
LogInit: Engine Version: 4.20.3-4369336+++UE4+Release-4.20
LogInit: Compatible Engine Version: 4.20.0-4212847+++UE4+Release-4.20
LogInit: Net CL: 4212847
LogInit: OS: Windows 10 (), CPU: Intel(R) Core(TM) i5-7600 CPU @ 3.50GHz, GPU: NVIDIA GeForce GTX 1050 Ti
LogInit: Compiled (64-bit): Sep 17 2018 12:26:19
LogInit: Compiled with Visual C++: 19.13.26129.00
LogInit: Build Configuration: Development
LogInit: Branch Name: ++UE4+Release-4.20
LogInit: Command Line:  
LogInit: Base Directory: A:/Work/UE_4.20/Engine/Binaries/Win64/
LogInit: Installed Engine Build: 1
LogDevObjectVersion: Number of dev versions registered: 20
LogDevObjectVersion:   Dev-Blueprints (B0D832E4-1F89-4F0D-ACCF-7EB736FD4AA2): 10
LogDevObjectVersion:   Dev-Build (E1C64328-A22C-4D53-A36C-8E866417BD8C): 0
LogDevObjectVersion:   Dev-Core (375EC13C-06E4-48FB-B500-84F0262A717E): 2
LogDevObjectVersion:   Dev-Editor (E4B068ED-F494-42E9-A231-DA0B2E46BB41): 24
LogDevObjectVersion:   Dev-Framework (CFFC743F-43B0-4480-9391-14DF171D2073): 34
LogDevObjectVersion:   Dev-Mobile (B02B49B5-BB20-44E9-A304-32B752E40360): 2
LogDevObjectVersion:   Dev-Networking (A4E4105C-59A1-49B5-A7C5-40C4547EDFEE): 0
LogDevObjectVersion:   Dev-Online (39C831C9-5AE6-47DC-9A44-9C173E1C8E7C): 0
LogDevObjectVersion:   Dev-Physics (78F01B33-EBEA-4F98-B9B4-84EACCB95AA2): 0
LogDevObjectVersion:   Dev-Platform (6631380F-2D4D-43E0-8009-CF276956A95A): 0
LogDevObjectVersion:   Dev-Rendering (12F88B9F-8875-4AFC-A67C-D90C383ABD29): 26
LogDevObjectVersion:   Dev-Sequencer (7B5AE74C-D270-4C10-A958-57980B212A5A): 9
LogDevObjectVersion:   Dev-VR (D7296918-1DD6-4BDD-9DE2-64A83CC13884): 2
LogDevObjectVersion:   Dev-LoadTimes (C2A15278-BFE7-4AFE-6C17-90FF531DF755): 1
LogDevObjectVersion:   Private-Geometry (6EACA3D4-40EC-4CC1-B786-8BED09428FC5): 3
LogDevObjectVersion:   Dev-AnimPhys (29E575DD-E0A3-4627-9D10-D276232CDCEA): 17
LogDevObjectVersion:   Dev-ReflectionCapture (6B266CEC-1EC7-4B8F-A30B-E4D90942FC07): 1
LogDevObjectVersion:   Dev-Automation (0DF73D61-A23F-47EA-B727-89E90C41499A): 1
LogDevObjectVersion:   FortniteMain (601D1886-AC64-4F84-AA16-D3DE0DEAC7D6): 12
LogDevObjectVersion:   Dev-Enterprise (9DFFBCD6-494F-0158-E221-12823C92A888): 1
LogStreaming: Display: Took  0.000s to delete old logs.
LogInit: Presizing for max 8388607 objects, including 0 objects not considered by GC, pre-allocating 0 bytes for permanent pool.
LogInit: Object subsystem initialized
[2018.11.11-09.29.03:599][  0]LogInit: Selected Device Profile: [Windows]
[2018.11.11-09.29.03:599][  0]LogInit: Applying CVar settings loaded from the selected device profile: [Windows]
[2018.11.11-09.29.03:645][  0]LogHAL: Display: Platform has ~ 16 GB [17143365632 / 17179869184 / 16], which maps to Larger [LargestMinGB=32, LargerMinGB=12, DefaultMinGB=8, SmallerMinGB=6, SmallestMinGB=0)
[2018.11.11-09.29.03:645][  0]LogInit: Setting Device Profile CVar: [[r.Vulkan.UseRealUBs:1]]
[2018.11.11-09.29.03:645][  0]LogInit: Going up to parent DeviceProfile []
[2018.11.11-09.29.03:689][  0]LogInit: Computer: DESKTOP-33CG9BL
[2018.11.11-09.29.03:689][  0]LogInit: User: Momnatra
[2018.11.11-09.29.03:689][  0]LogInit: CPU Page size=4096, Cores=4
[2018.11.11-09.29.03:689][  0]LogInit: High frequency timer resolution =3.421878 MHz
[2018.11.11-09.29.03:689][  0]LogMemory: Memory total: Physical=16.0GB (16GB approx)
[2018.11.11-09.29.03:689][  0]LogMemory: Platform Memory Stats for Windows
[2018.11.11-09.29.03:689][  0]LogMemory: Process Physical Memory: 103.98 MB used, 103.98 MB peak
[2018.11.11-09.29.03:689][  0]LogMemory: Process Virtual Memory: 100.18 MB used, 100.18 MB peak
[2018.11.11-09.29.03:689][  0]LogMemory: Physical Memory: 11031.25 MB used,  5317.93 MB free, 16349.19 MB total
[2018.11.11-09.29.03:689][  0]LogMemory: Virtual Memory: 4636.82 MB used,  5317.93 MB free, 134217728.00 MB total
[2018.11.11-09.29.03:704][  0]LogInit: Using OS detected language (ru-RU).
[2018.11.11-09.29.03:704][  0]LogInit: Using OS detected locale (ru-RU).
[2018.11.11-09.29.03:705][  0]LogTextLocalizationManager: No specific localization for 'ru-RU' exists, so the 'ru' localization will be used.
[2018.11.11-09.29.03:738][  0]LogStreaming: Display: Took  0.034s to InitEngineTextLocalization.
[2018.11.11-09.29.03:738][  0]LogInit: Setting process to per monitor DPI aware
[2018.11.11-09.29.03:801][  0]LogSlate: New Slate User Created.  User Index 0, Is Virtual User: 0
[2018.11.11-09.29.03:801][  0]LogSlate: Slate User Registered.  User Index 0, Is Virtual User: 0
[2018.11.11-09.29.11:237][  0]LogHMD: Failed to initialize OpenVR with code 110
[2018.11.11-09.29.11:237][  0]LogD3D11RHI: D3D11 adapters:
[2018.11.11-09.29.11:285][  0]LogD3D11RHI:    0. 'NVIDIA GeForce GTX 1050 Ti' (Feature Level 11_0)
[2018.11.11-09.29.11:285][  0]LogD3D11RHI:       4018/0/8174 MB DedicatedVideo/DedicatedSystem/SharedSystem, Outputs:1, VendorId:0x10de
[2018.11.11-09.29.11:288][  0]LogD3D11RHI:    1. 'Microsoft Basic Render Driver' (Feature Level 11_0)
[2018.11.11-09.29.11:288][  0]LogD3D11RHI:       0/0/8174 MB DedicatedVideo/DedicatedSystem/SharedSystem, Outputs:0, VendorId:0x1414
[2018.11.11-09.29.11:290][  0]LogD3D11RHI:    2. 'Microsoft Basic Render Driver' (Feature Level 11_0)
[2018.11.11-09.29.11:290][  0]LogD3D11RHI:       0/0/8174 MB DedicatedVideo/DedicatedSystem/SharedSystem, Outputs:0, VendorId:0x1414
[2018.11.11-09.29.11:290][  0]LogD3D11RHI: Chosen D3D11 Adapter: 0
[2018.11.11-09.29.11:295][  0]LogD3D11RHI: Creating new Direct3DDevice
[2018.11.11-09.29.11:295][  0]LogD3D11RHI:     GPU DeviceId: 0x1c82 (for the marketing name, search the web for "GPU Device Id")
[2018.11.11-09.29.11:295][  0]LogWindows: EnumDisplayDevices:
[2018.11.11-09.29.11:295][  0]LogWindows:    0. 'NVIDIA GeForce GTX 1050 Ti' (P:1 D:1)
[2018.11.11-09.29.11:296][  0]LogWindows:    1. 'NVIDIA GeForce GTX 1050 Ti' (P:0 D:0)
[2018.11.11-09.29.11:296][  0]LogWindows:    2. 'NVIDIA GeForce GTX 1050 Ti' (P:0 D:0)
[2018.11.11-09.29.11:296][  0]LogWindows:    3. 'NVIDIA GeForce GTX 1050 Ti' (P:0 D:0)
[2018.11.11-09.29.11:296][  0]LogWindows:    4. 'Citrix Indirect Display Adapter' (P:0 D:0)
[2018.11.11-09.29.11:296][  0]LogWindows:    5. 'Citrix Indirect Display Adapter' (P:0 D:0)
[2018.11.11-09.29.11:296][  0]LogWindows:    6. 'Citrix Indirect Display Adapter' (P:0 D:0)
[2018.11.11-09.29.11:296][  0]LogWindows:    7. 'Citrix Indirect Display Adapter' (P:0 D:0)
[2018.11.11-09.29.11:297][  0]LogWindows:    8. 'Citrix Indirect Display Adapter' (P:0 D:0)
[2018.11.11-09.29.11:297][  0]LogWindows:    9. 'Citrix Indirect Display Adapter' (P:0 D:0)
[2018.11.11-09.29.11:297][  0]LogWindows:    10. 'Citrix Indirect Display Adapter' (P:0 D:0)
[2018.11.11-09.29.11:297][  0]LogWindows:    11. 'Citrix Indirect Display Adapter' (P:0 D:0)
[2018.11.11-09.29.11:297][  0]LogWindows: DebugString: GetVideoDriverDetailsInvalid PrimaryIsNotTheChoosenAdapter GetVideoDriverDetailsInvalid PrimaryIsNotTheChoosenAdapter GetVideoDriverDetailsInvalid PrimaryIsNotTheChoosenAdapter GetVideoDriverDetailsInvalid PrimaryIsNotTheChoosenAdapter GetVideoDriverDetailsInvalid PrimaryIsNotTheChoosenAdapter GetVideoDriverDetailsInvalid PrimaryIsNotTheChoosenAdapter GetVideoDriverDetailsInvalid PrimaryIsNotTheChoosenAdapter GetVideoDriverDetailsInvalid PrimaryIsNotTheChoosenAdapter FoundDriverCount:4 
[2018.11.11-09.29.11:297][  0]LogD3D11RHI:     Adapter Name: NVIDIA GeForce GTX 1050 Ti
[2018.11.11-09.29.11:297][  0]LogD3D11RHI:   Driver Version: 399.07 (internal:24.21.13.9907, unified:399.07)
[2018.11.11-09.29.11:297][  0]LogD3D11RHI:      Driver Date: 8-21-2018
[2018.11.11-09.29.11:297][  0]LogRHI: Texture pool is 2812 MB (70% of 4018 MB)
[2018.11.11-09.29.11:328][  0]LogD3D11RHI: Async texture creation enabled
[2018.11.11-09.29.11:344][  0]LogD3D11RHI: GPU Timing Frequency: 1000.000000 (Debug: 2 2)
[2018.11.11-09.29.11:392][  0]LogShaderCompilers: Guid format shader working directory is 7 characters bigger than the processId version (../../../../The-boundary-tree/MyProject/Intermediate/Shaders/WorkingDirectory/9976/).
[2018.11.11-09.29.11:392][  0]LogShaderCompilers: Cleaned the shader compiler working directory 'C:/Users/justf/AppData/Local/Temp/UnrealShaderWorkingDir/BAA05F0642F556D87943EABB64E06CD3/'.
[2018.11.11-09.29.11:854][  0]LogTemp: Display: Loaded TP AllDesktopTargetPlatform
[2018.11.11-09.29.11:866][  0]LogTemp: Display: Loaded TP MacClientTargetPlatform
[2018.11.11-09.29.11:878][  0]LogTemp: Display: Loaded TP MacNoEditorTargetPlatform
[2018.11.11-09.29.11:891][  0]LogTemp: Display: Loaded TP MacServerTargetPlatform
[2018.11.11-09.29.11:925][  0]LogTemp: Display: Loaded TP MacTargetPlatform
[2018.11.11-09.29.11:937][  0]LogTemp: Display: Loaded TP WindowsClientTargetPlatform
[2018.11.11-09.29.11:949][  0]LogTemp: Display: Loaded TP WindowsNoEditorTargetPlatform
[2018.11.11-09.29.11:961][  0]LogTemp: Display: Loaded TP WindowsServerTargetPlatform
[2018.11.11-09.29.11:966][  0]LogTemp: Display: Loaded TP WindowsTargetPlatform
[2018.11.11-09.29.12:047][  0]LogTemp: Display: Loaded TP AndroidTargetPlatform
[2018.11.11-09.29.12:047][  0]LogTemp: Display: Loaded TP AndroidTargetPlatform
[2018.11.11-09.29.12:047][  0]LogTemp: Display: Loaded TP AndroidTargetPlatform
[2018.11.11-09.29.12:047][  0]LogTemp: Display: Loaded TP AndroidTargetPlatform
[2018.11.11-09.29.12:047][  0]LogTemp: Display: Loaded TP AndroidTargetPlatform
[2018.11.11-09.29.12:047][  0]LogTemp: Display: Loaded TP AndroidTargetPlatform
[2018.11.11-09.29.12:047][  0]LogTemp: Display: Loaded TP AndroidTargetPlatform
[2018.11.11-09.29.12:047][  0]LogTemp: Display: Loaded TP AndroidTargetPlatform
[2018.11.11-09.29.12:047][  0]LogTemp: Display: Loaded TP AndroidTargetPlatform
[2018.11.11-09.29.12:047][  0]LogTemp: Display: Loaded TP AndroidTargetPlatform
[2018.11.11-09.29.12:047][  0]LogTemp: Display: Loaded TP AndroidTargetPlatform
[2018.11.11-09.29.12:047][  0]LogTemp: Display: Loaded TP AndroidTargetPlatform
[2018.11.11-09.29.12:047][  0]LogTemp: Display: Loaded TP AndroidTargetPlatform
[2018.11.11-09.29.12:047][  0]LogTemp: Display: Loaded TP AndroidTargetPlatform
[2018.11.11-09.29.12:047][  0]LogTemp: Display: Loaded TP AndroidTargetPlatform
[2018.11.11-09.29.12:047][  0]LogTemp: Display: Loaded TP AndroidTargetPlatform
[2018.11.11-09.29.12:047][  0]LogTemp: Display: Loaded TP AndroidTargetPlatform
[2018.11.11-09.29.12:047][  0]LogTemp: Display: Loaded TP AndroidTargetPlatform
[2018.11.11-09.29.12:048][  0]LogTemp: Display: Loaded TP HTML5TargetPlatform
[2018.11.11-09.29.12:114][  0]LogTemp: Display: Loaded TP IOSTargetPlatform
[2018.11.11-09.29.12:114][  0]LogTemp: Display: Loaded TP IOSTargetPlatform
[2018.11.11-09.29.12:135][  0]LogTemp: Display: Loaded TP TVOSTargetPlatform
[2018.11.11-09.29.12:135][  0]LogTemp: Display: Loaded TP TVOSTargetPlatform
[2018.11.11-09.29.12:147][  0]LogTemp: Display: Loaded TP LinuxClientTargetPlatform
[2018.11.11-09.29.12:158][  0]LogTemp: Display: Loaded TP LinuxNoEditorTargetPlatform
[2018.11.11-09.29.12:171][  0]LogTemp: Display: Loaded TP LinuxServerTargetPlatform
[2018.11.11-09.29.12:191][  0]LogTemp: Display: Loaded TP LinuxTargetPlatform
[2018.11.11-09.29.12:199][  0]LogTemp: Display: Loaded TP LuminTargetPlatform
[2018.11.11-09.29.12:199][  0]LogTargetPlatformManager: Display: Building Assets For Windows
[2018.11.11-09.29.12:237][  0]LogXGEController: Cleaning working directory: C:/Users/justf/AppData/Local/Temp/UnrealXGEWorkingDir/
[2018.11.11-09.29.12:237][  0]LogXGEController: Cannot use XGE Controller as Incredibuild is not installed on this machine.
[2018.11.11-09.29.12:237][  0]LogShaderCompilers: Cannot use XGE Shader Compiler as Incredibuild is not installed on this machine.
[2018.11.11-09.29.12:237][  0]LogShaderCompilers: Display: Using Local Shader Compiler.
[2018.11.11-09.29.14:990][  0]LogDerivedDataCache: Display: Max Cache Size: 512 MB
[2018.11.11-09.29.15:281][  0]LogDerivedDataCache: Loaded boot cache 0.29s 71MB C:/Users/justf/AppData/Local/UnrealEngine/4.20/DerivedDataCache/Boot.ddc.
[2018.11.11-09.29.15:282][  0]LogDerivedDataCache: Display: Loaded Boot cache: C:/Users/justf/AppData/Local/UnrealEngine/4.20/DerivedDataCache/Boot.ddc
[2018.11.11-09.29.15:282][  0]LogDerivedDataCache: FDerivedDataBackendGraph:  Pak pak cache file ../../../../The-boundary-tree/MyProject/DerivedDataCache/DDC.ddp not found, will not use a pak cache.
[2018.11.11-09.29.15:282][  0]LogDerivedDataCache: Unable to find inner node Pak for hierarchical cache Hierarchy.
[2018.11.11-09.29.15:282][  0]LogDerivedDataCache: FDerivedDataBackendGraph:  CompressedPak pak cache file ../../../../The-boundary-tree/MyProject/DerivedDataCache/Compressed.ddp not found, will not use a pak cache.
[2018.11.11-09.29.15:282][  0]LogDerivedDataCache: Unable to find inner node CompressedPak for hierarchical cache Hierarchy.
[2018.11.11-09.29.15:294][  0]LogDerivedDataCache: Display: Pak cache opened for reading ../../../Engine/DerivedDataCache/Compressed.ddp.
[2018.11.11-09.29.15:306][  0]LogDerivedDataCache: Using Local data cache path C:/Users/justf/AppData/Local/UnrealEngine/Common/DerivedDataCache: Writable
[2018.11.11-09.29.15:306][  0]LogDerivedDataCache: Shared data cache path not found in *engine.ini, will not use an Shared cache.
[2018.11.11-09.29.15:306][  0]LogDerivedDataCache: Unable to find inner node Shared for hierarchical cache Hierarchy.
[2018.11.11-09.29.15:322][  0]LogMaterial: Verifying Global Shaders for PCD3D_SM5
[2018.11.11-09.29.15:323][  0]LogSlate: Using FreeType 2.6.0
[2018.11.11-09.29.15:346][  0]LogSlate: SlateFontServices - WITH_FREETYPE: 1, WITH_HARFBUZZ: 1
[2018.11.11-09.29.16:188][  0]LogAssetRegistry: FAssetRegistry took 0.0253 seconds to start up
[2018.11.11-09.29.16:464][  0]LogInit: Selected Device Profile: [Windows]
[2018.11.11-09.29.16:569][  0]LogSimplygon: Simplygon DLL not present - disabling.
[2018.11.11-09.29.16:574][  0]LogMeshReduction: Using SimplygonSwarm for distributed automatic mesh merging
[2018.11.11-09.29.16:574][  0]LogMeshReduction: Using ProxyLODMeshReduction for automatic mesh merging
[2018.11.11-09.29.16:574][  0]LogMeshReduction: Using QuadricMeshReduction for automatic static mesh reduction
[2018.11.11-09.29.16:574][  0]LogMeshReduction: No automatic skeletal mesh reduction module available
[2018.11.11-09.29.16:593][  0]LogNetVersion: MyProject 1.0.0, NetCL: 4212847, EngineNetVer: 5, GameNetVer: 0 (Checksum: 1110078900)
[2018.11.11-09.29.16:659][  0]LogObj: Error: LoadConfig (/Script/Engine.Default__RendererSettings): import failed for bEnableAlphaChannelInPostProcessing in: False
[2018.11.11-09.29.17:065][  0]LogPackageLocalizationCache: Processed 11 localized package path(s) for 2 prioritized culture(s) in 0.097224 seconds
[2018.11.11-09.29.17:071][  0]LogUObjectArray: 38425 objects as part of root set at end of initial load.
[2018.11.11-09.29.17:071][  0]LogUObjectAllocator: 6690864 out of 0 bytes used by permanent object pool.
[2018.11.11-09.29.17:071][  0]LogUObjectArray: CloseDisregardForGC: 0/0 objects in disregard for GC pool
[2018.11.11-09.29.32:559][  0]LogTcpMessaging: Initializing TcpMessaging bridge
[2018.11.11-09.29.32:573][  0]LogUdpMessaging: Initializing bridge on interface 0.0.0.0:0 to multicast group 230.0.0.1:6666.
[2018.11.11-09.29.32:937][  0]SourceControl: Source control is disabled
[2018.11.11-09.29.32:938][  0]SourceControl: Source control is disabled
[2018.11.11-09.29.32:939][  0]SourceControl: Source control is disabled
[2018.11.11-09.29.32:940][  0]SourceControl: Source control is disabled
[2018.11.11-09.29.33:170][  0]LogAndroidPermission: UAndroidPermissionCallbackProxy::GetInstance
[2018.11.11-09.29.33:221][  0]LogOcInput: OculusInput pre-init called
[2018.11.11-09.29.33:293][  0]LogEngine: Initializing Engine...
[2018.11.11-09.29.33:294][  0]LogHMD: Failed to initialize OpenVR with code 110
[2018.11.11-09.29.33:296][  0]LogStats: UGameplayTagsManager::ConstructGameplayTagTree: ImportINI prefixes -  0.000 s
[2018.11.11-09.29.33:296][  0]LogStats: UGameplayTagsManager::ConstructGameplayTagTree: Construct from data asset -  0.000 s
[2018.11.11-09.29.33:296][  0]LogStats: UGameplayTagsManager::ConstructGameplayTagTree: ImportINI -  0.000 s
[2018.11.11-09.29.33:296][  0]LogStats: UGameplayTagsManager::ConstructGameplayTagTree: GameplayTagTreeChangedEvent.Broadcast -  0.000 s
[2018.11.11-09.29.33:475][  0]LogInit: Initializing FReadOnlyCVARCache
[2018.11.11-09.29.33:484][  0]LogAIModule: Creating AISystem for world Untitled
[2018.11.11-09.29.33:542][  0]LogInit: XAudio2 using 'Динамики (SADES Hammer)' : 2 channels at 48 kHz using 16 bits per sample (channel mask 0x3)
[2018.11.11-09.29.33:552][  0]LogInit: FAudioDevice initialized.
[2018.11.11-09.29.33:553][  0]LogNetVersion: Set ProjectVersion to 1.0.0.0. Version Checksum will be recalculated on next use.
[2018.11.11-09.29.33:808][  0]LogDerivedDataCache: Saved boot cache 0.25s 71MB C:/Users/justf/AppData/Local/UnrealEngine/4.20/DerivedDataCache/Boot.ddc.
[2018.11.11-09.29.33:820][  0]LogInit: Texture streaming: Enabled
[2018.11.11-09.29.33:832][  0]LogEngineSessionManager: EngineSessionManager initialized
[2018.11.11-09.29.33:888][  0]LogInit: Transaction tracking system initialized
[2018.11.11-09.29.33:901][  0]BlueprintLog: New page: Editor Load
[2018.11.11-09.29.33:977][  0]LocalizationService: Localization service is disabled
[2018.11.11-09.29.34:367][  0]LogCook: Display: Max memory allowance for cook 16384mb min free memory 0mb
[2018.11.11-09.29.34:367][  0]LogCook: Display: Mobile HDR setting 1
[2018.11.11-09.29.34:367][  0]LogGameplayTags: Display: UGameplayTagsManager::DoneAddingNativeTags. DelegateIsBound: 0
[2018.11.11-09.29.34:367][  0]LogStats: UGameplayTagsManager::ConstructGameplayTagTree: ImportINI prefixes -  0.000 s
[2018.11.11-09.29.34:367][  0]LogStats: UGameplayTagsManager::ConstructGameplayTagTree: Construct from data asset -  0.000 s
[2018.11.11-09.29.34:367][  0]LogStats: UGameplayTagsManager::ConstructGameplayTagTree: ImportINI -  0.000 s
[2018.11.11-09.29.34:367][  0]LogStats: UGameplayTagsManager::ConstructGameplayTagTree: GameplayTagTreeChangedEvent.Broadcast -  0.000 s
[2018.11.11-09.29.34:458][  0]LogFileCache: Scanning file cache for directory 'A:/Work/The-boundary-tree/MyProject/Content/' took 0.01s
[2018.11.11-09.29.34:458][  0]SourceControl: Source control is disabled
[2018.11.11-09.29.34:458][  0]Cmd: MAP LOAD FILE="../../../../The-boundary-tree/MyProject/Content/Maps/Menu_Intro.umap" TEMPLATE=0 SHOWPROGRESS=1 FEATURELEVEL=3
[2018.11.11-09.29.34:511][  0]LightingResults: New page: Lighting Build
[2018.11.11-09.29.34:513][  0]MapCheck: New page: Map Check
[2018.11.11-09.29.34:513][  0]LightingResults: New page: Lighting Build
[2018.11.11-09.29.35:574][  0]LogLinker: Warning: Asset '../../../../The-boundary-tree/MyProject/Content/Menu_Intro/Materials/MF_ConvolveTexture.uasset' has been saved with empty engine version. The asset will be loaded but may be incompatible.
[2018.11.11-09.29.35:581][  0]LogLinker: Warning: Asset '../../../../The-boundary-tree/MyProject/Content/Menu_Intro/Materials/MF_ExtractDepth.uasset' has been saved with empty engine version. The asset will be loaded but may be incompatible.
[2018.11.11-09.29.35:586][  0]LogLinker: Warning: Asset '../../../../The-boundary-tree/MyProject/Content/Menu_Intro/Materials/MF_SampleSceneTextureNeighbourUVs.uasset' has been saved with empty engine version. The asset will be loaded but may be incompatible.
[2018.11.11-09.29.36:289][  0]LogAIModule: Creating AISystem for world Menu_Intro
[2018.11.11-09.29.36:297][  0]LogEditorServer: Finished looking for orphan Actors (0.000 secs)
[2018.11.11-09.29.36:326][  0]Cmd: MAP CHECKDEP NOCLEARLOG
[2018.11.11-09.29.36:372][  0]MapCheck: Map check complete: 0 Error(s), 0 Warning(s), took 45,3ms to complete.
[2018.11.11-09.29.36:372][  0]LogFileHelpers: Loading map 'Menu_Intro' took 1.914
[2018.11.11-09.29.36:465][  0]LogSlate: Updating window title bar state: overlay mode, drag disabled, window buttons hidden, title bar hidden
[2018.11.11-09.29.36:473][  0]LogSlate: Updating window title bar state: overlay mode, drag disabled, window buttons hidden, title bar hidden
[2018.11.11-09.29.36:480][  0]LogSlate: Updating window title bar state: overlay mode, drag disabled, window buttons hidden, title bar hidden
[2018.11.11-09.29.36:486][  0]LogSlate: Updating window title bar state: overlay mode, drag disabled, window buttons hidden, title bar hidden
[2018.11.11-09.29.36:491][  0]LogCollectionManager: Loaded 0 collections in 0.000721 seconds
[2018.11.11-09.29.36:532][  0]LogFileCache: Scanning file cache for directory 'A:/Work/The-boundary-tree/MyProject/Saved/Collections/' took 0.01s
[2018.11.11-09.29.36:532][  0]LogFileCache: Scanning file cache for directory 'A:/Work/The-boundary-tree/MyProject/Content/Developers/Momnatra/Collections/' took 0.01s
[2018.11.11-09.29.36:532][  0]LogFileCache: Scanning file cache for directory 'A:/Work/The-boundary-tree/MyProject/Content/Collections/' took 0.01s
[2018.11.11-09.29.36:532][  0]LogCollectionManager: Rebuilt the GUID cache for 0 collections in 0.000000 seconds
[2018.11.11-09.29.36:541][  0]LogContentBrowser: Native class hierarchy populated in 0.0080 seconds. Added 2575 classes and 605 folders.
[2018.11.11-09.29.36:544][  0]LogContentBrowser: Native class hierarchy updated for 'WidgetCarousel' in 0.0002 seconds. Added 0 classes and 0 folders.
[2018.11.11-09.29.36:574][  0]LogContentBrowser: Native class hierarchy updated for 'AddContentDialog' in 0.0003 seconds. Added 0 classes and 0 folders.
[2018.11.11-09.29.36:578][  0]LogContentBrowser: Native class hierarchy updated for 'SceneOutliner' in 0.0003 seconds. Added 1 classes and 2 folders.
[2018.11.11-09.29.36:643][  0]LogSlate: Took 0.000216 seconds to synchronously load lazily loaded font '../../../Engine/Content/Slate/Fonts/Roboto-Regular.ttf' (155K)
[2018.11.11-09.29.36:645][  0]LogSlate: Took 0.000160 seconds to synchronously load lazily loaded font '../../../Engine/Content/Slate/Fonts/Roboto-Bold.ttf' (160K)
[2018.11.11-09.29.36:649][  0]LogSlate: Took 0.000285 seconds to synchronously load lazily loaded font '../../../Engine/Content/Editor/Slate/Fonts/FontAwesome.ttf' (139K)
[2018.11.11-09.29.36:716][  0]LogRenderer: Reallocating scene render targets to support 1208x576 Format 10 NumSamples 1 (Frame:1).
[2018.11.11-09.29.36:850][  0]LogContentBrowser: Native class hierarchy updated for 'HierarchicalLODOutliner' in 0.0004 seconds. Added 0 classes and 0 folders.
[2018.11.11-09.29.36:850][  0]LogLoad: (Engine Initialization) Total time: 34.56 seconds
[2018.11.11-09.29.36:850][  0]LogLoad: (Engine Initialization) Total Blueprint compile time: 0.00 seconds
[2018.11.11-09.29.36:860][  0]LogWindowsTextInputMethodSystem: Display: IME system now deactivated.
[2018.11.11-09.29.36:881][  0]LogContentStreaming: Texture pool size now 1000 MB
[2018.11.11-09.29.36:904][  0]LogSlate: Took 0.000199 seconds to synchronously load lazily loaded font '../../../Engine/Content/Slate/Fonts/Roboto-Light.ttf' (167K)
[2018.11.11-09.29.37:004][  1]LogAssetRegistry: Asset discovery search completed in 20.8378 seconds
[2018.11.11-09.29.37:006][  1]LogCollectionManager: Rebuilt the object cache for 0 collections in 0.000001 seconds (found 0 objects)
[2018.11.11-09.29.37:006][  1]LogCollectionManager: Fixed up redirectors for 0 collections in 0.000058 seconds (updated 0 objects)
[2018.11.11-09.30.51:469][627]LogSlate: FSceneViewport::OnFocusLost() reason 0
[2018.11.11-09.30.51:569][639]LogTemp: Repeating last play command: Selected Viewport
[2018.11.11-09.30.51:685][639]LogBlueprintUserMessages: Early PlayInEditor Detection: Level '/Game/Maps/Menu_Intro.Menu_Intro:PersistentLevel' has LevelScriptBlueprint '/Game/Maps/Menu_Intro.Menu_Intro:PersistentLevel.Menu_Intro' with GeneratedClass '/Game/Maps/Menu_Intro.Menu_Intro_C' with ClassGeneratedBy '/Game/Maps/Menu_Intro.Menu_Intro:PersistentLevel.Menu_Intro'
[2018.11.11-09.30.51:696][639]LogPlayLevel: PlayLevel: No blueprints needed recompiling
[2018.11.11-09.30.52:102][639]PIE: New page: PIE session: Menu_Intro (12 нояб. 2018 г., 5:30:51)
[2018.11.11-09.30.52:102][639]LogPlayLevel: Creating play world package: /Game/Maps/UEDPIE_0_Menu_Intro
[2018.11.11-09.30.52:281][639]LogPlayLevel: PIE: StaticDuplicateObject took: (0.177778s)
[2018.11.11-09.30.52:281][639]LogAIModule: Creating AISystem for world Menu_Intro
[2018.11.11-09.30.52:296][639]LogPlayLevel: PIE: World Init took: (0.015501s)
[2018.11.11-09.30.52:311][639]LogPlayLevel: PIE: Created PIE world by copying editor world from /Game/Maps/Menu_Intro.Menu_Intro to /Game/Maps/UEDPIE_0_Menu_Intro.Menu_Intro (0.208224s)
[2018.11.11-09.30.52:381][639]LogInit: XAudio2 using 'Динамики (SADES Hammer)' : 2 channels at 48 kHz using 16 bits per sample (channel mask 0x3)
[2018.11.11-09.30.52:402][639]LogInit: FAudioDevice initialized.
[2018.11.11-09.30.53:050][639]LogLoad: Game class is '2DSideScrollerGameMode_C'
[2018.11.11-09.30.53:212][639]LogWorld: Bringing World /Game/Maps/UEDPIE_0_Menu_Intro.Menu_Intro up for play (max tick rate 0) at 2018.11.11-19.30.53
[2018.11.11-09.30.53:402][639]LogWorld: Bringing up level for play took: 0.192625
[2018.11.11-09.30.53:689][639]LogContentBrowser: Native class hierarchy updated for 'MovieSceneCapture' in 0.0005 seconds. Added 10 classes and 0 folders.
[2018.11.11-09.30.53:889][639]PIE: Play in editor start time for /Game/Maps/UEDPIE_0_Menu_Intro 1,754
[2018.11.11-09.30.53:889][639]LogBlueprintUserMessages: Late PlayInEditor Detection: Level '/Game/Maps/Menu_Intro.Menu_Intro:PersistentLevel' has LevelScriptBlueprint '/Game/Maps/Menu_Intro.Menu_Intro:PersistentLevel.Menu_Intro' with GeneratedClass '/Game/Maps/Menu_Intro.Menu_Intro_C' with ClassGeneratedBy '/Game/Maps/Menu_Intro.Menu_Intro:PersistentLevel.Menu_Intro'
[2018.11.11-09.31.03:689][725]LogBlueprintUserMessages: Early EndPlayMap Detection: Level '/Game/Maps/Menu_Intro.Menu_Intro:PersistentLevel' has LevelScriptBlueprint '/Game/Maps/Menu_Intro.Menu_Intro:PersistentLevel.Menu_Intro' with GeneratedClass '/Game/Maps/Menu_Intro.Menu_Intro_C' with ClassGeneratedBy '/Game/Maps/Menu_Intro.Menu_Intro:PersistentLevel.Menu_Intro'
[2018.11.11-09.31.03:698][725]LogSlate: Updating window title bar state: overlay mode, drag disabled, window buttons hidden, title bar hidden
[2018.11.11-09.31.03:767][725]LogPlayLevel: Display: Shutting down PIE online subsystems
[2018.11.11-09.31.03:767][725]LogBlueprintUserMessages: Late EndPlayMap Detection: Level '/Game/Maps/Menu_Intro.Menu_Intro:PersistentLevel' has LevelScriptBlueprint '/Game/Maps/Menu_Intro.Menu_Intro:PersistentLevel.Menu_Intro' with GeneratedClass '/Game/Maps/Menu_Intro.Menu_Intro_C' with ClassGeneratedBy '/Game/Maps/Menu_Intro.Menu_Intro:PersistentLevel.Menu_Intro'
[2018.11.11-09.31.03:803][725]LogSlate: Updating window title bar state: overlay mode, drag disabled, window buttons hidden, title bar hidden
[2018.11.11-09.31.03:855][726]LogPlayLevel: Display: Destroying online subsystem :Context_2
[2018.11.11-09.31.07:290][136]LogSlate: FSceneViewport::OnFocusLost() reason 0
[2018.11.11-09.31.14:058][921]LogSlate: Took 0.000203 seconds to synchronously load lazily loaded font '../../../Engine/Content/Slate/Fonts/Roboto-Light.ttf' (167K)
[2018.11.11-09.31.17:384][921]LogTexture: Display: Building textures: IMG_Run_Test_3 (BGRA8, 666X666)
[2018.11.11-09.31.17:385][921]LogTexture: Display: Building textures: LQ_Lightmap_1_1 (DXT1, 256X256)
[2018.11.11-09.31.17:385][921]LogTexture: Display: Building textures: HQ_Lightmap1_1 (AutoDXT, 256X256)
[2018.11.11-09.31.17:585][921]LogTexture: Display: Building textures: ShadowMapTexture2D_0 (G8, 512X64)
[2018.11.11-09.31.17:655][921]LogMaterial: Display: Missing cached shader map for material M_HorriblePaper, compiling. 
[2018.11.11-09.31.18:079][921]LogShaderCompilers: Display: Shaders left to compile 22
[2018.11.11-09.31.18:079][921]LogShaderCompilers: Display: Shaders left to compile 12
[2018.11.11-09.31.18:079][921]LogShaderCompilers: Display: Shaders left to compile 2
[2018.11.11-09.31.18:079][921]LogMaterial: Display: Missing cached shader map for material M_MenuButton, compiling. 
[2018.11.11-09.31.18:342][921]LogMaterial: Display: Missing cached shader map for material M_HorizontalBeam, compiling. 
[2018.11.11-09.31.19:408][921]LogAIModule: Creating AISystem for world Menu
[2018.11.11-09.31.19:980][921]LogAssetEditorManager: Opening Asset editor for World /Game/Maps/Menu.Menu
[2018.11.11-09.31.20:074][921]Cmd: MAP LOAD FILE="../../../../The-boundary-tree/MyProject/Content/Maps/Menu.umap" TEMPLATE=0 SHOWPROGRESS=1 FEATURELEVEL=3
[2018.11.11-09.31.20:074][921]LightingResults: New page: Lighting Build
[2018.11.11-09.31.20:074][921]LoadErrors: New page: Loading map: Menu.umap
[2018.11.11-09.31.20:075][921]MapCheck: New page: Map Check
[2018.11.11-09.31.20:075][921]LightingResults: New page: Lighting Build
[2018.11.11-09.31.20:359][921]LogEditorServer: Finished looking for orphan Actors (0.000 secs)
[2018.11.11-09.31.20:441][921]Cmd: MAP CHECKDEP NOCLEARLOG
[2018.11.11-09.31.20:557][921]MapCheck: Map check complete: 0 Error(s), 0 Warning(s), took 116,362ms to complete.
[2018.11.11-09.31.20:557][921]LogFileHelpers: Loading map 'Menu' took 0.484
[2018.11.11-09.31.22:156][995]LogTemp: Repeating last play command: Selected Viewport
[2018.11.11-09.31.22:182][995]LogBlueprintUserMessages: Early PlayInEditor Detection: Level '/Game/Maps/Menu.Menu:PersistentLevel' has LevelScriptBlueprint '/Game/Maps/Menu.Menu:PersistentLevel.Menu' with GeneratedClass '/Game/Maps/Menu.Menu_C' with ClassGeneratedBy '/Game/Maps/Menu.Menu:PersistentLevel.Menu'
[2018.11.11-09.31.22:182][995]LogPlayLevel: PlayLevel: No blueprints needed recompiling
[2018.11.11-09.31.22:182][995]PIE: New page: PIE session: Menu (12 нояб. 2018 г., 5:31:22)
[2018.11.11-09.31.22:183][995]LogPlayLevel: Creating play world package: /Game/Maps/UEDPIE_0_Menu
[2018.11.11-09.31.22:187][995]LogPlayLevel: PIE: StaticDuplicateObject took: (0.004849s)
[2018.11.11-09.31.22:188][995]LogAIModule: Creating AISystem for world Menu
[2018.11.11-09.31.22:188][995]LogPlayLevel: PIE: World Init took: (0.000705s)
[2018.11.11-09.31.22:188][995]LogPlayLevel: PIE: Created PIE world by copying editor world from /Game/Maps/Menu.Menu to /Game/Maps/UEDPIE_0_Menu.Menu (0.005668s)
[2018.11.11-09.31.22:231][995]LogInit: XAudio2 using 'Динамики (SADES Hammer)' : 2 channels at 48 kHz using 16 bits per sample (channel mask 0x3)
[2018.11.11-09.31.22:240][995]LogInit: FAudioDevice initialized.
[2018.11.11-09.31.22:275][995]LogLoad: Game class is '2DSideScrollerGameMode_C'
[2018.11.11-09.31.22:297][995]LogWorld: Bringing World /Game/Maps/UEDPIE_0_Menu.Menu up for play (max tick rate 0) at 2018.11.11-19.31.22
[2018.11.11-09.31.22:411][995]LogWorld: Bringing up level for play took: 0.134871
[2018.11.11-09.31.22:589][995]PIE: Play in editor start time for /Game/Maps/UEDPIE_0_Menu 0,455
[2018.11.11-09.31.22:589][995]LogBlueprintUserMessages: Late PlayInEditor Detection: Level '/Game/Maps/Menu.Menu:PersistentLevel' has LevelScriptBlueprint '/Game/Maps/Menu.Menu:PersistentLevel.Menu' with GeneratedClass '/Game/Maps/Menu.Menu_C' with ClassGeneratedBy '/Game/Maps/Menu.Menu:PersistentLevel.Menu'
[2018.11.11-09.31.24:207][123]LogShaderCompilers: Display: Shaders left to compile 66
[2018.11.11-09.31.30:081][601]LogShaderCompilers: Display: Shaders left to compile 56
[2018.11.11-09.31.31:958][750]LogShaderCompilers: Display: Shaders left to compile 46
[2018.11.11-09.31.33:924][803]LogShaderCompilers: Display: Shaders left to compile 36
[2018.11.11-09.31.38:146][927]LogShaderCompilers: Display: Shaders left to compile 26
[2018.11.11-09.31.38:630][941]LogShaderCompilers: Display: Shaders left to compile 16
[2018.11.11-09.31.39:667][968]LogShaderCompilers: Display: Shaders left to compile 6
[2018.11.11-09.31.47:161][484]LogBlueprintUserMessages: Early EndPlayMap Detection: Level '/Game/Maps/Menu.Menu:PersistentLevel' has LevelScriptBlueprint '/Game/Maps/Menu.Menu:PersistentLevel.Menu' with GeneratedClass '/Game/Maps/Menu.Menu_C' with ClassGeneratedBy '/Game/Maps/Menu.Menu:PersistentLevel.Menu'
[2018.11.11-09.31.47:161][484]LogSlate: Updating window title bar state: overlay mode, drag disabled, window buttons hidden, title bar hidden
[2018.11.11-09.31.47:290][484]LogPlayLevel: Display: Shutting down PIE online subsystems
[2018.11.11-09.31.47:290][484]LogBlueprintUserMessages: Late EndPlayMap Detection: Level '/Game/Maps/Menu.Menu:PersistentLevel' has LevelScriptBlueprint '/Game/Maps/Menu.Menu:PersistentLevel.Menu' with GeneratedClass '/Game/Maps/Menu.Menu_C' with ClassGeneratedBy '/Game/Maps/Menu.Menu:PersistentLevel.Menu'
[2018.11.11-09.31.47:312][484]LogSlate: Updating window title bar state: overlay mode, drag disabled, window buttons hidden, title bar hidden
[2018.11.11-09.31.47:334][485]LogPlayLevel: Display: Destroying online subsystem :Context_3
[2018.11.11-09.31.51:997][ 18]LogSlate: FSceneViewport::OnFocusLost() reason 0
[2018.11.11-09.31.52:113][ 32]LogTemp: Repeating last play command: Selected Viewport
[2018.11.11-09.31.52:141][ 32]LogBlueprintUserMessages: Early PlayInEditor Detection: Level '/Game/Maps/Menu.Menu:PersistentLevel' has LevelScriptBlueprint '/Game/Maps/Menu.Menu:PersistentLevel.Menu' with GeneratedClass '/Game/Maps/Menu.Menu_C' with ClassGeneratedBy '/Game/Maps/Menu.Menu:PersistentLevel.Menu'
[2018.11.11-09.31.52:141][ 32]LogPlayLevel: PlayLevel: No blueprints needed recompiling
[2018.11.11-09.31.52:141][ 32]PIE: New page: PIE session: Menu (12 нояб. 2018 г., 5:31:52)
[2018.11.11-09.31.52:141][ 32]LogPlayLevel: Creating play world package: /Game/Maps/UEDPIE_0_Menu
[2018.11.11-09.31.52:146][ 32]LogPlayLevel: PIE: StaticDuplicateObject took: (0.005197s)
[2018.11.11-09.31.52:147][ 32]LogAIModule: Creating AISystem for world Menu
[2018.11.11-09.31.52:147][ 32]LogPlayLevel: PIE: World Init took: (0.000798s)
[2018.11.11-09.31.52:147][ 32]LogPlayLevel: PIE: Created PIE world by copying editor world from /Game/Maps/Menu.Menu to /Game/Maps/UEDPIE_0_Menu.Menu (0.006133s)
[2018.11.11-09.31.52:176][ 32]LogInit: XAudio2 using 'Динамики (SADES Hammer)' : 2 channels at 48 kHz using 16 bits per sample (channel mask 0x3)
[2018.11.11-09.31.52:184][ 32]LogInit: FAudioDevice initialized.
[2018.11.11-09.31.52:213][ 32]LogLoad: Game class is '2DSideScrollerGameMode_C'
[2018.11.11-09.31.52:215][ 32]LogWorld: Bringing World /Game/Maps/UEDPIE_0_Menu.Menu up for play (max tick rate 0) at 2018.11.11-19.31.52
[2018.11.11-09.31.52:215][ 32]LogWorld: Bringing up level for play took: 0.001673
[2018.11.11-09.31.52:230][ 32]PIE: Play in editor start time for /Game/Maps/UEDPIE_0_Menu 0,096
[2018.11.11-09.31.52:230][ 32]LogBlueprintUserMessages: Late PlayInEditor Detection: Level '/Game/Maps/Menu.Menu:PersistentLevel' has LevelScriptBlueprint '/Game/Maps/Menu.Menu:PersistentLevel.Menu' with GeneratedClass '/Game/Maps/Menu.Menu_C' with ClassGeneratedBy '/Game/Maps/Menu.Menu:PersistentLevel.Menu'
[2018.11.11-09.31.56:186][501]LogBlueprintUserMessages: Early EndPlayMap Detection: Level '/Game/Maps/Menu.Menu:PersistentLevel' has LevelScriptBlueprint '/Game/Maps/Menu.Menu:PersistentLevel.Menu' with GeneratedClass '/Game/Maps/Menu.Menu_C' with ClassGeneratedBy '/Game/Maps/Menu.Menu:PersistentLevel.Menu'
[2018.11.11-09.31.56:186][501]LogSlate: Updating window title bar state: overlay mode, drag disabled, window buttons hidden, title bar hidden
[2018.11.11-09.31.56:217][501]LogPlayLevel: Display: Shutting down PIE online subsystems
[2018.11.11-09.31.56:218][501]LogBlueprintUserMessages: Late EndPlayMap Detection: Level '/Game/Maps/Menu.Menu:PersistentLevel' has LevelScriptBlueprint '/Game/Maps/Menu.Menu:PersistentLevel.Menu' with GeneratedClass '/Game/Maps/Menu.Menu_C' with ClassGeneratedBy '/Game/Maps/Menu.Menu:PersistentLevel.Menu'
[2018.11.11-09.31.56:239][501]LogSlate: Updating window title bar state: overlay mode, drag disabled, window buttons hidden, title bar hidden
[2018.11.11-09.31.56:289][506]LogPlayLevel: Display: Destroying online subsystem :Context_4
[2018.11.11-09.32.01:078][ 64]LogSlate: FSceneViewport::OnFocusLost() reason 0
[2018.11.11-09.32.21:013][432]LogSlate: FSceneViewport::OnFocusLost() reason 0
[2018.11.11-09.32.26:096][785]LogSlate: FSceneViewport::OnFocusLost() reason 0
[2018.11.11-09.32.26:178][795]LogTemp: Repeating last play command: Selected Viewport
[2018.11.11-09.32.26:205][795]LogBlueprintUserMessages: Early PlayInEditor Detection: Level '/Game/Maps/Menu.Menu:PersistentLevel' has LevelScriptBlueprint '/Game/Maps/Menu.Menu:PersistentLevel.Menu' with GeneratedClass '/Game/Maps/Menu.Menu_C' with ClassGeneratedBy '/Game/Maps/Menu.Menu:PersistentLevel.Menu'
[2018.11.11-09.32.26:205][795]LogPlayLevel: PlayLevel: No blueprints needed recompiling
[2018.11.11-09.32.26:205][795]PIE: New page: PIE session: Menu (12 нояб. 2018 г., 5:32:26)
[2018.11.11-09.32.26:205][795]LogPlayLevel: Creating play world package: /Game/Maps/UEDPIE_0_Menu
[2018.11.11-09.32.26:211][795]LogPlayLevel: PIE: StaticDuplicateObject took: (0.005356s)
[2018.11.11-09.32.26:211][795]LogAIModule: Creating AISystem for world Menu
[2018.11.11-09.32.26:211][795]LogPlayLevel: PIE: World Init took: (0.000625s)
[2018.11.11-09.32.26:211][795]LogPlayLevel: PIE: Created PIE world by copying editor world from /Game/Maps/Menu.Menu to /Game/Maps/UEDPIE_0_Menu.Menu (0.006093s)
[2018.11.11-09.32.26:305][795]LogInit: XAudio2 using 'Динамики (SADES Hammer)' : 2 channels at 48 kHz using 16 bits per sample (channel mask 0x3)
[2018.11.11-09.32.26:314][795]LogInit: FAudioDevice initialized.
[2018.11.11-09.32.26:347][795]LogLoad: Game class is '2DSideScrollerGameMode_C'
[2018.11.11-09.32.26:349][795]LogWorld: Bringing World /Game/Maps/UEDPIE_0_Menu.Menu up for play (max tick rate 0) at 2018.11.11-19.32.26
[2018.11.11-09.32.26:373][795]LogWorld: Bringing up level for play took: 0.025739
[2018.11.11-09.32.26:466][795]PIE: Play in editor start time for /Game/Maps/UEDPIE_0_Menu 0,331
[2018.11.11-09.32.26:466][795]LogBlueprintUserMessages: Late PlayInEditor Detection: Level '/Game/Maps/Menu.Menu:PersistentLevel' has LevelScriptBlueprint '/Game/Maps/Menu.Menu:PersistentLevel.Menu' with GeneratedClass '/Game/Maps/Menu.Menu_C' with ClassGeneratedBy '/Game/Maps/Menu.Menu:PersistentLevel.Menu'
[2018.11.11-09.32.27:302][884]LogBlueprintUserMessages: Early EndPlayMap Detection: Level '/Game/Maps/Menu.Menu:PersistentLevel' has LevelScriptBlueprint '/Game/Maps/Menu.Menu:PersistentLevel.Menu' with GeneratedClass '/Game/Maps/Menu.Menu_C' with ClassGeneratedBy '/Game/Maps/Menu.Menu:PersistentLevel.Menu'
[2018.11.11-09.32.27:302][884]LogSlate: Updating window title bar state: overlay mode, drag disabled, window buttons hidden, title bar hidden
[2018.11.11-09.32.27:335][884]LogPlayLevel: Display: Shutting down PIE online subsystems
[2018.11.11-09.32.27:335][884]LogBlueprintUserMessages: Late EndPlayMap Detection: Level '/Game/Maps/Menu.Menu:PersistentLevel' has LevelScriptBlueprint '/Game/Maps/Menu.Menu:PersistentLevel.Menu' with GeneratedClass '/Game/Maps/Menu.Menu_C' with ClassGeneratedBy '/Game/Maps/Menu.Menu:PersistentLevel.Menu'
[2018.11.11-09.32.27:357][884]LogSlate: Updating window title bar state: overlay mode, drag disabled, window buttons hidden, title bar hidden
[2018.11.11-09.32.27:402][888]LogPlayLevel: Display: Destroying online subsystem :Context_6
[2018.11.11-09.32.32:436][478]LogEditorViewport: Clicking on Actor (LMB): Pawn_Mage_C (Pawn_Mage)
[2018.11.11-09.32.36:289][876]Cmd: TRANSACTION UNDO
[2018.11.11-09.32.36:290][876]LogEditorTransaction: Undo Clicking on Actors
[2018.11.11-09.32.36:895][942]Cmd: TRANSACTION UNDO
[2018.11.11-09.32.36:895][942]LogEditorTransaction: Undo Create Actors
[2018.11.11-09.32.54:794][692]LogSlate: FSceneViewport::OnFocusLost() reason 0
[2018.11.11-09.33.02:909][623]LogAssetEditorManager: Opening Asset editor for LevelScriptBlueprint /Game/Maps/Menu.Menu:PersistentLevel.Menu
[2018.11.11-09.33.05:017][623]LogContentBrowser: Native class hierarchy updated for 'BlueprintGraph' in 0.0026 seconds. Added 116 classes and 0 folders.
[2018.11.11-09.33.07:259][623]LogSlate: Took 0.031167 seconds to synchronously load lazily loaded font '../../../Engine/Content/Slate/Fonts/Roboto-BoldCondensed.ttf' (158K)
[2018.11.11-09.33.08:966][741]LogSlate: Took 0.027832 seconds to synchronously load lazily loaded font '../../../Engine/Content/Slate/Fonts/Roboto-Italic.ttf' (157K)
[2018.11.11-09.33.20:208][ 36]LogSlate: Window 'Menu - Level Blueprint Editor' being destroyed
[2018.11.11-09.34.00:221][749]BlueprintLog: New page: Compile Menu
[2018.11.11-09.34.04:441][226]LogTemp: Repeating last play command: Selected Viewport
[2018.11.11-09.34.04:466][226]LogBlueprintUserMessages: Early PlayInEditor Detection: Level '/Game/Maps/Menu.Menu:PersistentLevel' has LevelScriptBlueprint '/Game/Maps/Menu.Menu:PersistentLevel.Menu' with GeneratedClass '/Game/Maps/Menu.Menu_C' with ClassGeneratedBy '/Game/Maps/Menu.Menu:PersistentLevel.Menu'
[2018.11.11-09.34.04:466][226]LogPlayLevel: PlayLevel: No blueprints needed recompiling
[2018.11.11-09.34.04:466][226]PIE: New page: PIE session: Menu (12 нояб. 2018 г., 5:34:04)
[2018.11.11-09.34.04:466][226]LogPlayLevel: Creating play world package: /Game/Maps/UEDPIE_0_Menu
[2018.11.11-09.34.04:471][226]LogPlayLevel: PIE: StaticDuplicateObject took: (0.004783s)
[2018.11.11-09.34.04:472][226]LogAIModule: Creating AISystem for world Menu
[2018.11.11-09.34.04:472][226]LogPlayLevel: PIE: World Init took: (0.000642s)
[2018.11.11-09.34.04:472][226]LogPlayLevel: PIE: Created PIE world by copying editor world from /Game/Maps/Menu.Menu to /Game/Maps/UEDPIE_0_Menu.Menu (0.005543s)
[2018.11.11-09.34.04:504][226]LogInit: XAudio2 using 'Динамики (SADES Hammer)' : 2 channels at 48 kHz using 16 bits per sample (channel mask 0x3)
[2018.11.11-09.34.04:512][226]LogInit: FAudioDevice initialized.
[2018.11.11-09.34.04:546][226]LogLoad: Game class is '2DSideScrollerGameMode_C'
[2018.11.11-09.34.04:547][226]LogWorld: Bringing World /Game/Maps/UEDPIE_0_Menu.Menu up for play (max tick rate 0) at 2018.11.11-19.34.04
[2018.11.11-09.34.04:548][226]LogWorld: Bringing up level for play took: 0.001404
[2018.11.11-09.34.04:562][226]PIE: Play in editor start time for /Game/Maps/UEDPIE_0_Menu 0,428
[2018.11.11-09.34.04:563][226]LogBlueprintUserMessages: Late PlayInEditor Detection: Level '/Game/Maps/Menu.Menu:PersistentLevel' has LevelScriptBlueprint '/Game/Maps/Menu.Menu:PersistentLevel.Menu' with GeneratedClass '/Game/Maps/Menu.Menu_C' with ClassGeneratedBy '/Game/Maps/Menu.Menu:PersistentLevel.Menu'
[2018.11.11-09.34.15:139][452]LogBlueprintUserMessages: Early EndPlayMap Detection: Level '/Game/Maps/Menu.Menu:PersistentLevel' has LevelScriptBlueprint '/Game/Maps/Menu.Menu:PersistentLevel.Menu' with GeneratedClass '/Game/Maps/Menu.Menu_C' with ClassGeneratedBy '/Game/Maps/Menu.Menu:PersistentLevel.Menu'
[2018.11.11-09.34.15:140][452]LogSlate: Updating window title bar state: overlay mode, drag disabled, window buttons hidden, title bar hidden
[2018.11.11-09.34.15:178][452]LogPlayLevel: Display: Shutting down PIE online subsystems
[2018.11.11-09.34.15:178][452]LogBlueprintUserMessages: Late EndPlayMap Detection: Level '/Game/Maps/Menu.Menu:PersistentLevel' has LevelScriptBlueprint '/Game/Maps/Menu.Menu:PersistentLevel.Menu' with GeneratedClass '/Game/Maps/Menu.Menu_C' with ClassGeneratedBy '/Game/Maps/Menu.Menu:PersistentLevel.Menu'
[2018.11.11-09.34.15:207][452]LogSlate: Updating window title bar state: overlay mode, drag disabled, window buttons hidden, title bar hidden
[2018.11.11-09.34.15:238][455]LogPlayLevel: Display: Destroying online subsystem :Context_14
[2018.11.11-09.34.18:404][830]LogSlate: FSceneViewport::OnFocusLost() reason 0
[2018.11.11-09.34.18:569][848]LogAssetEditorManager: Opening Asset editor for Blueprint /Game/2DSideScrollerBP/Blueprints/Scene/MainMenu/MenuBook.MenuBook
[2018.11.11-09.34.32:113][364]LogSlate: Prevented a slow task dialog from being summoned while a context menu was open
[2018.11.11-09.34.46:125][ 31]LogTemp: Repeating last play command: Selected Viewport
[2018.11.11-09.34.46:156][ 31]LogBlueprintUserMessages: Early PlayInEditor Detection: Level '/Game/Maps/Menu.Menu:PersistentLevel' has LevelScriptBlueprint '/Game/Maps/Menu.Menu:PersistentLevel.Menu' with GeneratedClass '/Game/Maps/Menu.Menu_C' with ClassGeneratedBy '/Game/Maps/Menu.Menu:PersistentLevel.Menu'
[2018.11.11-09.34.46:156][ 31]LogPlayLevel: PlayLevel: No blueprints needed recompiling
[2018.11.11-09.34.46:156][ 31]PIE: New page: PIE session: Menu (12 нояб. 2018 г., 5:34:46)
[2018.11.11-09.34.46:156][ 31]LogPlayLevel: Creating play world package: /Game/Maps/UEDPIE_0_Menu
[2018.11.11-09.34.46:162][ 31]LogPlayLevel: PIE: StaticDuplicateObject took: (0.005174s)
[2018.11.11-09.34.46:162][ 31]LogAIModule: Creating AISystem for world Menu
[2018.11.11-09.34.46:162][ 31]LogPlayLevel: PIE: World Init took: (0.000660s)
[2018.11.11-09.34.46:162][ 31]LogPlayLevel: PIE: Created PIE world by copying editor world from /Game/Maps/Menu.Menu to /Game/Maps/UEDPIE_0_Menu.Menu (0.005950s)
[2018.11.11-09.34.46:193][ 31]LogInit: XAudio2 using 'Динамики (SADES Hammer)' : 2 channels at 48 kHz using 16 bits per sample (channel mask 0x3)
[2018.11.11-09.34.46:201][ 31]LogInit: FAudioDevice initialized.
[2018.11.11-09.34.46:232][ 31]LogLoad: Game class is '2DSideScrollerGameMode_C'
[2018.11.11-09.34.46:234][ 31]LogWorld: Bringing World /Game/Maps/UEDPIE_0_Menu.Menu up for play (max tick rate 0) at 2018.11.11-19.34.46
[2018.11.11-09.34.46:234][ 31]LogWorld: Bringing up level for play took: 0.001630
[2018.11.11-09.34.46:248][ 31]PIE: Play in editor start time for /Game/Maps/UEDPIE_0_Menu 0,114
[2018.11.11-09.34.46:249][ 31]LogBlueprintUserMessages: Late PlayInEditor Detection: Level '/Game/Maps/Menu.Menu:PersistentLevel' has LevelScriptBlueprint '/Game/Maps/Menu.Menu:PersistentLevel.Menu' with GeneratedClass '/Game/Maps/Menu.Menu_C' with ClassGeneratedBy '/Game/Maps/Menu.Menu:PersistentLevel.Menu'
[2018.11.11-09.34.49:812][454]LogBlueprintUserMessages: Early EndPlayMap Detection: Level '/Game/Maps/Menu.Menu:PersistentLevel' has LevelScriptBlueprint '/Game/Maps/Menu.Menu:PersistentLevel.Menu' with GeneratedClass '/Game/Maps/Menu.Menu_C' with ClassGeneratedBy '/Game/Maps/Menu.Menu:PersistentLevel.Menu'
[2018.11.11-09.34.49:812][454]LogSlate: Updating window title bar state: overlay mode, drag disabled, window buttons hidden, title bar hidden
[2018.11.11-09.34.49:845][454]LogPlayLevel: Display: Shutting down PIE online subsystems
[2018.11.11-09.34.49:845][454]LogBlueprintUserMessages: Late EndPlayMap Detection: Level '/Game/Maps/Menu.Menu:PersistentLevel' has LevelScriptBlueprint '/Game/Maps/Menu.Menu:PersistentLevel.Menu' with GeneratedClass '/Game/Maps/Menu.Menu_C' with ClassGeneratedBy '/Game/Maps/Menu.Menu:PersistentLevel.Menu'
[2018.11.11-09.34.49:877][454]LogSlate: Updating window title bar state: overlay mode, drag disabled, window buttons hidden, title bar hidden
[2018.11.11-09.34.49:913][457]LogPlayLevel: Display: Destroying online subsystem :Context_16
[2018.11.11-09.34.52:911][801]LogSlate: FSceneViewport::OnFocusLost() reason 2
[2018.11.11-09.35.03:677][ 73]LogTemp: Repeating last play command: Selected Viewport
[2018.11.11-09.35.03:706][ 73]LogBlueprintUserMessages: Early PlayInEditor Detection: Level '/Game/Maps/Menu.Menu:PersistentLevel' has LevelScriptBlueprint '/Game/Maps/Menu.Menu:PersistentLevel.Menu' with GeneratedClass '/Game/Maps/Menu.Menu_C' with ClassGeneratedBy '/Game/Maps/Menu.Menu:PersistentLevel.Menu'
[2018.11.11-09.35.03:707][ 73]LogPlayLevel: PlayLevel: No blueprints needed recompiling
[2018.11.11-09.35.03:707][ 73]PIE: New page: PIE session: Menu (12 нояб. 2018 г., 5:35:03)
[2018.11.11-09.35.03:707][ 73]LogPlayLevel: Creating play world package: /Game/Maps/UEDPIE_0_Menu
[2018.11.11-09.35.03:712][ 73]LogPlayLevel: PIE: StaticDuplicateObject took: (0.004877s)
[2018.11.11-09.35.03:712][ 73]LogAIModule: Creating AISystem for world Menu
[2018.11.11-09.35.03:712][ 73]LogPlayLevel: PIE: World Init took: (0.000598s)
[2018.11.11-09.35.03:712][ 73]LogPlayLevel: PIE: Created PIE world by copying editor world from /Game/Maps/Menu.Menu to /Game/Maps/UEDPIE_0_Menu.Menu (0.005590s)
[2018.11.11-09.35.03:744][ 73]LogInit: XAudio2 using 'Динамики (SADES Hammer)' : 2 channels at 48 kHz using 16 bits per sample (channel mask 0x3)
[2018.11.11-09.35.03:753][ 73]LogInit: FAudioDevice initialized.
[2018.11.11-09.35.03:785][ 73]LogLoad: Game class is '2DSideScrollerGameMode_C'
[2018.11.11-09.35.03:787][ 73]LogWorld: Bringing World /Game/Maps/UEDPIE_0_Menu.Menu up for play (max tick rate 0) at 2018.11.11-19.35.03
[2018.11.11-09.35.03:787][ 73]LogWorld: Bringing up level for play took: 0.001547
[2018.11.11-09.35.03:826][ 73]PIE: Play in editor start time for /Game/Maps/UEDPIE_0_Menu -0,309
[2018.11.11-09.35.03:827][ 73]LogBlueprintUserMessages: Late PlayInEditor Detection: Level '/Game/Maps/Menu.Menu:PersistentLevel' has LevelScriptBlueprint '/Game/Maps/Menu.Menu:PersistentLevel.Menu' with GeneratedClass '/Game/Maps/Menu.Menu_C' with ClassGeneratedBy '/Game/Maps/Menu.Menu:PersistentLevel.Menu'
[2018.11.11-09.35.07:931][536]LogBlueprintUserMessages: [Move_2D_C_2] Walk
[2018.11.11-09.35.09:415][700]LogBlueprintUserMessages: [Move_2D_C_2] Walk
[2018.11.11-09.35.10:399][807]LogBlueprintUserMessages: [Move_2D_C_2] Walk
[2018.11.11-09.35.11:411][924]LogBlueprintUserMessages: [Move_2D_C_2] Walk
[2018.11.11-09.35.14:574][287]LogBlueprintUserMessages: [Move_2D_C_2] Walk
[2018.11.11-09.35.15:016][339]LogBlueprintUserMessages: [Move_2D_C_2] Walk
[2018.11.11-09.35.16:628][528]LogBlueprintUserMessages: [Move_2D_C_2] Walk
[2018.11.11-09.35.18:066][698]LogBlueprintUserMessages: [Move_2D_C_2] Walk
[2018.11.11-09.35.29:376][ 47]LogScript: Warning: Accessed None trying to read property SourceRef
	AIHelperBase_C /Game/Maps/UEDPIE_0_Menu.Menu:PersistentLevel.Pawn_AI_Enemy1_2.AI_PawnHelper
	Function /Game/2DSideScrollerBP/Blueprints/AI/AIHelperBase.AIHelperBase_C:GetShortestPathToAdjacentSpace:00D4
[2018.11.11-09.35.29:376][ 47]PIE: Error: Blueprint Runtime Error: "Accessed None trying to read property SourceRef". Blueprint:  AIHelperBase Function:  Get Shortest Path to Adjacent Space Graph:  ForEachLoop Node:  Branch
[2018.11.11-09.35.29:376][ 47]LogScript: Warning: Accessed None
	AIHelperBase_C /Game/Maps/UEDPIE_0_Menu.Menu:PersistentLevel.Pawn_AI_Enemy1_2.AI_PawnHelper
	Function /Game/2DSideScrollerBP/Blueprints/AI/AIHelperBase.AIHelperBase_C:GetShortestPathToAdjacentSpace:00B5
[2018.11.11-09.35.29:376][ 47]PIE: Error: Blueprint Runtime Error: "Accessed None". Blueprint:  AIHelperBase Function:  Get Shortest Path to Adjacent Space Graph:  ForEachLoop Node:  Branch
[2018.11.11-09.35.29:376][ 47]LogScript: Warning: Accessed None trying to read property SourceSpaceLocal
	AIHelperBase_C /Game/Maps/UEDPIE_0_Menu.Menu:PersistentLevel.Pawn_AI_Enemy1_2.AI_PawnHelper
	Function /Game/2DSideScrollerBP/Blueprints/AI/AIHelperBase.AIHelperBase_C:GetPathRecursive:0287
[2018.11.11-09.35.29:376][ 47]PIE: Error: Blueprint Runtime Error: "Accessed None trying to read property SourceSpaceLocal". Blueprint:  AIHelperBase Function:  Get Path Recursive Graph:  ForEachLoopWithBreak Node:  Branch
[2018.11.11-09.35.29:376][ 47]LogScript: Warning: Accessed None
	AIHelperBase_C /Game/Maps/UEDPIE_0_Menu.Menu:PersistentLevel.Pawn_AI_Enemy1_2.AI_PawnHelper
	Function /Game/2DSideScrollerBP/Blueprints/AI/AIHelperBase.AIHelperBase_C:GetPathRecursive:0268
[2018.11.11-09.35.29:376][ 47]PIE: Error: Blueprint Runtime Error: "Accessed None". Blueprint:  AIHelperBase Function:  Get Path Recursive Graph:  ForEachLoopWithBreak Node:  Branch
[2018.11.11-09.35.41:736][529]LogBlueprintUserMessages: Early EndPlayMap Detection: Level '/Game/Maps/Menu.Menu:PersistentLevel' has LevelScriptBlueprint '/Game/Maps/Menu.Menu:PersistentLevel.Menu' with GeneratedClass '/Game/Maps/Menu.Menu_C' with ClassGeneratedBy '/Game/Maps/Menu.Menu:PersistentLevel.Menu'
[2018.11.11-09.35.41:736][529]LogSlate: Updating window title bar state: overlay mode, drag disabled, window buttons hidden, title bar hidden
[2018.11.11-09.35.41:770][529]LogPlayLevel: Display: Shutting down PIE online subsystems
[2018.11.11-09.35.41:770][529]LogBlueprintUserMessages: Late EndPlayMap Detection: Level '/Game/Maps/Menu.Menu:PersistentLevel' has LevelScriptBlueprint '/Game/Maps/Menu.Menu:PersistentLevel.Menu' with GeneratedClass '/Game/Maps/Menu.Menu_C' with ClassGeneratedBy '/Game/Maps/Menu.Menu:PersistentLevel.Menu'
[2018.11.11-09.35.41:803][529]LogSlate: Updating window title bar state: overlay mode, drag disabled, window buttons hidden, title bar hidden
[2018.11.11-09.35.41:844][531]LogPlayLevel: Display: Destroying online subsystem :Context_17
[2018.11.11-09.35.43:684][750]LogSlate: FSceneViewport::OnFocusLost() reason 0
[2018.11.11-09.35.52:927][851]LogSlate: Window 'Message Log' being destroyed
[2018.11.11-09.35.52:930][851]LogSlate: Window 'Message Log' being destroyed
[2018.11.11-09.36.36:047][ 17]Cmd: OBJ SAVEPACKAGE PACKAGE="/Game/Maps/Menu" FILE="../../../../The-boundary-tree/MyProject/Content/Maps/Menu.umap" SILENT=true AUTOSAVING=false KEEPDIRTY=false
[2018.11.11-09.36.36:642][ 17]LogSavePackage: Moving '../../../../The-boundary-tree/MyProject/Saved/Menu454A7FDA48B44710217842B9A17D8B16.tmp' to '../../../../The-boundary-tree/MyProject/Content/Maps/Menu.umap'
[2018.11.11-09.36.36:737][ 17]LogFileHelpers: Saving map 'Menu' took 0.766
[2018.11.11-09.36.36:783][ 17]LogSavePackage: Moving '../../../../The-boundary-tree/MyProject/Saved/2DSideScrollerGameModeCD654A1A4315980D2BA21C892C6174D9.tmp' to '../../../../The-boundary-tree/MyProject/Content/2DSideScrollerBP/Blueprints/2DSideScrollerGameMode.uasset'
[2018.11.11-09.36.38:684][202]LogSlate: Window 'MyProject - Unreal Editor' being destroyed
[2018.11.11-09.36.38:874][203]Cmd: QUIT_EDITOR
[2018.11.11-09.36.38:987][203]LogWindowsTextInputMethodSystem: Display: IME system now deactivated.
[2018.11.11-09.36.39:000][203]LogExit: Preparing to exit.
[2018.11.11-09.36.39:853][203]LogExit: Editor shut down
[2018.11.11-09.36.39:854][203]LogExit: Transaction tracking system shut down
[2018.11.11-09.36.40:190][203]LogExit: Object subsystem successfully closed.
[2018.11.11-09.36.40:204][203]LogShaderCompilers: Display: Shaders left to compile 0
[2018.11.11-09.36.40:207][203]LogD3D11RHI: Shutdown
[2018.11.11-09.36.40:207][203]LogD3D11RHI: CleanupD3DDevice
[2018.11.11-09.36.40:208][203]LogD3D11RHI: ~FD3D11DynamicRHI
[2018.11.11-09.36.40:216][203]LogModuleManager: Shutting down and abandoning module BlueprintGraph (618)
[2018.11.11-09.36.40:216][203]LogModuleManager: Shutting down and abandoning module MovieSceneCapture (616)
[2018.11.11-09.36.40:216][203]LogModuleManager: Shutting down and abandoning module Voice (614)
[2018.11.11-09.36.40:223][203]LogModuleManager: Shutting down and abandoning module HierarchicalLODOutliner (612)
[2018.11.11-09.36.40:223][203]LogModuleManager: Shutting down and abandoning module SceneOutliner (610)
[2018.11.11-09.36.40:223][203]LogModuleManager: Shutting down and abandoning module AddContentDialog (608)
[2018.11.11-09.36.40:223][203]LogModuleManager: Shutting down and abandoning module WidgetCarousel (607)
[2018.11.11-09.36.40:223][203]LogModuleManager: Shutting down and abandoning module EditorWidgets (604)
[2018.11.11-09.36.40:223][203]LogModuleManager: Shutting down and abandoning module CollectionManager (602)
[2018.11.11-09.36.40:223][203]LogModuleManager: Shutting down and abandoning module StatsViewer (600)
[2018.11.11-09.36.40:223][203]LogModuleManager: Shutting down and abandoning module FoliageEdit (598)
[2018.11.11-09.36.40:223][203]LogModuleManager: Shutting down and abandoning module LandscapeEditor (596)
[2018.11.11-09.36.40:223][203]LogModuleManager: Shutting down and abandoning module MeshPaintMode (594)
[2018.11.11-09.36.40:223][203]LogModuleManager: Shutting down and abandoning module SceneDepthPickerMode (592)
[2018.11.11-09.36.40:223][203]LogModuleManager: Shutting down and abandoning module ActorPickerMode (590)
[2018.11.11-09.36.40:223][203]LogModuleManager: Shutting down and abandoning module GeometryMode (588)
[2018.11.11-09.36.40:223][203]LogModuleManager: Shutting down and abandoning module TextureAlignMode (586)
[2018.11.11-09.36.40:223][203]LogModuleManager: Shutting down and abandoning module BspMode (584)
[2018.11.11-09.36.40:223][203]LogModuleManager: Shutting down and abandoning module PIEPreviewDeviceProfileSelector (582)
[2018.11.11-09.36.40:223][203]LogModuleManager: Shutting down and abandoning module SequenceRecorderSections (580)
[2018.11.11-09.36.40:223][203]LogModuleManager: Shutting down and abandoning module AutomationWorker (578)
[2018.11.11-09.36.40:223][203]LogModuleManager: Shutting down and abandoning module AudioCaptureEditor (576)
[2018.11.11-09.36.40:223][203]LogModuleManager: Shutting down and abandoning module SequenceRecorder (575)
[2018.11.11-09.36.40:223][203]LogModuleManager: Shutting down and abandoning module MatineeToLevelSequence (572)
[2018.11.11-09.36.40:223][203]LogModuleManager: Shutting down and abandoning module LevelSequenceEditor (570)
[2018.11.11-09.36.40:224][203]LogModuleManager: Shutting down and abandoning module PlacementMode (569)
[2018.11.11-09.36.40:224][203]LogModuleManager: Shutting down and abandoning module MaterialEditor (568)
[2018.11.11-09.36.40:224][203]LogModuleManager: Shutting down and abandoning module WmfMediaFactory (564)
[2018.11.11-09.36.40:224][203]LogModuleManager: Shutting down and abandoning module WmfMediaEditor (562)
[2018.11.11-09.36.40:224][203]LogModuleManager: Shutting down and abandoning module MediaPlayerEditor (560)
[2018.11.11-09.36.40:224][203]LogModuleManager: Shutting down and abandoning module OpenExrWrapper (558)
[2018.11.11-09.36.40:224][203]LogModuleManager: Shutting down and abandoning module ImgMediaFactory (556)
[2018.11.11-09.36.40:224][203]LogModuleManager: Shutting down and abandoning module ImgMediaEditor (554)
[2018.11.11-09.36.40:224][203]LogModuleManager: Shutting down and abandoning module AvfMediaFactory (552)
[2018.11.11-09.36.40:224][203]LogModuleManager: Shutting down and abandoning module AvfMediaEditor (550)
[2018.11.11-09.36.40:224][203]LogModuleManager: Shutting down and abandoning module AndroidMediaFactory (548)
[2018.11.11-09.36.40:224][203]LogModuleManager: Shutting down and abandoning module AndroidMediaEditor (546)
[2018.11.11-09.36.40:224][203]LogModuleManager: Shutting down and abandoning module MagicLeapCameraPreviewFactory (544)
[2018.11.11-09.36.40:224][203]LogModuleManager: Shutting down and abandoning module MagicLeapMediaFactory (542)
[2018.11.11-09.36.40:224][203]LogModuleManager: Shutting down and abandoning module MagicLeapMediaEditor (540)
[2018.11.11-09.36.40:224][203]LogModuleManager: Shutting down and abandoning module CharacterAI (538)
[2018.11.11-09.36.40:224][203]LogModuleManager: Shutting down and abandoning module SmartSnapping (536)
[2018.11.11-09.36.40:224][203]LogModuleManager: Shutting down and abandoning module SessionServices (534)
[2018.11.11-09.36.40:224][203]LogModuleManager: Shutting down and abandoning module ViewportSnapping (532)
[2018.11.11-09.36.40:224][203]LogModuleManager: Shutting down and abandoning module ViewportInteraction (530)
[2018.11.11-09.36.40:224][203]LogModuleManager: Shutting down and abandoning module ClothPainter (528)
[2018.11.11-09.36.40:224][203]LogModuleManager: Shutting down and abandoning module SkeletalMeshEditor (527)
[2018.11.11-09.36.40:224][203]LogModuleManager: Shutting down and abandoning module LogVisualizer (524)
[2018.11.11-09.36.40:224][203]LogModuleManager: Shutting down and abandoning module IntroTutorials (522)
[2018.11.11-09.36.40:224][203]LogModuleManager: Shutting down and abandoning module GameProjectGeneration (521)
[2018.11.11-09.36.40:225][203]LogModuleManager: Shutting down and abandoning module LuminPlatformEditor (518)
[2018.11.11-09.36.40:225][203]LogModuleManager: Shutting down and abandoning module IOSPlatformEditor (516)
[2018.11.11-09.36.40:225][203]LogModuleManager: Shutting down and abandoning module HTML5PlatformEditor (514)
[2018.11.11-09.36.40:225][203]LogModuleManager: Shutting down and abandoning module AndroidPlatformEditor (512)
[2018.11.11-09.36.40:225][203]LogModuleManager: Shutting down and abandoning module AndroidDeviceDetection (511)
[2018.11.11-09.36.41:237][203]LogModuleManager: Shutting down and abandoning module WindowsPlatformEditor (508)
[2018.11.11-09.36.41:237][203]LogModuleManager: Shutting down and abandoning module LuminRuntimeSettings (506)
[2018.11.11-09.36.41:237][203]LogModuleManager: Shutting down and abandoning module IOSRuntimeSettings (504)
[2018.11.11-09.36.41:237][203]LogModuleManager: Shutting down and abandoning module AndroidRuntimeSettings (502)
[2018.11.11-09.36.41:237][203]LogModuleManager: Shutting down and abandoning module InputBindingEditor (500)
[2018.11.11-09.36.41:237][203]LogModuleManager: Shutting down and abandoning module MergeActors (498)
[2018.11.11-09.36.41:237][203]LogModuleManager: Shutting down and abandoning module LocalizationDashboard (496)
[2018.11.11-09.36.41:237][203]LogModuleManager: Shutting down and abandoning module LocalizationService (495)
[2018.11.11-09.36.41:237][203]LogModuleManager: Shutting down and abandoning module HardwareTargeting (492)
[2018.11.11-09.36.41:237][203]LogModuleManager: Shutting down and abandoning module DeviceProfileEditor (490)
[2018.11.11-09.36.41:237][203]LogModuleManager: Shutting down and abandoning module UndoHistory (488)
[2018.11.11-09.36.41:237][203]LogModuleManager: Shutting down and abandoning module XmlParser (486)
[2018.11.11-09.36.41:237][203]LogModuleManager: Shutting down and abandoning module Blutility (484)
[2018.11.11-09.36.41:237][203]LogModuleManager: Shutting down and abandoning module ProjectSettingsViewer (482)
[2018.11.11-09.36.41:237][203]LogModuleManager: Shutting down and abandoning module ProjectTargetPlatformEditor (481)
[2018.11.11-09.36.41:237][203]LogModuleManager: Shutting down and abandoning module EditorSettingsViewer (478)
[2018.11.11-09.36.41:237][203]LogModuleManager: Shutting down and abandoning module SettingsEditor (476)
[2018.11.11-09.36.41:238][203]LogModuleManager: Shutting down and abandoning module ProjectLauncher (474)
[2018.11.11-09.36.41:238][203]LogModuleManager: Shutting down and abandoning module SessionFrontend (472)
[2018.11.11-09.36.41:238][203]LogModuleManager: Shutting down and abandoning module ProfilerClient (470)
[2018.11.11-09.36.41:238][203]LogModuleManager: Shutting down and abandoning module DeviceManager (468)
[2018.11.11-09.36.41:238][203]LogModuleManager: Shutting down and abandoning module TargetDeviceServices (467)
[2018.11.11-09.36.41:292][203]LogModuleManager: Shutting down and abandoning module AutomationController (464)
[2018.11.11-09.36.41:292][203]LogModuleManager: Shutting down and abandoning module AutomationWindow (462)
[2018.11.11-09.36.41:292][203]LogModuleManager: Shutting down and abandoning module Layers (460)
[2018.11.11-09.36.41:292][203]LogModuleManager: Shutting down and abandoning module ComponentVisualizers (458)
[2018.11.11-09.36.41:292][203]LogModuleManager: Shutting down and abandoning module DetailCustomizations (456)
[2018.11.11-09.36.41:292][203]LogModuleManager: Shutting down and abandoning module PackagesDialog (454)
[2018.11.11-09.36.41:292][203]LogModuleManager: Shutting down and abandoning module Persona (452)
[2018.11.11-09.36.41:292][203]LogModuleManager: Shutting down and abandoning module AdvancedPreviewScene (451)
[2018.11.11-09.36.41:292][203]LogModuleManager: Shutting down and abandoning module AnimGraph (449)
[2018.11.11-09.36.41:292][203]LogModuleManager: Shutting down and abandoning module Kismet (446)
[2018.11.11-09.36.41:297][203]LogModuleManager: Shutting down and abandoning module GraphEditor (444)
[2018.11.11-09.36.41:297][203]LogModuleManager: Shutting down and abandoning module ClassViewer (442)
[2018.11.11-09.36.41:298][203]LogModuleManager: Shutting down and abandoning module Toolbox (440)
[2018.11.11-09.36.41:298][203]LogModuleManager: Shutting down and abandoning module DesktopPlatform (439)
[2018.11.11-09.36.41:298][203]LogModuleManager: Shutting down and abandoning module ModuleUI (436)
[2018.11.11-09.36.41:298][203]LogModuleManager: Shutting down and abandoning module MovieSceneTools (434)
[2018.11.11-09.36.41:298][203]LogModuleManager: Shutting down and abandoning module OutputLog (432)
[2018.11.11-09.36.41:298][203]LogModuleManager: Shutting down and abandoning module GammaUI (430)
[2018.11.11-09.36.41:298][203]LogModuleManager: Shutting down and abandoning module Documentation (428)
[2018.11.11-09.36.41:298][203]LogModuleManager: Shutting down and abandoning module MovieSceneTracks (426)
[2018.11.11-09.36.41:298][203]LogModuleManager: Shutting down and abandoning module MovieScene (424)
[2018.11.11-09.36.41:298][203]LogModuleManager: Shutting down and abandoning module StreamingPauseRendering (422)
[2018.11.11-09.36.41:298][203]LogModuleManager: Shutting down and abandoning module LauncherPlatform (420)
[2018.11.11-09.36.41:298][203]LogModuleManager: Shutting down and abandoning module AnalyticsET (418)
[2018.11.11-09.36.41:298][203]LogModuleManager: Shutting down and abandoning module PortalServices (416)
[2018.11.11-09.36.41:298][203]LogModuleManager: Shutting down and abandoning module PortalRpc (414)
[2018.11.11-09.36.41:298][203]LogModuleManager: Shutting down and abandoning module MessagingRpc (412)
[2018.11.11-09.36.41:298][203]LogModuleManager: Shutting down and abandoning module AIModule (410)
[2018.11.11-09.36.41:298][203]LogModuleManager: Shutting down and abandoning module GameplayDebugger (409)
[2018.11.11-09.36.41:298][203]LogModuleManager: Shutting down and abandoning module AITestSuite (407)
[2018.11.11-09.36.41:298][203]LogModuleManager: Shutting down and abandoning module NavigationSystem (405)
[2018.11.11-09.36.41:298][203]LogModuleManager: Shutting down and abandoning module ProfilerService (402)
[2018.11.11-09.36.41:414][203]LogModuleManager: Shutting down and abandoning module TaskGraph (400)
[2018.11.11-09.36.41:414][203]LogModuleManager: Shutting down and abandoning module SteamVRController (398)
[2018.11.11-09.36.41:414][203]LogModuleManager: Shutting down and abandoning module ProceduralMeshComponentEditor (396)
[2018.11.11-09.36.41:414][203]LogModuleManager: Shutting down and abandoning module ProceduralMeshComponent (394)
[2018.11.11-09.36.41:414][203]LogModuleManager: Shutting down and abandoning module OculusInput (392)
[2018.11.11-09.36.41:414][203]LogModuleManager: Shutting down and abandoning module MobilePatchingUtils (390)
[2018.11.11-09.36.41:414][203]LogModuleManager: Shutting down and abandoning module EditableMesh (388)
[2018.11.11-09.36.41:414][203]LogModuleManager: Shutting down and abandoning module CustomMeshComponent (386)
[2018.11.11-09.36.41:414][203]LogModuleManager: Shutting down and abandoning module CableComponent (384)
[2018.11.11-09.36.41:414][203]LogModuleManager: Shutting down and abandoning module AudioCapture (382)
[2018.11.11-09.36.41:414][203]LogModuleManager: Shutting down and abandoning module ArchVisCharacter (380)
[2018.11.11-09.36.41:414][203]LogModuleManager: Shutting down and abandoning module AndroidPermission (378)
[2018.11.11-09.36.41:414][203]LogModuleManager: Shutting down and abandoning module NUTUnrealEngine4 (376)
[2018.11.11-09.36.41:414][203]LogModuleManager: Shutting down and abandoning module NetcodeUnitTest (374)
[2018.11.11-09.36.41:414][203]LogModuleManager: Shutting down and abandoning module MediaCompositingEditor (372)
[2018.11.11-09.36.41:414][203]LogModuleManager: Shutting down and abandoning module MediaCompositing (370)
[2018.11.11-09.36.41:414][203]LogModuleManager: Shutting down and abandoning module LinearTimecode (368)
[2018.11.11-09.36.41:414][203]LogModuleManager: Shutting down and abandoning module ImgMedia (366)
[2018.11.11-09.36.41:417][203]LogModuleManager: Shutting down and abandoning module HTML5Networking (364)
[2018.11.11-09.36.41:417][203]LogModuleManager: Shutting down and abandoning module GeometryCacheTracks (362)
[2018.11.11-09.36.41:417][203]LogModuleManager: Shutting down and abandoning module GeometryCacheSequencer (360)
[2018.11.11-09.36.41:417][203]LogModuleManager: Shutting down and abandoning module BackChannel (358)
[2018.11.11-09.36.41:417][203]LogModuleManager: Shutting down and abandoning module AppleVision (356)
[2018.11.11-09.36.41:417][203]LogModuleManager: Shutting down and abandoning module AppleImageUtils (354)
[2018.11.11-09.36.41:417][203]LogModuleManager: Shutting down and abandoning module AlembicImporter (352)
[2018.11.11-09.36.41:417][203]LogModuleManager: Shutting down and abandoning module AlembicLibrary (351)
[2018.11.11-09.36.41:417][203]LogModuleManager: Shutting down and abandoning module GeometryCache (350)
[2018.11.11-09.36.41:417][203]LogModuleManager: Shutting down and abandoning module GeometryCacheEd (349)
[2018.11.11-09.36.41:417][203]LogModuleManager: Shutting down and abandoning module DatasmithContentEditor (344)
[2018.11.11-09.36.41:417][203]LogModuleManager: Shutting down and abandoning module DatasmithContent (342)
[2018.11.11-09.36.41:418][203]LogModuleManager: Shutting down and abandoning module SpeedTreeImporter (340)
[2018.11.11-09.36.41:418][203]LogModuleManager: Shutting down and abandoning module PluginBrowser (338)
[2018.11.11-09.36.41:418][203]LogModuleManager: Shutting down and abandoning module MobileLauncherProfileWizard (336)
[2018.11.11-09.36.41:418][203]LogModuleManager: Shutting down and abandoning module PolygonModeling (334)
[2018.11.11-09.36.41:418][203]LogModuleManager: Shutting down and abandoning module MeshEditor (332)
[2018.11.11-09.36.41:418][203]LogModuleManager: Shutting down and abandoning module CryptoKeysOpenSSL (330)
[2018.11.11-09.36.41:418][203]LogModuleManager: Shutting down and abandoning module CryptoKeys (328)
[2018.11.11-09.36.41:418][203]LogModuleManager: Shutting down and abandoning module VisualStudioSourceCodeAccess (326)
[2018.11.11-09.36.41:418][203]LogModuleManager: Shutting down and abandoning module VisualStudioCodeSourceCodeAccess (324)
[2018.11.11-09.36.41:418][203]LogModuleManager: Shutting down and abandoning module UObjectPlugin (322)
[2018.11.11-09.36.41:418][203]LogModuleManager: Shutting down and abandoning module SubversionSourceControl (320)
[2018.11.11-09.36.41:418][203]LogModuleManager: Shutting down and abandoning module PerforceSourceControl (318)
[2018.11.11-09.36.41:418][203]LogModuleManager: Shutting down and abandoning module GitSourceControl (316)
[2018.11.11-09.36.41:418][203]LogModuleManager: Shutting down and abandoning module SourceControl (315)
[2018.11.11-09.36.41:418][203]LogModuleManager: Shutting down and abandoning module CLionSourceCodeAccess (312)
[2018.11.11-09.36.41:418][203]LogModuleManager: Shutting down and abandoning module LightPropagationVolumeEditor (310)
[2018.11.11-09.36.41:418][203]LogModuleManager: Shutting down and abandoning module PaperTiledImporter (308)
[2018.11.11-09.36.41:418][203]LogModuleManager: Shutting down and abandoning module PaperSpriteSheetImporter (306)
[2018.11.11-09.36.41:418][203]LogModuleManager: Shutting down and abandoning module Paper2DEditor (304)
[2018.11.11-09.36.41:418][203]LogModuleManager: Shutting down and abandoning module MeshPaint (303)
[2018.11.11-09.36.41:418][203]LogModuleManager: Shutting down and abandoning module MyProject (300)
[2018.11.11-09.36.41:418][203]LogModuleManager: Shutting down and abandoning module RuntimePhysXCooking (298)
[2018.11.11-09.36.41:418][203]LogModuleManager: Shutting down and abandoning module PhysXVehiclesEditor (296)
[2018.11.11-09.36.41:418][203]LogModuleManager: Shutting down and abandoning module PhysXVehicles (294)
[2018.11.11-09.36.41:418][203]LogModuleManager: Shutting down and abandoning module OculusEditor (292)
[2018.11.11-09.36.41:418][203]LogModuleManager: Shutting down and abandoning module LocationServicesBPLibrary (290)
[2018.11.11-09.36.41:418][203]LogModuleManager: Shutting down and abandoning module ImmediatePhysicsEditor (288)
[2018.11.11-09.36.41:418][203]LogModuleManager: Shutting down and abandoning module ImmediatePhysics (286)
[2018.11.11-09.36.41:418][203]LogModuleManager: Shutting down and abandoning module ActorSequence (284)
[2018.11.11-09.36.41:419][203]LogModuleManager: Shutting down and abandoning module UdpMessaging (282)
[2018.11.11-09.36.41:520][203]LogModuleManager: Shutting down and abandoning module TcpMessaging (280)
[2018.11.11-09.36.41:620][203]LogModuleManager: Shutting down and abandoning module MagicLeapAudio (278)
[2018.11.11-09.36.41:620][203]LogModuleManager: Shutting down and abandoning module GameplayTagsEditor (276)
[2018.11.11-09.36.41:620][203]LogModuleManager: Shutting down and abandoning module FacialAnimationEditor (274)
[2018.11.11-09.36.41:620][203]LogModuleManager: Shutting down and abandoning module FacialAnimation (272)
[2018.11.11-09.36.41:620][203]LogModuleManager: Shutting down and abandoning module DataValidation (270)
[2018.11.11-09.36.41:620][203]LogModuleManager: Shutting down and abandoning module AssetManagerEditor (268)
[2018.11.11-09.36.41:620][203]LogModuleManager: Shutting down and abandoning module LevelEditor (267)
[2018.11.11-09.36.41:620][203]LogModuleManager: Shutting down and abandoning module PixelInspectorModule (266)
[2018.11.11-09.36.41:620][203]LogModuleManager: Shutting down and abandoning module CommonMenuExtensions (264)
[2018.11.11-09.36.41:621][203]LogModuleManager: Shutting down and abandoning module MainFrame (262)
[2018.11.11-09.36.41:621][203]LogModuleManager: Shutting down and abandoning module HotReload (261)
[2018.11.11-09.36.41:621][203]LogModuleManager: Shutting down and abandoning module ContentBrowser (257)
[2018.11.11-09.36.41:622][203]LogModuleManager: Shutting down and abandoning module TreeMap (255)
[2018.11.11-09.36.41:622][203]LogModuleManager: Shutting down and abandoning module LightPropagationVolumeRuntime (252)
[2018.11.11-09.36.41:622][203]LogModuleManager: Shutting down and abandoning module AISupportModule (250)
[2018.11.11-09.36.41:622][203]LogModuleManager: Shutting down and abandoning module Paper2D (248)
[2018.11.11-09.36.41:622][203]LogModuleManager: Shutting down and abandoning module WindowsMoviePlayer (246)
[2018.11.11-09.36.41:622][203]LogModuleManager: Shutting down and abandoning module WmfMedia (244)
[2018.11.11-09.36.41:623][203]LogModuleManager: Shutting down and abandoning module Media (243)
[2018.11.11-09.36.41:630][203]LogModuleManager: Shutting down and abandoning module PacketHandler (240)
[2018.11.11-09.36.41:630][203]LogModuleManager: Shutting down and abandoning module ClothingSystemEditor (238)
[2018.11.11-09.36.41:630][203]LogModuleManager: Shutting down and abandoning module ClothingSystemRuntime (236)
[2018.11.11-09.36.41:630][203]LogModuleManager: Shutting down and abandoning module MediaAssets (234)
[2018.11.11-09.36.41:630][203]LogModuleManager: Shutting down and abandoning module Overlay (232)
[2018.11.11-09.36.41:630][203]LogModuleManager: Shutting down and abandoning module OverlayEditor (231)
[2018.11.11-09.36.41:630][203]LogModuleManager: Shutting down and abandoning module VREditor (228)
[2018.11.11-09.36.41:630][203]LogModuleManager: Shutting down and abandoning module StringTableEditor (226)
[2018.11.11-09.36.41:630][203]LogModuleManager: Shutting down and abandoning module GameplayTasksEditor (224)
[2018.11.11-09.36.41:630][203]LogModuleManager: Shutting down and abandoning module BehaviorTreeEditor (222)
[2018.11.11-09.36.41:630][203]LogModuleManager: Shutting down and abandoning module FunctionalTesting (220)
[2018.11.11-09.36.41:630][203]LogModuleManager: Shutting down and abandoning module CollisionAnalyzer (218)
[2018.11.11-09.36.41:630][203]LogModuleManager: Shutting down and abandoning module WorkspaceMenuStructure (217)
[2018.11.11-09.36.41:630][203]LogModuleManager: Shutting down and abandoning module UMG (214)
[2018.11.11-09.36.41:630][203]LogModuleManager: Shutting down and abandoning module UMGEditor (213)
[2018.11.11-09.36.41:630][203]LogModuleManager: Shutting down and abandoning module Sequencer (212)
[2018.11.11-09.36.41:631][203]LogModuleManager: Shutting down and abandoning module MessageLog (209)
[2018.11.11-09.36.41:631][203]LogModuleManager: Shutting down and abandoning module SlateReflector (204)
[2018.11.11-09.36.41:631][203]LogModuleManager: Shutting down and abandoning module Slate (202)
[2018.11.11-09.36.41:631][203]LogModuleManager: Shutting down and abandoning module EditorStyle (200)
[2018.11.11-09.36.41:632][203]LogModuleManager: Shutting down and abandoning module MRMesh (198)
[2018.11.11-09.36.41:632][203]LogModuleManager: Shutting down and abandoning module SourceCodeAccess (196)
[2018.11.11-09.36.41:632][203]LogModuleManager: Shutting down and abandoning module HeadMountedDisplay (194)
[2018.11.11-09.36.41:632][203]LogModuleManager: Shutting down and abandoning module XAudio2 (192)
[2018.11.11-09.36.41:632][203]LogModuleManager: Shutting down and abandoning module Networking (190)
[2018.11.11-09.36.41:632][203]LogModuleManager: Shutting down and abandoning module Core (188)
[2018.11.11-09.36.41:632][203]LogModuleManager: Shutting down and abandoning module LevelSequence (186)
[2018.11.11-09.36.41:632][203]LogModuleManager: Shutting down and abandoning module KismetCompiler (184)
[2018.11.11-09.36.41:632][203]LogModuleManager: Shutting down and abandoning module MeshUtilities (182)
[2018.11.11-09.36.41:632][203]LogModuleManager: Shutting down and abandoning module MeshMergeUtilities (181)
[2018.11.11-09.36.41:632][203]LogModuleManager: Shutting down and abandoning module MeshReductionInterface (180)
[2018.11.11-09.36.41:632][203]LogModuleManager: Shutting down and abandoning module SimplygonSwarm (179)
[2018.11.11-09.36.41:632][203]LogModuleManager: Shutting down and abandoning module ProxyLODMeshReduction (177)
[2018.11.11-09.36.41:632][203]LogModuleManager: Shutting down and abandoning module SimplygonMeshReduction (175)
[2018.11.11-09.36.41:632][203]LogModuleManager: Shutting down and abandoning module QuadricMeshReduction (173)
[2018.11.11-09.36.41:632][203]LogModuleManager: Shutting down and abandoning module MaterialBaking (169)
[2018.11.11-09.36.41:632][203]LogModuleManager: Shutting down and abandoning module DirectoryWatcher (165)
[2018.11.11-09.36.41:632][203]LogModuleManager: Shutting down and abandoning module DerivedDataCache (162)
[2018.11.11-09.36.41:684][203]LogDerivedDataCache: Shutdown
[2018.11.11-09.36.41:684][203]LogModuleManager: Shutting down and abandoning module XGEController (160)
[2018.11.11-09.36.41:684][203]LogXGEController: Cleaning working directory: C:/Users/justf/AppData/Local/Temp/UnrealXGEWorkingDir/
[2018.11.11-09.36.41:684][203]LogModuleManager: Shutting down and abandoning module TargetPlatform (158)
[2018.11.11-09.36.41:685][203]LogModuleManager: Shutting down and abandoning module VulkanShaderFormat (157)
[2018.11.11-09.36.41:685][203]LogModuleManager: Shutting down and abandoning module ShaderFormatVectorVM (155)
[2018.11.11-09.36.41:685][203]LogModuleManager: Shutting down and abandoning module ShaderFormatOpenGL (153)
[2018.11.11-09.36.41:685][203]LogModuleManager: Shutting down and abandoning module ShaderFormatD3D (151)
[2018.11.11-09.36.41:685][203]LogModuleManager: Shutting down and abandoning module MetalShaderFormat (149)
[2018.11.11-09.36.41:685][203]LogModuleManager: Shutting down and abandoning module TextureFormatUncompressed (147)
[2018.11.11-09.36.41:685][203]LogModuleManager: Shutting down and abandoning module TextureFormatPVR (145)
[2018.11.11-09.36.41:685][203]LogModuleManager: Shutting down and abandoning module TextureFormatDXT (143)
[2018.11.11-09.36.41:685][203]LogModuleManager: Shutting down and abandoning module TextureFormatIntelISPCTexComp (141)
[2018.11.11-09.36.41:685][203]LogModuleManager: Shutting down and abandoning module TextureFormatASTC (139)
[2018.11.11-09.36.41:685][203]LogModuleManager: Shutting down and abandoning module ImageWrapper (138)
[2018.11.11-09.36.41:685][203]LogModuleManager: Shutting down and abandoning module TextureFormatAndroid (135)
[2018.11.11-09.36.41:685][203]LogModuleManager: Shutting down and abandoning module AudioFormatOpus (133)
[2018.11.11-09.36.41:685][203]LogModuleManager: Shutting down and abandoning module AudioFormatOgg (131)
[2018.11.11-09.36.41:685][203]LogModuleManager: Shutting down and abandoning module AudioFormatADPCM (129)
[2018.11.11-09.36.41:685][203]LogModuleManager: Shutting down and abandoning module LuminTargetPlatform (127)
[2018.11.11-09.36.41:685][203]LogModuleManager: Shutting down and abandoning module LinuxTargetPlatform (125)
[2018.11.11-09.36.41:685][203]LogModuleManager: Shutting down and abandoning module LinuxServerTargetPlatform (123)
[2018.11.11-09.36.41:685][203]LogModuleManager: Shutting down and abandoning module LinuxNoEditorTargetPlatform (121)
[2018.11.11-09.36.41:685][203]LogModuleManager: Shutting down and abandoning module LinuxClientTargetPlatform (119)
[2018.11.11-09.36.41:685][203]LogModuleManager: Shutting down and abandoning module TVOSTargetPlatform (117)
[2018.11.11-09.36.41:686][203]LogModuleManager: Shutting down and abandoning module Messaging (115)
[2018.11.11-09.36.41:686][203]LogModuleManager: Shutting down and abandoning module IOSTargetPlatform (113)
[2018.11.11-09.36.41:686][203]LogModuleManager: Shutting down and abandoning module HTML5TargetPlatform (111)
[2018.11.11-09.36.41:686][203]LogModuleManager: Shutting down and abandoning module AndroidTargetPlatform (109)
[2018.11.11-09.36.41:692][203]LogModuleManager: Shutting down and abandoning module WindowsTargetPlatform (107)
[2018.11.11-09.36.41:692][203]LogModuleManager: Shutting down and abandoning module WindowsServerTargetPlatform (105)
[2018.11.11-09.36.41:692][203]LogModuleManager: Shutting down and abandoning module WindowsNoEditorTargetPlatform (103)
[2018.11.11-09.36.41:692][203]LogModuleManager: Shutting down and abandoning module WindowsClientTargetPlatform (101)
[2018.11.11-09.36.41:693][203]LogModuleManager: Shutting down and abandoning module MacTargetPlatform (99)
[2018.11.11-09.36.41:693][203]LogModuleManager: Shutting down and abandoning module MacServerTargetPlatform (97)
[2018.11.11-09.36.41:693][203]LogModuleManager: Shutting down and abandoning module MacNoEditorTargetPlatform (95)
[2018.11.11-09.36.41:693][203]LogModuleManager: Shutting down and abandoning module MacClientTargetPlatform (93)
[2018.11.11-09.36.41:693][203]LogModuleManager: Shutting down and abandoning module AllDesktopTargetPlatform (91)
[2018.11.11-09.36.41:693][203]LogModuleManager: Shutting down and abandoning module InputCore (88)
[2018.11.11-09.36.41:693][203]LogModuleManager: Shutting down and abandoning module Settings (86)
[2018.11.11-09.36.41:693][203]LogModuleManager: Shutting down and abandoning module PhysXCooking (84)
[2018.11.11-09.36.41:693][203]LogModuleManager: Shutting down and abandoning module SteamVR (82)
[2018.11.11-09.36.41:693][203]LogModuleManager: Shutting down and abandoning module OculusHMD (80)
[2018.11.11-09.36.41:693][203]LogModuleManager: Shutting down and abandoning module ExampleDeviceProfileSelector (78)
[2018.11.11-09.36.41:693][203]LogModuleManager: Shutting down and abandoning module LauncherChunkInstaller (76)
[2018.11.11-09.36.41:693][203]LogModuleManager: Shutting down and abandoning module OnlineBlueprintSupport (74)
[2018.11.11-09.36.41:693][203]LogModuleManager: Shutting down and abandoning module OnlineSubsystem (70)
[2018.11.11-09.36.41:693][203]LogModuleManager: Shutting down and abandoning module XMPP (65)
[2018.11.11-09.36.41:693][203]LogModuleManager: Shutting down and abandoning module WebSockets (64)
[2018.11.11-09.36.41:721][203]LogModuleManager: Shutting down and abandoning module HTTP (61)
[2018.11.11-09.36.41:721][203]LogHttp: Display: Http module shutting down, but needs to wait on 1 outstanding Http requests:
[2018.11.11-09.36.41:721][203]LogHttp: Display: 	verb=[POST] url=[https://datarouter.ol.epicgames.com/datarouter/api/v1/public/data?SessionID=%7BE2DF14D8-4F43-C91B-DEDA-1287DD323C55%7D&AppID=UEEditor.Rocket.Release&AppVersion=4.20.3-4369336%2B%2B%2BUE4%2BRelease-4.20&UserID=4cf56e4d4f4130500d494bb9069ce63c%7Cd4159b7f75f942918ec126aed703196c%7Cce6a7077-6889-49cd-be83-7a7c22ff06f3&AppEnvironment=datacollector-binary&UploadType=eteventstream] status=Processing
[2018.11.11-09.36.41:731][203]LogModuleManager: Shutting down and abandoning module SSL (60)
[2018.11.11-09.36.41:732][203]LogModuleManager: Shutting down and abandoning module MagicLeapEmulator (56)
[2018.11.11-09.36.41:732][203]LogModuleManager: Shutting down and abandoning module MagicLeapPrivileges (54)
[2018.11.11-09.36.41:732][203]LogModuleManager: Shutting down and abandoning module MagicLeapIdentity (52)
[2018.11.11-09.36.41:732][203]LogModuleManager: Shutting down and abandoning module MagicLeapHelperVulkan (50)
[2018.11.11-09.36.41:732][203]LogModuleManager: Shutting down and abandoning module MagicLeapHelperOpenGL (48)
[2018.11.11-09.36.41:732][203]LogModuleManager: Shutting down and abandoning module MagicLeapSecureStorage (46)
[2018.11.11-09.36.41:732][203]LogModuleManager: Shutting down and abandoning module MagicLeapGestures (44)
[2018.11.11-09.36.41:732][203]LogModuleManager: Shutting down and abandoning module MagicLeapEyeTracker (42)
[2018.11.11-09.36.41:732][203]LogModuleManager: Shutting down and abandoning module MagicLeapController (40)
[2018.11.11-09.36.41:732][203]LogSlate: Slate User Destroyed.  User Index 0, Is Virtual User: 0
[2018.11.11-09.36.41:734][203]LogModuleManager: Shutting down and abandoning module MagicLeap (38)
[2018.11.11-09.36.41:734][203]LogModuleManager: Shutting down and abandoning module AnimationModifiers (36)
[2018.11.11-09.36.41:734][203]LogModuleManager: Shutting down and abandoning module PropertyEditor (35)
[2018.11.11-09.36.41:734][203]LogModuleManager: Shutting down and abandoning module AudioEditor (32)
[2018.11.11-09.36.41:734][203]LogModuleManager: Shutting down and abandoning module TextureCompressor (30)
[2018.11.11-09.36.41:734][203]LogModuleManager: Shutting down and abandoning module ShaderCore (28)
[2018.11.11-09.36.41:734][203]LogModuleManager: Shutting down and abandoning module Landscape (26)
[2018.11.11-09.36.41:734][203]LogModuleManager: Shutting down and abandoning module SlateRHIRenderer (24)
[2018.11.11-09.36.41:734][203]LogModuleManager: Shutting down and abandoning module OpenGLDrv (22)
[2018.11.11-09.36.41:734][203]LogModuleManager: Shutting down and abandoning module D3D11RHI (20)
[2018.11.11-09.36.41:734][203]LogModuleManager: Shutting down and abandoning module AnimGraphRuntime (18)
[2018.11.11-09.36.41:734][203]LogModuleManager: Shutting down and abandoning module Renderer (16)
[2018.11.11-09.36.41:734][203]LogModuleManager: Shutting down and abandoning module Engine (14)
[2018.11.11-09.36.41:734][203]LogModuleManager: Shutting down and abandoning module CoreUObject (12)
[2018.11.11-09.36.41:734][203]LogModuleManager: Shutting down and abandoning module NetworkFile (10)
[2018.11.11-09.36.41:734][203]LogModuleManager: Shutting down and abandoning module CookedIterativeFile (8)
[2018.11.11-09.36.41:734][203]LogModuleManager: Shutting down and abandoning module StreamingFile (6)
[2018.11.11-09.36.41:734][203]LogModuleManager: Shutting down and abandoning module SandboxFile (4)
[2018.11.11-09.36.41:734][203]LogModuleManager: Shutting down and abandoning module PakFile (2)
[2018.11.11-09.36.41:737][203]LogExit: Exiting.
[2018.11.11-09.36.41:768][203]Log file closed, 11/11/18 19:36:41
