Log file open, 12/18/18 10:45:56
LogWindows: Failed to load 'aqProf.dll' (GetLastError=126)
LogWindows: File 'aqProf.dll' does not exist
LogWindows: Failed to load 'VSPerf140.dll' (GetLastError=126)
LogWindows: File 'VSPerf140.dll' does not exist
LogWindows: Failed to load 'VtuneApi.dll' (GetLastError=126)
LogWindows: File 'VtuneApi.dll' does not exist
LogWindows: Failed to load 'VtuneApi32e.dll' (GetLastError=126)
LogWindows: File 'VtuneApi32e.dll' does not exist
LogInit: Display: Running engine for game: MyProject
LogPlatformFile: Not using cached read wrapper
LogTaskGraph: Started task graph with 5 named threads and 14 total threads with 3 sets of task threads.
LogStats: Stats thread started at 0.166458
LogD3D11RHI: Loaded GFSDK_Aftermath_Lib.x64.dll
LogICUInternationalization: Display: ICU TimeZone Detection - Raw Offset: +10:00, Platform Override: ''
LogPluginManager: Mounting plugin Paper2D
LogPluginManager: Mounting plugin AISupport
LogPluginManager: Mounting plugin LightPropagationVolume
LogPluginManager: Mounting plugin CLionSourceCodeAccess
LogPluginManager: Mounting plugin CodeLiteSourceCodeAccess
LogPluginManager: Mounting plugin GitSourceControl
LogPluginManager: Mounting plugin KDevelopSourceCodeAccess
LogPluginManager: Mounting plugin NullSourceCodeAccess
LogPluginManager: Mounting plugin PerforceSourceControl
LogPluginManager: Mounting plugin SubversionSourceControl
LogPluginManager: Mounting plugin UObjectPlugin
LogPluginManager: Mounting plugin VisualStudioCodeSourceCodeAccess
LogPluginManager: Mounting plugin VisualStudioSourceCodeAccess
LogPluginManager: Mounting plugin XCodeSourceCodeAccess
LogPluginManager: Mounting plugin AssetManagerEditor
LogPluginManager: Mounting plugin CryptoKeys
LogPluginManager: Mounting plugin DataValidation
LogPluginManager: Mounting plugin FacialAnimation
LogPluginManager: Mounting plugin GameplayTagsEditor
LogPluginManager: Mounting plugin MacGraphicsSwitching
LogPluginManager: Mounting plugin MeshEditor
LogPluginManager: Mounting plugin MobileLauncherProfileWizard
LogPluginManager: Mounting plugin PluginBrowser
LogPluginManager: Mounting plugin SpeedTreeImporter
LogPluginManager: Mounting plugin DatasmithContent
LogPluginManager: Mounting plugin AlembicImporter
LogPluginManager: Mounting plugin AppleImageUtils
LogPluginManager: Mounting plugin AppleVision
LogPluginManager: Mounting plugin BackChannel
LogPluginManager: Mounting plugin CharacterAI
LogPluginManager: Mounting plugin GeometryCache
LogPluginManager: Mounting plugin HTML5Networking
LogPluginManager: Mounting plugin ProxyLODPlugin
LogPluginManager: Mounting plugin MagicLeap
LogPluginManager: Mounting plugin MagicLeapEmulator
LogPluginManager: Mounting plugin MagicLeapMedia
LogPluginManager: Mounting plugin AndroidMedia
LogPluginManager: Mounting plugin AvfMedia
LogPluginManager: Mounting plugin ImgMedia
LogPluginManager: Mounting plugin LinearTimecode
LogPluginManager: Mounting plugin MediaCompositing
LogPluginManager: Mounting plugin MediaPlayerEditor
LogPluginManager: Mounting plugin WmfMedia
LogPluginManager: Mounting plugin TcpMessaging
LogPluginManager: Mounting plugin UdpMessaging
LogPluginManager: Mounting plugin ActorSequence
LogPluginManager: Mounting plugin LevelSequenceEditor
LogPluginManager: Mounting plugin MatineeToLevelSequence
LogPluginManager: Mounting plugin NetcodeUnitTest
LogPluginManager: Mounting plugin NUTUnrealEngine4
LogPluginManager: Mounting plugin OnlineSubsystemGooglePlay
LogPluginManager: Mounting plugin OnlineSubsystemIOS
LogPluginManager: Mounting plugin OnlineSubsystem
LogPluginManager: Mounting plugin OnlineSubsystemNull
LogPluginManager: Mounting plugin OnlineSubsystemUtils
LogPluginManager: Mounting plugin LauncherChunkInstaller
LogPluginManager: Mounting plugin AndroidDeviceProfileSelector
LogPluginManager: Mounting plugin AndroidMoviePlayer
LogPluginManager: Mounting plugin AndroidPermission
LogPluginManager: Mounting plugin AppleMoviePlayer
LogPluginManager: Mounting plugin ArchVisCharacter
LogPluginManager: Mounting plugin AudioCapture
LogPluginManager: Mounting plugin CableComponent
LogPluginManager: Mounting plugin CustomMeshComponent
LogPluginManager: Mounting plugin EditableMesh
LogPluginManager: Mounting plugin ExampleDeviceProfileSelector
LogPluginManager: Mounting plugin GoogleCloudMessaging
LogPluginManager: Mounting plugin ImmediatePhysics
LogPluginManager: Mounting plugin IOSDeviceProfileSelector
LogPluginManager: Mounting plugin LinuxDeviceProfileSelector
LogPluginManager: Mounting plugin LocationServicesBPLibrary
LogPluginManager: Mounting plugin MobilePatchingUtils
LogPluginManager: Mounting plugin OculusVR
LogPluginManager: Plugin shader directory ../../../Engine/Plugins/Runtime/Oculus/OculusVR/Shaders found
LogPluginManager: Mapping shader source directory ../../../Engine/Plugins/Runtime/Oculus/OculusVR/Shaders to virtual directory /Plugin/OculusVR
LogPluginManager: Mounting plugin PhysXVehicles
LogPluginManager: Mounting plugin ProceduralMeshComponent
LogPluginManager: Mounting plugin RuntimePhysXCooking
LogPluginManager: Mounting plugin SteamVR
LogPluginManager: Mounting plugin WindowsMoviePlayer
LogStreaming: Display: Took  1.151s to configure plugins.
LogInit: Using libcurl 7.55.1-DEV
LogInit:  - built for x86_64-pc-win32
LogInit:  - supports SSL with OpenSSL/1.0.2h
LogInit:  - supports HTTP deflate (compression) using libz 1.2.8
LogInit:  - other features:
LogInit:      CURL_VERSION_SSL
LogInit:      CURL_VERSION_LIBZ
LogInit:      CURL_VERSION_IPV6
LogInit:      CURL_VERSION_ASYNCHDNS
LogInit:      CURL_VERSION_LARGEFILE
LogInit:      CURL_VERSION_IDN
LogInit:  CurlRequestOptions (configurable via config and command line):
LogInit:  - bVerifyPeer = false  - Libcurl will NOT verify peer certificate
LogInit:  - bUseHttpProxy = false  - Libcurl will NOT use HTTP proxy
LogInit:  - bDontReuseConnections = false  - Libcurl will reuse connections
LogInit:  - CertBundlePath = nullptr  - Libcurl will use whatever was configured at build time.
LogInit:  - MaxHostConnections = 16  - Libcurl will limit the number of connections to a host
LogInit:  - LocalHostAddr = Default
LogInit:  - BufferSize = 65536
LogInit: WinSock: version 1.1 (2.2), MaxSocks=32767, MaxUdp=65467
LogInit: Build: ++UE4+Release-4.20-CL-4369336
LogInit: Engine Version: 4.20.3-4369336+++UE4+Release-4.20
LogInit: Compatible Engine Version: 4.20.0-4212847+++UE4+Release-4.20
LogInit: Net CL: 4212847
LogInit: OS: Windows 10 (), CPU: Intel(R) Core(TM) i5-7600 CPU @ 3.50GHz, GPU: NVIDIA GeForce GTX 1050 Ti
LogInit: Compiled (64-bit): Sep 17 2018 12:26:19
LogInit: Compiled with Visual C++: 19.13.26129.00
LogInit: Build Configuration: Development
LogInit: Branch Name: ++UE4+Release-4.20
LogInit: Command Line:  
LogInit: Base Directory: A:/Work/UE_4.20/Engine/Binaries/Win64/
LogInit: Installed Engine Build: 1
LogDevObjectVersion: Number of dev versions registered: 20
LogDevObjectVersion:   Dev-Blueprints (B0D832E4-1F89-4F0D-ACCF-7EB736FD4AA2): 10
LogDevObjectVersion:   Dev-Build (E1C64328-A22C-4D53-A36C-8E866417BD8C): 0
LogDevObjectVersion:   Dev-Core (375EC13C-06E4-48FB-B500-84F0262A717E): 2
LogDevObjectVersion:   Dev-Editor (E4B068ED-F494-42E9-A231-DA0B2E46BB41): 24
LogDevObjectVersion:   Dev-Framework (CFFC743F-43B0-4480-9391-14DF171D2073): 34
LogDevObjectVersion:   Dev-Mobile (B02B49B5-BB20-44E9-A304-32B752E40360): 2
LogDevObjectVersion:   Dev-Networking (A4E4105C-59A1-49B5-A7C5-40C4547EDFEE): 0
LogDevObjectVersion:   Dev-Online (39C831C9-5AE6-47DC-9A44-9C173E1C8E7C): 0
LogDevObjectVersion:   Dev-Physics (78F01B33-EBEA-4F98-B9B4-84EACCB95AA2): 0
LogDevObjectVersion:   Dev-Platform (6631380F-2D4D-43E0-8009-CF276956A95A): 0
LogDevObjectVersion:   Dev-Rendering (12F88B9F-8875-4AFC-A67C-D90C383ABD29): 26
LogDevObjectVersion:   Dev-Sequencer (7B5AE74C-D270-4C10-A958-57980B212A5A): 9
LogDevObjectVersion:   Dev-VR (D7296918-1DD6-4BDD-9DE2-64A83CC13884): 2
LogDevObjectVersion:   Dev-LoadTimes (C2A15278-BFE7-4AFE-6C17-90FF531DF755): 1
LogDevObjectVersion:   Private-Geometry (6EACA3D4-40EC-4CC1-B786-8BED09428FC5): 3
LogDevObjectVersion:   Dev-AnimPhys (29E575DD-E0A3-4627-9D10-D276232CDCEA): 17
LogDevObjectVersion:   Dev-ReflectionCapture (6B266CEC-1EC7-4B8F-A30B-E4D90942FC07): 1
LogDevObjectVersion:   Dev-Automation (0DF73D61-A23F-47EA-B727-89E90C41499A): 1
LogDevObjectVersion:   FortniteMain (601D1886-AC64-4F84-AA16-D3DE0DEAC7D6): 12
LogDevObjectVersion:   Dev-Enterprise (9DFFBCD6-494F-0158-E221-12823C92A888): 1
LogStreaming: Display: Took  0.070s to delete old logs.
LogInit: Presizing for max 8388607 objects, including 0 objects not considered by GC, pre-allocating 0 bytes for permanent pool.
LogInit: Object subsystem initialized
[2018.12.18-00.46.12:735][  0]LogInit: Selected Device Profile: [Windows]
[2018.12.18-00.46.12:735][  0]LogInit: Applying CVar settings loaded from the selected device profile: [Windows]
[2018.12.18-00.46.12:775][  0]LogHAL: Display: Platform has ~ 16 GB [17143365632 / 17179869184 / 16], which maps to Larger [LargestMinGB=32, LargerMinGB=12, DefaultMinGB=8, SmallerMinGB=6, SmallestMinGB=0)
[2018.12.18-00.46.12:800][  0]LogInit: Setting Device Profile CVar: [[r.Vulkan.UseRealUBs:1]]
[2018.12.18-00.46.12:811][  0]LogInit: Going up to parent DeviceProfile []
[2018.12.18-00.46.12:853][  0]LogInit: Computer: DESKTOP-CACG351
[2018.12.18-00.46.12:853][  0]LogInit: User: justf
[2018.12.18-00.46.12:853][  0]LogInit: CPU Page size=4096, Cores=4
[2018.12.18-00.46.12:853][  0]LogInit: High frequency timer resolution =3.421876 MHz
[2018.12.18-00.46.12:853][  0]LogMemory: Memory total: Physical=16.0GB (16GB approx)
[2018.12.18-00.46.12:853][  0]LogMemory: Platform Memory Stats for Windows
[2018.12.18-00.46.12:853][  0]LogMemory: Process Physical Memory: 101.98 MB used, 101.98 MB peak
[2018.12.18-00.46.12:853][  0]LogMemory: Process Virtual Memory: 86.13 MB used, 86.13 MB peak
[2018.12.18-00.46.12:853][  0]LogMemory: Physical Memory: 6257.00 MB used,  10092.19 MB free, 16349.19 MB total
[2018.12.18-00.46.12:853][  0]LogMemory: Virtual Memory: 4622.59 MB used,  10092.19 MB free, 134217728.00 MB total
[2018.12.18-00.46.14:023][  0]LogInit: Using OS detected language (ru-RU).
[2018.12.18-00.46.14:023][  0]LogInit: Using OS detected locale (ru-RU).
[2018.12.18-00.46.14:086][  0]LogTextLocalizationManager: No specific localization for 'ru-RU' exists, so the 'ru' localization will be used.
[2018.12.18-00.46.14:302][  0]LogStreaming: Display: Took  0.284s to InitEngineTextLocalization.
[2018.12.18-00.46.14:326][  0]LogInit: Setting process to per monitor DPI aware
[2018.12.18-00.46.15:554][  0]LogSlate: New Slate User Created.  User Index 0, Is Virtual User: 0
[2018.12.18-00.46.15:554][  0]LogSlate: Slate User Registered.  User Index 0, Is Virtual User: 0
[2018.12.18-00.46.16:308][  0]LogHMD: Failed to initialize OpenVR with code 110
[2018.12.18-00.46.16:308][  0]LogD3D11RHI: D3D11 adapters:
[2018.12.18-00.46.16:363][  0]LogD3D11RHI:    0. 'NVIDIA GeForce GTX 1050 Ti' (Feature Level 11_0)
[2018.12.18-00.46.16:363][  0]LogD3D11RHI:       4018/0/8174 MB DedicatedVideo/DedicatedSystem/SharedSystem, Outputs:2, VendorId:0x10de
[2018.12.18-00.46.16:364][  0]LogD3D11RHI:    1. 'Microsoft Basic Render Driver' (Feature Level 11_0)
[2018.12.18-00.46.16:364][  0]LogD3D11RHI:       0/0/8174 MB DedicatedVideo/DedicatedSystem/SharedSystem, Outputs:0, VendorId:0x1414
[2018.12.18-00.46.16:365][  0]LogD3D11RHI: Chosen D3D11 Adapter: 0
[2018.12.18-00.46.16:426][  0]LogD3D11RHI: Creating new Direct3DDevice
[2018.12.18-00.46.16:426][  0]LogD3D11RHI:     GPU DeviceId: 0x1c82 (for the marketing name, search the web for "GPU Device Id")
[2018.12.18-00.46.16:445][  0]LogWindows: EnumDisplayDevices:
[2018.12.18-00.46.16:445][  0]LogWindows:    0. 'NVIDIA GeForce GTX 1050 Ti' (P:1 D:1)
[2018.12.18-00.46.16:445][  0]LogWindows:    1. 'NVIDIA GeForce GTX 1050 Ti' (P:0 D:1)
[2018.12.18-00.46.16:445][  0]LogWindows:    2. 'NVIDIA GeForce GTX 1050 Ti' (P:0 D:0)
[2018.12.18-00.46.16:445][  0]LogWindows:    3. 'NVIDIA GeForce GTX 1050 Ti' (P:0 D:0)
[2018.12.18-00.46.16:445][  0]LogWindows: DebugString: FoundDriverCount:4 
[2018.12.18-00.46.16:445][  0]LogD3D11RHI:     Adapter Name: NVIDIA GeForce GTX 1050 Ti
[2018.12.18-00.46.16:452][  0]LogD3D11RHI:   Driver Version: 417.22 (internal:25.21.14.1722, unified:417.22)
[2018.12.18-00.46.16:452][  0]LogD3D11RHI:      Driver Date: 11-29-2018
[2018.12.18-00.46.16:452][  0]LogRHI: Texture pool is 2812 MB (70% of 4018 MB)
[2018.12.18-00.46.16:539][  0]LogD3D11RHI: Async texture creation enabled
[2018.12.18-00.46.16:959][  0]LogD3D11RHI: GPU Timing Frequency: 1000.000000 (Debug: 2 2)
[2018.12.18-00.46.17:144][  0]LogShaderCompilers: Guid format shader working directory is 7 characters bigger than the processId version (../../../../The-boundary-tree/MyProject/Intermediate/Shaders/WorkingDirectory/5176/).
[2018.12.18-00.46.17:144][  0]LogShaderCompilers: Cleaned the shader compiler working directory 'C:/Users/justf/AppData/Local/Temp/UnrealShaderWorkingDir/4E0B71D54274175097C55AB747D9039D/'.
[2018.12.18-00.46.17:803][  0]LogTemp: Display: Loaded TP AllDesktopTargetPlatform
[2018.12.18-00.46.17:843][  0]LogTemp: Display: Loaded TP MacClientTargetPlatform
[2018.12.18-00.46.17:947][  0]LogTemp: Display: Loaded TP MacNoEditorTargetPlatform
[2018.12.18-00.46.18:007][  0]LogTemp: Display: Loaded TP MacServerTargetPlatform
[2018.12.18-00.46.18:063][  0]LogTemp: Display: Loaded TP MacTargetPlatform
[2018.12.18-00.46.18:106][  0]LogTemp: Display: Loaded TP WindowsClientTargetPlatform
[2018.12.18-00.46.18:139][  0]LogTemp: Display: Loaded TP WindowsNoEditorTargetPlatform
[2018.12.18-00.46.18:181][  0]LogTemp: Display: Loaded TP WindowsServerTargetPlatform
[2018.12.18-00.46.18:196][  0]LogTemp: Display: Loaded TP WindowsTargetPlatform
[2018.12.18-00.46.18:297][  0]LogTemp: Display: Loaded TP AndroidTargetPlatform
[2018.12.18-00.46.18:297][  0]LogTemp: Display: Loaded TP AndroidTargetPlatform
[2018.12.18-00.46.18:297][  0]LogTemp: Display: Loaded TP AndroidTargetPlatform
[2018.12.18-00.46.18:297][  0]LogTemp: Display: Loaded TP AndroidTargetPlatform
[2018.12.18-00.46.18:297][  0]LogTemp: Display: Loaded TP AndroidTargetPlatform
[2018.12.18-00.46.18:297][  0]LogTemp: Display: Loaded TP AndroidTargetPlatform
[2018.12.18-00.46.18:297][  0]LogTemp: Display: Loaded TP AndroidTargetPlatform
[2018.12.18-00.46.18:297][  0]LogTemp: Display: Loaded TP AndroidTargetPlatform
[2018.12.18-00.46.18:297][  0]LogTemp: Display: Loaded TP AndroidTargetPlatform
[2018.12.18-00.46.18:297][  0]LogTemp: Display: Loaded TP AndroidTargetPlatform
[2018.12.18-00.46.18:297][  0]LogTemp: Display: Loaded TP AndroidTargetPlatform
[2018.12.18-00.46.18:297][  0]LogTemp: Display: Loaded TP AndroidTargetPlatform
[2018.12.18-00.46.18:297][  0]LogTemp: Display: Loaded TP AndroidTargetPlatform
[2018.12.18-00.46.18:298][  0]LogTemp: Display: Loaded TP AndroidTargetPlatform
[2018.12.18-00.46.18:298][  0]LogTemp: Display: Loaded TP AndroidTargetPlatform
[2018.12.18-00.46.18:298][  0]LogTemp: Display: Loaded TP AndroidTargetPlatform
[2018.12.18-00.46.18:298][  0]LogTemp: Display: Loaded TP AndroidTargetPlatform
[2018.12.18-00.46.18:298][  0]LogTemp: Display: Loaded TP AndroidTargetPlatform
[2018.12.18-00.46.18:306][  0]LogTemp: Display: Loaded TP HTML5TargetPlatform
[2018.12.18-00.46.18:531][  0]LogTemp: Display: Loaded TP IOSTargetPlatform
[2018.12.18-00.46.18:531][  0]LogTemp: Display: Loaded TP IOSTargetPlatform
[2018.12.18-00.46.18:568][  0]LogTemp: Display: Loaded TP TVOSTargetPlatform
[2018.12.18-00.46.18:568][  0]LogTemp: Display: Loaded TP TVOSTargetPlatform
[2018.12.18-00.46.18:589][  0]LogTemp: Display: Loaded TP LinuxClientTargetPlatform
[2018.12.18-00.46.18:612][  0]LogTemp: Display: Loaded TP LinuxNoEditorTargetPlatform
[2018.12.18-00.46.18:704][  0]LogTemp: Display: Loaded TP LinuxServerTargetPlatform
[2018.12.18-00.46.18:727][  0]LogTemp: Display: Loaded TP LinuxTargetPlatform
[2018.12.18-00.46.18:745][  0]LogTemp: Display: Loaded TP LuminTargetPlatform
[2018.12.18-00.46.18:745][  0]LogTargetPlatformManager: Display: Building Assets For Windows
[2018.12.18-00.46.19:955][  0]LogXGEController: Cleaning working directory: C:/Users/justf/AppData/Local/Temp/UnrealXGEWorkingDir/
[2018.12.18-00.46.19:955][  0]LogXGEController: Cannot use XGE Controller as Incredibuild is not installed on this machine.
[2018.12.18-00.46.19:955][  0]LogShaderCompilers: Cannot use XGE Shader Compiler as Incredibuild is not installed on this machine.
[2018.12.18-00.46.19:955][  0]LogShaderCompilers: Display: Using Local Shader Compiler.
[2018.12.18-00.46.23:147][  0]LogDerivedDataCache: Display: Max Cache Size: 512 MB
[2018.12.18-00.46.23:403][  0]LogDerivedDataCache: Loaded boot cache 0.26s 71MB C:/Users/justf/AppData/Local/UnrealEngine/4.20/DerivedDataCache/Boot.ddc.
[2018.12.18-00.46.23:404][  0]LogDerivedDataCache: Display: Loaded Boot cache: C:/Users/justf/AppData/Local/UnrealEngine/4.20/DerivedDataCache/Boot.ddc
[2018.12.18-00.46.23:404][  0]LogDerivedDataCache: FDerivedDataBackendGraph:  Pak pak cache file ../../../../The-boundary-tree/MyProject/DerivedDataCache/DDC.ddp not found, will not use a pak cache.
[2018.12.18-00.46.23:404][  0]LogDerivedDataCache: Unable to find inner node Pak for hierarchical cache Hierarchy.
[2018.12.18-00.46.23:404][  0]LogDerivedDataCache: FDerivedDataBackendGraph:  CompressedPak pak cache file ../../../../The-boundary-tree/MyProject/DerivedDataCache/Compressed.ddp not found, will not use a pak cache.
[2018.12.18-00.46.23:404][  0]LogDerivedDataCache: Unable to find inner node CompressedPak for hierarchical cache Hierarchy.
[2018.12.18-00.46.23:485][  0]LogDerivedDataCache: Display: Pak cache opened for reading ../../../Engine/DerivedDataCache/Compressed.ddp.
[2018.12.18-00.46.23:499][  0]LogDerivedDataCache: Using Local data cache path C:/Users/justf/AppData/Local/UnrealEngine/Common/DerivedDataCache: Writable
[2018.12.18-00.46.23:499][  0]LogDerivedDataCache: Shared data cache path not found in *engine.ini, will not use an Shared cache.
[2018.12.18-00.46.23:499][  0]LogDerivedDataCache: Unable to find inner node Shared for hierarchical cache Hierarchy.
[2018.12.18-00.46.23:700][  0]LogMaterial: Verifying Global Shaders for PCD3D_SM5
[2018.12.18-00.46.23:827][  0]LogSlate: Using FreeType 2.6.0
[2018.12.18-00.46.23:937][  0]LogSlate: SlateFontServices - WITH_FREETYPE: 1, WITH_HARFBUZZ: 1
[2018.12.18-00.46.25:401][  0]LogAssetRegistry: FAssetRegistry took 0.0681 seconds to start up
[2018.12.18-00.46.36:342][  0]LogInit: Selected Device Profile: [Windows]
[2018.12.18-00.46.39:452][  0]LogSimplygon: Simplygon DLL not present - disabling.
[2018.12.18-00.46.39:807][  0]LogMeshReduction: Using SimplygonSwarm for distributed automatic mesh merging
[2018.12.18-00.46.39:807][  0]LogMeshReduction: Using ProxyLODMeshReduction for automatic mesh merging
[2018.12.18-00.46.39:831][  0]LogMeshReduction: Using QuadricMeshReduction for automatic static mesh reduction
[2018.12.18-00.46.39:831][  0]LogMeshReduction: No automatic skeletal mesh reduction module available
[2018.12.18-00.46.40:426][  0]LogNetVersion: MyProject 1.0.0, NetCL: 4212847, EngineNetVer: 5, GameNetVer: 0 (Checksum: 1110078900)
[2018.12.18-00.46.41:530][  0]LogObj: Error: LoadConfig (/Script/Engine.Default__RendererSettings): import failed for bEnableAlphaChannelInPostProcessing in: False
[2018.12.18-00.46.47:163][  0]LogPackageLocalizationCache: Processed 11 localized package path(s) for 2 prioritized culture(s) in 0.231816 seconds
[2018.12.18-00.46.47:218][  0]LogUObjectArray: 38425 objects as part of root set at end of initial load.
[2018.12.18-00.46.47:218][  0]LogUObjectAllocator: 6690872 out of 0 bytes used by permanent object pool.
[2018.12.18-00.46.47:218][  0]LogUObjectArray: CloseDisregardForGC: 0/0 objects in disregard for GC pool
[2018.12.18-00.47.16:826][  0]LogTcpMessaging: Initializing TcpMessaging bridge
[2018.12.18-00.47.16:891][  0]LogUdpMessaging: Initializing bridge on interface 0.0.0.0:0 to multicast group 230.0.0.1:6666.
[2018.12.18-00.47.18:647][  0]SourceControl: Source control is disabled
[2018.12.18-00.47.18:648][  0]SourceControl: Source control is disabled
[2018.12.18-00.47.18:834][  0]SourceControl: Source control is disabled
[2018.12.18-00.47.18:851][  0]SourceControl: Source control is disabled
[2018.12.18-00.47.21:323][  0]LogAndroidPermission: UAndroidPermissionCallbackProxy::GetInstance
[2018.12.18-00.47.21:513][  0]LogOcInput: OculusInput pre-init called
[2018.12.18-00.47.22:414][  0]LogEngine: Initializing Engine...
[2018.12.18-00.47.22:465][  0]LogHMD: Failed to initialize OpenVR with code 110
[2018.12.18-00.47.22:529][  0]LogStats: UGameplayTagsManager::ConstructGameplayTagTree: ImportINI prefixes -  0.022 s
[2018.12.18-00.47.22:529][  0]LogStats: UGameplayTagsManager::ConstructGameplayTagTree: Construct from data asset -  0.000 s
[2018.12.18-00.47.22:529][  0]LogStats: UGameplayTagsManager::ConstructGameplayTagTree: ImportINI -  0.000 s
[2018.12.18-00.47.22:538][  0]LogStats: UGameplayTagsManager::ConstructGameplayTagTree: GameplayTagTreeChangedEvent.Broadcast -  0.010 s
[2018.12.18-00.47.23:354][  0]LogInit: Initializing FReadOnlyCVARCache
[2018.12.18-00.47.23:999][  0]LogAIModule: Creating AISystem for world Untitled
[2018.12.18-00.47.24:458][  0]LogInit: XAudio2 using 'Динамики (SADES Hammer)' : 2 channels at 44.1 kHz using 16 bits per sample (channel mask 0x3)
[2018.12.18-00.47.24:481][  0]LogInit: FAudioDevice initialized.
[2018.12.18-00.47.24:482][  0]LogNetVersion: Set ProjectVersion to 1.0.0.0. Version Checksum will be recalculated on next use.
[2018.12.18-00.47.24:551][  0]LogDerivedDataCache: Saved boot cache 0.07s 71MB C:/Users/justf/AppData/Local/UnrealEngine/4.20/DerivedDataCache/Boot.ddc.
[2018.12.18-00.47.24:559][  0]LogInit: Texture streaming: Enabled
[2018.12.18-00.47.24:702][  0]LogEngineSessionManager: EngineSessionManager initialized
[2018.12.18-00.47.24:881][  0]LogInit: Transaction tracking system initialized
[2018.12.18-00.47.25:596][  0]BlueprintLog: New page: Editor Load
[2018.12.18-00.47.27:547][  0]LocalizationService: Localization service is disabled
[2018.12.18-00.47.35:145][  0]LogFileCache: Scanning file cache for directory 'A:/Work/The-boundary-tree/MyProject/Content/' took 0.04s
[2018.12.18-00.47.35:145][  0]LogCook: Display: Max memory allowance for cook 16384mb min free memory 0mb
[2018.12.18-00.47.35:158][  0]LogCook: Display: Mobile HDR setting 1
[2018.12.18-00.47.35:171][  0]LogGameplayTags: Display: UGameplayTagsManager::DoneAddingNativeTags. DelegateIsBound: 0
[2018.12.18-00.47.35:171][  0]LogStats: UGameplayTagsManager::ConstructGameplayTagTree: ImportINI prefixes -  0.000 s
[2018.12.18-00.47.35:171][  0]LogStats: UGameplayTagsManager::ConstructGameplayTagTree: Construct from data asset -  0.000 s
[2018.12.18-00.47.35:172][  0]LogStats: UGameplayTagsManager::ConstructGameplayTagTree: ImportINI -  0.000 s
[2018.12.18-00.47.35:172][  0]LogStats: UGameplayTagsManager::ConstructGameplayTagTree: GameplayTagTreeChangedEvent.Broadcast -  0.000 s
[2018.12.18-00.47.37:837][  0]SourceControl: Source control is disabled
[2018.12.18-00.47.37:866][  0]Cmd: MAP LOAD FILE="../../../../The-boundary-tree/MyProject/Content/Maps/Menu_Intro.umap" TEMPLATE=0 SHOWPROGRESS=1 FEATURELEVEL=3
[2018.12.18-00.47.37:866][  0]LightingResults: New page: Lighting Build
[2018.12.18-00.47.38:080][  0]MapCheck: New page: Map Check
[2018.12.18-00.47.38:080][  0]LightingResults: New page: Lighting Build
[2018.12.18-00.47.41:996][  0]LogMaterial: Display: Missing cached shader map for material Mat_TheBook_Decoration_1-3, compiling. 
[2018.12.18-00.47.42:194][  0]LogShaderCompilers: Display: Shaders left to compile 60
[2018.12.18-00.47.42:194][  0]LogShaderCompilers: Display: Shaders left to compile 50
[2018.12.18-00.47.42:194][  0]LogShaderCompilers: Display: Shaders left to compile 40
[2018.12.18-00.47.42:194][  0]LogMaterial: Display: Missing cached shader map for material Mat_TheBook_LittleStar, compiling. 
[2018.12.18-00.47.42:223][  0]LogMaterial: Display: Missing cached shader map for material Mat_TheBook_Decoration_4, compiling. 
[2018.12.18-00.47.42:256][  0]LogMaterial: Display: Missing cached shader map for material Mat_TheBook_Crystal, compiling. 
[2018.12.18-00.47.42:363][  0]LogMaterial: Display: Missing cached shader map for material Mat_TheBook_Cover, compiling. 
[2018.12.18-00.47.42:394][  0]LogMaterial: Display: Missing cached shader map for material Mat_TheBook_BigStar, compiling. 
[2018.12.18-00.47.42:395][  0]LogMaterial: Warning: A:\Work\The-boundary-tree\MyProject\Content\Menu_Intro\LevelElements\TheBook\Mat_TheBook_BigStar.uasset: Failed to compile Material for platform PCD3D_SM5, Default Material will be used in game.
[2018.12.18-00.47.42:395][  0]LogMaterial: 	(Node TextureSample) Texture Sample> Missing input texture
[2018.12.18-00.47.43:987][  0]LogMaterial: Display: Missing cached shader map for material Mat_Bookshelf_Leg, compiling. 
[2018.12.18-00.47.43:999][  0]LogMaterial: Display: Missing cached shader map for material Mat_Bookshelf_Decoration, compiling. 
[2018.12.18-00.47.44:013][  0]LogMaterial: Display: Missing cached shader map for material Mat_Bookshelf_Body, compiling. 
[2018.12.18-00.47.44:025][  0]LogMaterial: Display: Missing cached shader map for material Mat_Bookshelf_Base, compiling. 
[2018.12.18-00.47.44:056][  0]LogMaterial: Display: Missing cached shader map for material Mat_Workbench, compiling. 
[2018.12.18-00.47.44:190][  0]LogAIModule: Creating AISystem for world Menu_Intro
[2018.12.18-00.47.44:972][  0]LogEditorServer: Finished looking for orphan Actors (0.000 secs)
[2018.12.18-00.47.46:000][  0]LogShaderCompilers: Display: Shaders left to compile 422
[2018.12.18-00.47.46:029][  0]Cmd: MAP CHECKDEP NOCLEARLOG
[2018.12.18-00.47.46:073][  0]MapCheck: Map check complete: 0 Error(s), 0 Warning(s), took 43,374ms to complete.
[2018.12.18-00.47.46:073][  0]LogFileHelpers: Loading map 'Menu_Intro' took 8.227
[2018.12.18-00.47.46:829][  0]LogShaderCompilers: Display: Shaders left to compile 412
[2018.12.18-00.47.47:800][  0]LogShaderCompilers: Display: Shaders left to compile 402
[2018.12.18-00.47.47:800][  0]LogSlate: Updating window title bar state: overlay mode, drag disabled, window buttons hidden, title bar hidden
[2018.12.18-00.47.47:807][  0]LogSlate: Updating window title bar state: overlay mode, drag disabled, window buttons hidden, title bar hidden
[2018.12.18-00.47.47:814][  0]LogSlate: Updating window title bar state: overlay mode, drag disabled, window buttons hidden, title bar hidden
[2018.12.18-00.47.47:820][  0]LogSlate: Updating window title bar state: overlay mode, drag disabled, window buttons hidden, title bar hidden
[2018.12.18-00.47.47:953][  0]LogCollectionManager: Loaded 0 collections in 0.009231 seconds
[2018.12.18-00.47.48:831][  0]LogFileCache: Scanning file cache for directory 'A:/Work/The-boundary-tree/MyProject/Saved/Collections/' took 0.02s
[2018.12.18-00.47.48:831][  0]LogFileCache: Scanning file cache for directory 'A:/Work/The-boundary-tree/MyProject/Content/Developers/justf/Collections/' took 0.01s
[2018.12.18-00.47.48:831][  0]LogFileCache: Scanning file cache for directory 'A:/Work/The-boundary-tree/MyProject/Content/Collections/' took 0.01s
[2018.12.18-00.47.48:831][  0]LogShaderCompilers: Display: Shaders left to compile 392
[2018.12.18-00.47.48:831][  0]LogCollectionManager: Rebuilt the GUID cache for 0 collections in 0.000000 seconds
[2018.12.18-00.47.48:987][  0]LogContentBrowser: Native class hierarchy populated in 0.0460 seconds. Added 2575 classes and 605 folders.
[2018.12.18-00.47.49:111][  0]LogContentBrowser: Native class hierarchy updated for 'WidgetCarousel' in 0.0004 seconds. Added 0 classes and 0 folders.
[2018.12.18-00.47.50:696][  0]LogShaderCompilers: Display: Shaders left to compile 382
[2018.12.18-00.47.50:696][  0]LogContentBrowser: Native class hierarchy updated for 'AddContentDialog' in 0.0004 seconds. Added 0 classes and 0 folders.
[2018.12.18-00.47.50:855][  0]LogContentBrowser: Native class hierarchy updated for 'SceneOutliner' in 0.0003 seconds. Added 1 classes and 2 folders.
[2018.12.18-00.47.51:731][  0]LogShaderCompilers: Display: Shaders left to compile 372
[2018.12.18-00.47.51:731][  0]LogShaderCompilers: Display: Shaders left to compile 362
[2018.12.18-00.47.51:731][  0]LogSlate: Took 0.010086 seconds to synchronously load lazily loaded font '../../../Engine/Content/Slate/Fonts/Roboto-Regular.ttf' (155K)
[2018.12.18-00.47.51:789][  0]LogSlate: Took 0.032790 seconds to synchronously load lazily loaded font '../../../Engine/Content/Slate/Fonts/Roboto-Bold.ttf' (160K)
[2018.12.18-00.47.51:835][  0]LogSlate: Took 0.018149 seconds to synchronously load lazily loaded font '../../../Engine/Content/Editor/Slate/Fonts/FontAwesome.ttf' (139K)
[2018.12.18-00.47.52:264][  0]LogRenderer: Reallocating scene render targets to support 1208x572 Format 10 NumSamples 1 (Frame:1).
[2018.12.18-00.47.53:031][  0]LogShaderCompilers: Display: Shaders left to compile 352
[2018.12.18-00.47.53:241][  0]LogShaderCompilers: Display: Shaders left to compile 342
[2018.12.18-00.47.53:241][  0]LogContentBrowser: Native class hierarchy updated for 'HierarchicalLODOutliner' in 0.0003 seconds. Added 0 classes and 0 folders.
[2018.12.18-00.47.53:241][  0]LogLoad: (Engine Initialization) Total time: 153.02 seconds
[2018.12.18-00.47.53:241][  0]LogLoad: (Engine Initialization) Total Blueprint compile time: 0.00 seconds
[2018.12.18-00.47.53:445][  0]LogContentStreaming: Texture pool size now 1000 MB
[2018.12.18-00.47.53:619][  0]LogSlate: Took 0.007483 seconds to synchronously load lazily loaded font '../../../Engine/Content/Slate/Fonts/Roboto-Light.ttf' (167K)
[2018.12.18-00.47.54:049][  1]LogShaderCompilers: Display: Shaders left to compile 332
[2018.12.18-00.47.54:449][  3]LogLinker: Warning: Can't resolve asset name
[2018.12.18-00.47.54:784][  3]LogShaderCompilers: Display: Shaders left to compile 322
[2018.12.18-00.47.55:577][  3]LogShaderCompilers: Display: Shaders left to compile 312
[2018.12.18-00.47.55:579][  3]LogShaderCompilers: Display: Shaders left to compile 302
[2018.12.18-00.47.57:325][  3]LogShaderCompilers: Display: Shaders left to compile 292
[2018.12.18-00.47.57:401][  3]LogShaderCompilers: Display: Shaders left to compile 282
[2018.12.18-00.47.58:120][  3]LogShaderCompilers: Display: Shaders left to compile 272
[2018.12.18-00.47.59:381][  3]LogShaderCompilers: Display: Shaders left to compile 262
[2018.12.18-00.48.00:072][  3]LogShaderCompilers: Display: Shaders left to compile 252
[2018.12.18-00.48.03:923][  3]LogShaderCompilers: Display: Shaders left to compile 242
[2018.12.18-00.48.10:973][  3]LogShaderCompilers: Display: Shaders left to compile 232
[2018.12.18-00.48.11:728][  3]LogShaderCompilers: Display: Shaders left to compile 222
[2018.12.18-00.48.18:258][  3]LogShaderCompilers: Display: Shaders left to compile 212
[2018.12.18-00.48.20:202][  3]LogSlate: Took 0.000137 seconds to synchronously load lazily loaded font '../../../Engine/Content/Slate/Fonts/Roboto-Light.ttf' (167K)
[2018.12.18-00.48.20:203][  3]LogSlate: FSceneViewport::OnFocusLost() reason 2
[2018.12.18-00.48.20:214][  3]LogAssetEditorManager: Opening Asset editor for Blueprint /Game/Menu_Intro/LevelElements/BookShelf/BP_Bookshelf.BP_Bookshelf
[2018.12.18-00.48.22:285][  3]LogContentBrowser: Native class hierarchy updated for 'BlueprintGraph' in 0.0006 seconds. Added 116 classes and 0 folders.
[2018.12.18-00.48.24:305][  3]LogAssetEditorManager: Opening Asset editor for Blueprint /Game/Menu_Intro/Blueprints/Pawn_BookSelector.Pawn_BookSelector
[2018.12.18-00.48.24:738][  3]LogAssetEditorManager: Opening Asset editor for Blueprint /Game/Menu_Intro/LevelElements/TheBook/BP_TheBook.BP_TheBook
[2018.12.18-00.48.25:150][  3]LogAssetEditorManager: Opening Asset editor for Blueprint /Game/Menu_Intro/Controller_MenuIntro.Controller_MenuIntro
[2018.12.18-00.48.25:597][  3]LogAssetRegistry: Asset discovery search completed in 120.2282 seconds
[2018.12.18-00.48.25:619][  3]LogCollectionManager: Rebuilt the object cache for 0 collections in 0.000000 seconds (found 0 objects)
[2018.12.18-00.48.25:619][  3]LogCollectionManager: Fixed up redirectors for 0 collections in 0.000065 seconds (updated 0 objects)
[2018.12.18-00.48.25:662][  3]LogSlate: Took 0.015034 seconds to synchronously load lazily loaded font '../../../Engine/Content/Slate/Fonts/Roboto-BoldCondensed.ttf' (158K)
[2018.12.18-00.48.26:897][  4]LogSlate: Took 0.020261 seconds to synchronously load lazily loaded font '../../../Engine/Content/Slate/Fonts/Roboto-Italic.ttf' (157K)
[2018.12.18-00.48.27:849][ 29]LogShaderCompilers: Display: Shaders left to compile 202
[2018.12.18-00.48.28:018][ 35]LogShaderCompilers: Display: Shaders left to compile 192
[2018.12.18-00.48.34:430][261]LogShaderCompilers: Display: Shaders left to compile 182
[2018.12.18-00.48.37:143][350]LogShaderCompilers: Display: Shaders left to compile 172
[2018.12.18-00.48.40:508][476]LogShaderCompilers: Display: Shaders left to compile 162
[2018.12.18-00.48.42:966][567]LogShaderCompilers: Display: Shaders left to compile 152
[2018.12.18-00.48.43:362][582]LogShaderCompilers: Display: Shaders left to compile 142
[2018.12.18-00.48.46:177][677]LogShaderCompilers: Display: Shaders left to compile 132
[2018.12.18-00.48.47:037][707]LogShaderCompilers: Display: Shaders left to compile 122
[2018.12.18-00.48.49:603][797]LogShaderCompilers: Display: Shaders left to compile 112
[2018.12.18-00.48.50:323][823]LogShaderCompilers: Display: Shaders left to compile 102
[2018.12.18-00.48.50:396][825]LogShaderCompilers: Display: Shaders left to compile 92
[2018.12.18-00.48.53:082][901]LogShaderCompilers: Display: Shaders left to compile 82
[2018.12.18-00.48.53:631][910]LogShaderCompilers: Display: Shaders left to compile 72
[2018.12.18-00.48.53:745][914]LogShaderCompilers: Display: Shaders left to compile 62
[2018.12.18-00.48.57:001][  3]LogShaderCompilers: Display: Shaders left to compile 52
[2018.12.18-00.48.57:237][ 12]LogShaderCompilers: Display: Shaders left to compile 42
[2018.12.18-00.48.57:608][ 14]LogShaderCompilers: Display: Shaders left to compile 32
[2018.12.18-00.48.59:010][ 66]LogShaderCompilers: Display: Shaders left to compile 22
[2018.12.18-00.48.59:436][ 82]LogShaderCompilers: Display: Shaders left to compile 12
[2018.12.18-00.49.00:031][ 85]LogShaderCompilers: Display: Shaders left to compile 2
[2018.12.18-02.05.20:315][868]LogInit: XAudio2 using 'HP 25x (NVIDIA High Definition Audio)' : 2 channels at 48 kHz using 16 bits per sample (channel mask 0x3)
[2018.12.18-03.46.40:703][982]LogAssetEditorManager: Opening Asset editor for LevelScriptBlueprint /Game/Maps/Menu_Intro.Menu_Intro:PersistentLevel.Menu_Intro
[2018.12.18-03.46.53:140][ 42]LogSlate: Window 'Menu_Intro - Level Blueprint Editor' being destroyed
[2018.12.18-04.08.25:066][627]LogSlate: FSceneViewport::OnFocusLost() reason 0
[2018.12.18-04.08.34:561][744]LogWindowsTextInputMethodSystem: Display: IME system now deactivated.
[2018.12.18-04.08.34:561][744]LogWindowsTextInputMethodSystem: Display: IME system now deactivated.
[2018.12.18-04.09.53:700][129]Cmd: OBJ SAVEPACKAGE PACKAGE="/Game/Maps/Menu_Intro" FILE="../../../../The-boundary-tree/MyProject/Saved/Autosaves/Game/Maps/Menu_Intro_Auto1.umap" SILENT=true AUTOSAVING=true KEEPDIRTY=false
[2018.12.18-04.09.54:500][129]LogSavePackage: Moving '../../../../The-boundary-tree/MyProject/Saved/Menu_Intro_Auto1630363D442189C247E66F19AAA390933.tmp' to '../../../../The-boundary-tree/MyProject/Saved/Autosaves/Game/Maps/Menu_Intro_Auto1.umap'
[2018.12.18-04.09.54:554][129]LogFileHelpers: Editor autosave (incl. sublevels) for '/Game/Maps/Menu_Intro' took 0.990
[2018.12.18-04.09.54:554][129]LogFileHelpers: Editor autosave (incl. sublevels) for all levels took 0.990
[2018.12.18-04.13.14:097][734]LogInit: XAudio2 using 'Динамики (SADES Hammer)' : 2 channels at 44.1 kHz using 16 bits per sample (channel mask 0x3)
[2018.12.18-06.56.35:997][943]LogInit: XAudio2 using 'HP 25x (NVIDIA High Definition Audio)' : 2 channels at 48 kHz using 16 bits per sample (channel mask 0x3)
[2018.12.18-07.12.31:339][664]Cmd: OBJ SAVEPACKAGE PACKAGE="/Game/Maps/Menu_Intro" FILE="../../../../The-boundary-tree/MyProject/Saved/Autosaves/Game/Maps/Menu_Intro_Auto2.umap" SILENT=true AUTOSAVING=true KEEPDIRTY=false
[2018.12.18-07.12.31:599][664]LogSavePackage: Moving '../../../../The-boundary-tree/MyProject/Saved/Menu_Intro_Auto290BC035D4CCDD9AC119B26AE16515EED.tmp' to '../../../../The-boundary-tree/MyProject/Saved/Autosaves/Game/Maps/Menu_Intro_Auto2.umap'
[2018.12.18-07.12.31:624][664]LogFileHelpers: Editor autosave (incl. sublevels) for '/Game/Maps/Menu_Intro' took 0.318
[2018.12.18-07.12.31:624][664]LogFileHelpers: Editor autosave (incl. sublevels) for all levels took 0.318
[2018.12.18-07.13.40:251][339]LogSlate: Window 'Pick Parent Class' being destroyed
[2018.12.18-07.14.06:099][385]LogAssetEditorManager: Opening Asset editor for Blueprint /Game/Menu_Intro/Blueprints/BP_TestSave.BP_TestSave
[2018.12.18-07.14.34:288][683]LogSlate: Took 0.011395 seconds to synchronously load lazily loaded font '../../../Engine/Content/Slate/Fonts/Roboto-BoldCondensedItalic.ttf' (160K)
[2018.12.18-07.14.40:621][438]BlueprintLog: New page: Compile BP_TestSave
[2018.12.18-07.17.42:374][146]BlueprintLog: New page: Compile BP_TestSave
[2018.12.18-07.18.00:089][216]BlueprintLog: New page: Compile Controller_MenuIntro
[2018.12.18-07.18.52:376][425]BlueprintLog: New page: Compile Controller_MenuIntro
[2018.12.18-07.20.00:090][218]LogSlate: Window 'Color Picker' being destroyed
[2018.12.18-07.20.16:444][942]LogSlate: Window 'Color Picker' being destroyed
[2018.12.18-07.20.21:438][539]BlueprintLog: New page: Compile Controller_MenuIntro
[2018.12.18-07.20.50:988][ 32]BlueprintLog: New page: Compile Controller_MenuIntro
[2018.12.18-07.20.55:423][540]BlueprintLog: New page: Compile Controller_MenuIntro
[2018.12.18-07.20.58:495][870]LogTemp: Repeating last play command: Selected Viewport
[2018.12.18-07.20.58:593][870]LogBlueprintUserMessages: Early PlayInEditor Detection: Level '/Game/Maps/Menu_Intro.Menu_Intro:PersistentLevel' has LevelScriptBlueprint '/Game/Maps/Menu_Intro.Menu_Intro:PersistentLevel.Menu_Intro' with GeneratedClass '/Game/Maps/Menu_Intro.Menu_Intro_C' with ClassGeneratedBy '/Game/Maps/Menu_Intro.Menu_Intro:PersistentLevel.Menu_Intro'
[2018.12.18-07.20.58:618][870]LogPlayLevel: PlayLevel: No blueprints needed recompiling
[2018.12.18-07.20.58:830][870]PIE: New page: PIE session: Menu_Intro (19 дек. 2018 г., 3:20:58)
[2018.12.18-07.20.58:830][870]LogPlayLevel: Creating play world package: /Game/Maps/UEDPIE_0_Menu_Intro
[2018.12.18-07.20.58:896][870]LogPlayLevel: PIE: StaticDuplicateObject took: (0.065552s)
[2018.12.18-07.20.58:896][870]LogAIModule: Creating AISystem for world Menu_Intro
[2018.12.18-07.20.58:904][870]LogPlayLevel: PIE: World Init took: (0.008553s)
[2018.12.18-07.20.58:915][870]LogPlayLevel: PIE: Created PIE world by copying editor world from /Game/Maps/Menu_Intro.Menu_Intro to /Game/Maps/UEDPIE_0_Menu_Intro.Menu_Intro (0.085029s)
[2018.12.18-07.20.59:018][870]LogInit: XAudio2 using 'HP 25x (NVIDIA High Definition Audio)' : 2 channels at 48 kHz using 16 bits per sample (channel mask 0x3)
[2018.12.18-07.20.59:025][870]LogInit: FAudioDevice initialized.
[2018.12.18-07.20.59:112][870]LogLoad: Game class is 'GameMode_Intro_C'
[2018.12.18-07.20.59:249][870]LogWorld: Bringing World /Game/Maps/UEDPIE_0_Menu_Intro.Menu_Intro up for play (max tick rate 0) at 2018.12.18-17.20.59
[2018.12.18-07.20.59:548][870]LogWorld: Bringing up level for play took: 0.314219
[2018.12.18-07.20.59:845][870]LogContentBrowser: Native class hierarchy updated for 'MovieSceneCapture' in 0.0009 seconds. Added 10 classes and 0 folders.
[2018.12.18-07.20.59:984][870]PIE: Play in editor start time for /Game/Maps/UEDPIE_0_Menu_Intro 0,491
[2018.12.18-07.20.59:984][870]LogBlueprintUserMessages: Late PlayInEditor Detection: Level '/Game/Maps/Menu_Intro.Menu_Intro:PersistentLevel' has LevelScriptBlueprint '/Game/Maps/Menu_Intro.Menu_Intro:PersistentLevel.Menu_Intro' with GeneratedClass '/Game/Maps/Menu_Intro.Menu_Intro_C' with ClassGeneratedBy '/Game/Maps/Menu_Intro.Menu_Intro:PersistentLevel.Menu_Intro'
[2018.12.18-07.21.01:744][ 42]LogBlueprintUserMessages: [Controller_MenuIntro_C_0] HUINYA!
[2018.12.18-07.21.02:652][151]LogBlueprintUserMessages: [Controller_MenuIntro_C_0] HUINYA!
[2018.12.18-07.21.03:052][199]LogBlueprintUserMessages: [Controller_MenuIntro_C_0] HUINYA!
[2018.12.18-07.21.03:470][249]LogBlueprintUserMessages: Early EndPlayMap Detection: Level '/Game/Maps/Menu_Intro.Menu_Intro:PersistentLevel' has LevelScriptBlueprint '/Game/Maps/Menu_Intro.Menu_Intro:PersistentLevel.Menu_Intro' with GeneratedClass '/Game/Maps/Menu_Intro.Menu_Intro_C' with ClassGeneratedBy '/Game/Maps/Menu_Intro.Menu_Intro:PersistentLevel.Menu_Intro'
[2018.12.18-07.21.03:487][249]LogSlate: Updating window title bar state: overlay mode, drag disabled, window buttons hidden, title bar hidden
[2018.12.18-07.21.03:680][249]LogPlayLevel: Display: Shutting down PIE online subsystems
[2018.12.18-07.21.03:680][249]LogBlueprintUserMessages: Late EndPlayMap Detection: Level '/Game/Maps/Menu_Intro.Menu_Intro:PersistentLevel' has LevelScriptBlueprint '/Game/Maps/Menu_Intro.Menu_Intro:PersistentLevel.Menu_Intro' with GeneratedClass '/Game/Maps/Menu_Intro.Menu_Intro_C' with ClassGeneratedBy '/Game/Maps/Menu_Intro.Menu_Intro:PersistentLevel.Menu_Intro'
[2018.12.18-07.21.03:768][249]LogSlate: Updating window title bar state: overlay mode, drag disabled, window buttons hidden, title bar hidden
[2018.12.18-07.21.03:877][250]LogPlayLevel: Display: Destroying online subsystem :Context_12
[2018.12.18-07.21.05:653][462]LogSlate: FSceneViewport::OnFocusLost() reason 0
[2018.12.18-07.22.36:518][353]Cmd: OBJ SAVEPACKAGE PACKAGE="/Game/Maps/Menu_Intro" FILE="../../../../The-boundary-tree/MyProject/Saved/Autosaves/Game/Maps/Menu_Intro_Auto3.umap" SILENT=true AUTOSAVING=true KEEPDIRTY=false
[2018.12.18-07.22.36:754][353]LogSavePackage: Moving '../../../../The-boundary-tree/MyProject/Saved/Menu_Intro_Auto3AD0CDEF846ED812CCAB9C6B08DE64805.tmp' to '../../../../The-boundary-tree/MyProject/Saved/Autosaves/Game/Maps/Menu_Intro_Auto3.umap'
[2018.12.18-07.22.36:756][353]LogFileHelpers: Editor autosave (incl. sublevels) for '/Game/Maps/Menu_Intro' took 0.270
[2018.12.18-07.22.36:756][353]LogFileHelpers: Editor autosave (incl. sublevels) for all levels took 0.270
[2018.12.18-07.22.36:758][353]OBJ SavePackage: Generating thumbnails for [0] asset(s) in package [/Game/Menu_Intro/Controller_MenuIntro] ([1] browsable assets)...
[2018.12.18-07.22.36:758][353]OBJ SavePackage: Finished generating thumbnails for package [/Game/Menu_Intro/Controller_MenuIntro]
[2018.12.18-07.22.36:839][353]LogSavePackage: Moving '../../../../The-boundary-tree/MyProject/Saved/Controller_MenuIntro_Auto3C74CE3D5423037DCDA707593ADF5C04C.tmp' to '../../../../The-boundary-tree/MyProject/Saved/Autosaves/Game/Menu_Intro/Controller_MenuIntro_Auto3.uasset'
[2018.12.18-07.22.36:857][353]OBJ SavePackage: Generating thumbnails for [0] asset(s) in package [/Game/Menu_Intro/Blueprints/BP_TestSave] ([1] browsable assets)...
[2018.12.18-07.22.36:857][353]OBJ SavePackage: Finished generating thumbnails for package [/Game/Menu_Intro/Blueprints/BP_TestSave]
[2018.12.18-07.22.36:858][353]LogSavePackage: Moving '../../../../The-boundary-tree/MyProject/Saved/BP_TestSave_Auto373C728974CA5481126FCDABE086647E6.tmp' to '../../../../The-boundary-tree/MyProject/Saved/Autosaves/Game/Menu_Intro/Blueprints/BP_TestSave_Auto3.uasset'
[2018.12.18-07.22.36:867][353]LogFileHelpers: Auto-saving content packages took 0.110
[2018.12.18-07.53.18:757][601]LogSlate: Only BGRA pngs, bmps or icos are supported in by External Image Picker
[2018.12.18-07.53.18:862][602]LogTemp: Executing iPhonePackager certificates Engine -bundlename com.YourCompany.MyProject
[2018.12.18-07.53.18:862][602]LogTemp: CWD: A:\Work\UE_4.20\Engine\Binaries\DotNET\IOS
[2018.12.18-07.53.18:862][602]LogTemp: Initial Dir: A:\Work\UE_4.20
[2018.12.18-07.53.18:862][602]LogTemp: Env CWD: A:\Work\UE_4.20\Engine\Binaries\DotNET\IOS
[2018.12.18-07.53.18:862][602]LogTemp: BranchPath = DESKTOP-CACG351/A/Work/UE_4.20/Engine/Binaries --- GameBranchPath = DESKTOP-CACG351/A/Work/UE_4.20/Engine/Binaries
[2018.12.18-07.53.18:862][602]LogTemp: IPP ERROR: Could not find provision directory 'C:\Users\justf\AppData\Local/Apple Computer/MobileDevice/Provisioning Profiles/'.
[2018.12.18-07.54.20:975][869]LogSlate: Prevented a slow task dialog from being summoned while a context menu was open
[2018.12.18-07.54.29:018][737]LogSlate: Window 'Project Settings' being destroyed
[2018.12.18-07.55.48:703][359]LogWindowsTextInputMethodSystem: Display: IME system now deactivated.
[2018.12.18-07.55.48:703][359]LogWindowsTextInputMethodSystem: Display: IME system now deactivated.
[2018.12.18-07.57.13:852][780]LogWindowsTextInputMethodSystem: Display: IME system now deactivated.
[2018.12.18-07.57.13:852][780]LogWindowsTextInputMethodSystem: Display: IME system now deactivated.
[2018.12.18-07.57.39:055][780]LogSlate: Window 'Pick Parent Class' being destroyed
[2018.12.18-08.02.08:002][797]LogAssetEditorManager: Opening Asset editor for Blueprint /Game/Menu_Intro/Blueprints/BP_TestGameInstance.BP_TestGameInstance
[2018.12.18-08.05.03:146][936]LogInit: XAudio2 using 'Динамики (SADES Hammer)' : 2 channels at 44.1 kHz using 16 bits per sample (channel mask 0x3)
[2018.12.18-08.07.39:441][402]LogFileHelpers: Editor autosave (incl. sublevels) for '/Game/Maps/Menu_Intro' took 0.038
[2018.12.18-08.07.39:442][402]OBJ SavePackage: Generating thumbnails for [0] asset(s) in package [/Game/Menu_Intro/Blueprints/BP_TestGameInstance] ([1] browsable assets)...
[2018.12.18-08.07.39:442][402]OBJ SavePackage: Finished generating thumbnails for package [/Game/Menu_Intro/Blueprints/BP_TestGameInstance]
[2018.12.18-08.07.39:445][402]LogSavePackage: Moving '../../../../The-boundary-tree/MyProject/Saved/BP_TestGameInstance_Auto4996A8BE54A6926F2789842B93A5DDE3B.tmp' to '../../../../The-boundary-tree/MyProject/Saved/Autosaves/Game/Menu_Intro/Blueprints/BP_TestGameInstance_Auto4.uasset'
[2018.12.18-08.07.39:445][402]LogFileHelpers: Auto-saving content packages took 0.003
[2018.12.18-08.21.23:164][133]LogSlate: Prevented a slow task dialog from being summoned while a context menu was open
[2018.12.18-08.21.28:034][672]Cmd: OBJ SAVEPACKAGE PACKAGE="/Game/Maps/Menu_Intro" FILE="../../../../The-boundary-tree/MyProject/Content/Maps/Menu_Intro.umap" SILENT=true AUTOSAVING=false KEEPDIRTY=false
[2018.12.18-08.21.28:322][672]LogSavePackage: Moving '../../../../The-boundary-tree/MyProject/Saved/Menu_Intro5665B2A5475743984D7BFF86AAD9723A.tmp' to '../../../../The-boundary-tree/MyProject/Content/Maps/Menu_Intro.umap'
[2018.12.18-08.21.28:360][672]LogFileHelpers: Saving map 'Menu_Intro' took 0.376
[2018.12.18-08.21.28:362][672]Cmd: OBJ SAVEPACKAGE PACKAGE="/Game/Menu_Intro/Controller_MenuIntro" FILE="../../../../The-boundary-tree/MyProject/Content/Menu_Intro/Controller_MenuIntro.uasset" SILENT=true
[2018.12.18-08.21.28:409][672]LogSavePackage: Moving '../../../../The-boundary-tree/MyProject/Saved/Controller_MenuIntro23533B434F18834AC37F60BA3F35FB9F.tmp' to '../../../../The-boundary-tree/MyProject/Content/Menu_Intro/Controller_MenuIntro.uasset'
[2018.12.18-08.21.28:413][672]Cmd: OBJ SAVEPACKAGE PACKAGE="/Game/Menu_Intro/Blueprints/BP_TestSave" FILE="../../../../The-boundary-tree/MyProject/Content/Menu_Intro/Blueprints/BP_TestSave.uasset" SILENT=true
[2018.12.18-08.21.28:416][672]LogSavePackage: Moving '../../../../The-boundary-tree/MyProject/Saved/BP_TestSaveEEAA0D5843CFAB46FBBA0AA36DDFAE5D.tmp' to '../../../../The-boundary-tree/MyProject/Content/Menu_Intro/Blueprints/BP_TestSave.uasset'
[2018.12.18-08.21.28:420][672]Cmd: OBJ SAVEPACKAGE PACKAGE="/Game/Menu_Intro/Blueprints/BP_TestGameInstance" FILE="../../../../The-boundary-tree/MyProject/Content/Menu_Intro/Blueprints/BP_TestGameInstance.uasset" SILENT=true
[2018.12.18-08.21.28:423][672]LogSavePackage: Moving '../../../../The-boundary-tree/MyProject/Saved/BP_TestGameInstanceC9CB1D52479AE649AF62E2BF8937D4C3.tmp' to '../../../../The-boundary-tree/MyProject/Content/Menu_Intro/Blueprints/BP_TestGameInstance.uasset'
[2018.12.18-08.31.02:906][ 58]BlueprintLog: New page: Compile BP_TestGameInstance
[2018.12.18-08.32.04:616][436]LogFileHelpers: Editor autosave (incl. sublevels) for '/Game/Maps/Menu_Intro' took 0.034
[2018.12.18-08.32.04:618][436]OBJ SavePackage: Generating thumbnails for [0] asset(s) in package [/Game/Menu_Intro/Blueprints/BP_TestGameInstance] ([1] browsable assets)...
[2018.12.18-08.32.04:618][436]OBJ SavePackage: Finished generating thumbnails for package [/Game/Menu_Intro/Blueprints/BP_TestGameInstance]
[2018.12.18-08.32.04:647][436]LogSavePackage: Moving '../../../../The-boundary-tree/MyProject/Saved/BP_TestGameInstance_Auto5F34A7FA843F0DECCE248BAA87B7EA3CD.tmp' to '../../../../The-boundary-tree/MyProject/Saved/Autosaves/Game/Menu_Intro/Blueprints/BP_TestGameInstance_Auto5.uasset'
[2018.12.18-08.32.04:647][436]LogFileHelpers: Auto-saving content packages took 0.030
[2018.12.18-12.34.16:916][261]LogWindowsTextInputMethodSystem: Display: IME system now deactivated.
[2018.12.18-12.34.16:916][261]LogWindowsTextInputMethodSystem: Display: IME system now deactivated.
[2018.12.18-12.34.42:318][259]LogWindowsTextInputMethodSystem: Display: IME system now deactivated.
[2018.12.18-12.34.42:319][259]LogWindowsTextInputMethodSystem: Display: IME system now deactivated.
[2018.12.18-12.35.14:272][  5]BlueprintLog: New page: Compile BP_TestGameInstance
[2018.12.18-12.35.37:975][814]BlueprintLog: New page: Compile BP_TestGameInstance
[2018.12.18-12.36.03:458][804]BlueprintLog: New page: Compile Controller_MenuIntro
[2018.12.18-12.36.04:772][919]LogTemp: Repeating last play command: Selected Viewport
[2018.12.18-12.36.04:806][919]LogBlueprintUserMessages: Early PlayInEditor Detection: Level '/Game/Maps/Menu_Intro.Menu_Intro:PersistentLevel' has LevelScriptBlueprint '/Game/Maps/Menu_Intro.Menu_Intro:PersistentLevel.Menu_Intro' with GeneratedClass '/Game/Maps/Menu_Intro.Menu_Intro_C' with ClassGeneratedBy '/Game/Maps/Menu_Intro.Menu_Intro:PersistentLevel.Menu_Intro'
[2018.12.18-12.36.04:807][919]LogPlayLevel: PlayLevel: No blueprints needed recompiling
[2018.12.18-12.36.04:807][919]PIE: New page: PIE session: Menu_Intro (19 дек. 2018 г., 8:36:04)
[2018.12.18-12.36.04:807][919]LogPlayLevel: Creating play world package: /Game/Maps/UEDPIE_0_Menu_Intro
[2018.12.18-12.36.04:817][919]LogPlayLevel: PIE: StaticDuplicateObject took: (0.010256s)
[2018.12.18-12.36.04:818][919]LogAIModule: Creating AISystem for world Menu_Intro
[2018.12.18-12.36.04:818][919]LogPlayLevel: PIE: World Init took: (0.000945s)
[2018.12.18-12.36.04:818][919]LogPlayLevel: PIE: Created PIE world by copying editor world from /Game/Maps/Menu_Intro.Menu_Intro to /Game/Maps/UEDPIE_0_Menu_Intro.Menu_Intro (0.011381s)
[2018.12.18-12.36.04:854][919]LogInit: XAudio2 using 'Динамики (SADES Hammer)' : 2 channels at 44.1 kHz using 16 bits per sample (channel mask 0x3)
[2018.12.18-12.36.04:861][919]LogInit: FAudioDevice initialized.
[2018.12.18-12.36.04:911][919]LogLoad: Game class is 'GameMode_Intro_C'
[2018.12.18-12.36.04:916][919]LogWorld: Bringing World /Game/Maps/UEDPIE_0_Menu_Intro.Menu_Intro up for play (max tick rate 0) at 2018.12.18-22.36.04
[2018.12.18-12.36.04:917][919]LogWorld: Bringing up level for play took: 0.005641
[2018.12.18-12.36.04:931][919]PIE: Play in editor start time for /Game/Maps/UEDPIE_0_Menu_Intro -0,561
[2018.12.18-12.36.04:932][919]LogBlueprintUserMessages: Late PlayInEditor Detection: Level '/Game/Maps/Menu_Intro.Menu_Intro:PersistentLevel' has LevelScriptBlueprint '/Game/Maps/Menu_Intro.Menu_Intro:PersistentLevel.Menu_Intro' with GeneratedClass '/Game/Maps/Menu_Intro.Menu_Intro_C' with ClassGeneratedBy '/Game/Maps/Menu_Intro.Menu_Intro:PersistentLevel.Menu_Intro'
[2018.12.18-12.36.06:132][ 61]LogBlueprintUserMessages: [SlidingBook_307] Complete
[2018.12.18-12.36.06:510][ 92]LogScript: Warning: Accessed None trying to read property GameSave
	BP_TestGameInstance_C /Engine/Transient.UnrealEdEngine_0:BP_TestGameInstance_C_0
	Function /Game/Menu_Intro/Blueprints/BP_TestGameInstance.BP_TestGameInstance_C:ExecuteUbergraph_BP_TestGameInstance:007A
[2018.12.18-12.36.06:511][ 92]PIE: Error: Blueprint Runtime Error: "Accessed None trying to read property GameSave". Blueprint:  BP_TestGameInstance Function:  Execute Ubergraph BP Test Game Instance Graph:  EventGraph Node:  Set Stage
[2018.12.18-12.36.06:511][ 92]LogScript: Warning: Attempted to assign to None
	BP_TestGameInstance_C /Engine/Transient.UnrealEdEngine_0:BP_TestGameInstance_C_0
	Function /Game/Menu_Intro/Blueprints/BP_TestGameInstance.BP_TestGameInstance_C:ExecuteUbergraph_BP_TestGameInstance:008F
[2018.12.18-12.36.06:511][ 92]PIE: Error: Blueprint Runtime Error: "Attempted to assign to None". Blueprint:  BP_TestGameInstance Function:  Execute Ubergraph BP Test Game Instance Graph:  EventGraph Node:  Set Stage
[2018.12.18-12.36.06:511][ 92]LogBlueprintUserMessages: [BP_TestGameInstance_C_0] HUINYA!
[2018.12.18-12.36.09:403][434]LogScript: Warning: Accessed None trying to read property GameSave
	BP_TestGameInstance_C /Engine/Transient.UnrealEdEngine_0:BP_TestGameInstance_C_0
	Function /Game/Menu_Intro/Blueprints/BP_TestGameInstance.BP_TestGameInstance_C:ExecuteUbergraph_BP_TestGameInstance:007A
[2018.12.18-12.36.09:403][434]PIE: Error: Blueprint Runtime Error: "Accessed None trying to read property GameSave". Blueprint:  BP_TestGameInstance Function:  Execute Ubergraph BP Test Game Instance Graph:  EventGraph Node:  Set Stage
[2018.12.18-12.36.09:403][434]LogScript: Warning: Attempted to assign to None
	BP_TestGameInstance_C /Engine/Transient.UnrealEdEngine_0:BP_TestGameInstance_C_0
	Function /Game/Menu_Intro/Blueprints/BP_TestGameInstance.BP_TestGameInstance_C:ExecuteUbergraph_BP_TestGameInstance:008F
[2018.12.18-12.36.09:403][434]PIE: Error: Blueprint Runtime Error: "Attempted to assign to None". Blueprint:  BP_TestGameInstance Function:  Execute Ubergraph BP Test Game Instance Graph:  EventGraph Node:  Set Stage
[2018.12.18-12.36.09:403][434]LogBlueprintUserMessages: [BP_TestGameInstance_C_0] HUINYA!
[2018.12.18-12.36.10:045][508]LogScript: Warning: Accessed None trying to read property GameSave
	BP_TestGameInstance_C /Engine/Transient.UnrealEdEngine_0:BP_TestGameInstance_C_0
	Function /Game/Menu_Intro/Blueprints/BP_TestGameInstance.BP_TestGameInstance_C:ExecuteUbergraph_BP_TestGameInstance:007A
[2018.12.18-12.36.10:045][508]PIE: Error: Blueprint Runtime Error: "Accessed None trying to read property GameSave". Blueprint:  BP_TestGameInstance Function:  Execute Ubergraph BP Test Game Instance Graph:  EventGraph Node:  Set Stage
[2018.12.18-12.36.10:045][508]LogScript: Warning: Attempted to assign to None
	BP_TestGameInstance_C /Engine/Transient.UnrealEdEngine_0:BP_TestGameInstance_C_0
	Function /Game/Menu_Intro/Blueprints/BP_TestGameInstance.BP_TestGameInstance_C:ExecuteUbergraph_BP_TestGameInstance:008F
[2018.12.18-12.36.10:046][508]PIE: Error: Blueprint Runtime Error: "Attempted to assign to None". Blueprint:  BP_TestGameInstance Function:  Execute Ubergraph BP Test Game Instance Graph:  EventGraph Node:  Set Stage
[2018.12.18-12.36.10:046][508]LogBlueprintUserMessages: [BP_TestGameInstance_C_0] HUINYA!
[2018.12.18-12.36.10:429][554]LogScript: Warning: Accessed None trying to read property GameSave
	BP_TestGameInstance_C /Engine/Transient.UnrealEdEngine_0:BP_TestGameInstance_C_0
	Function /Game/Menu_Intro/Blueprints/BP_TestGameInstance.BP_TestGameInstance_C:ExecuteUbergraph_BP_TestGameInstance:007A
[2018.12.18-12.36.10:429][554]PIE: Error: Blueprint Runtime Error: "Accessed None trying to read property GameSave". Blueprint:  BP_TestGameInstance Function:  Execute Ubergraph BP Test Game Instance Graph:  EventGraph Node:  Set Stage
[2018.12.18-12.36.10:429][554]LogScript: Warning: Attempted to assign to None
	BP_TestGameInstance_C /Engine/Transient.UnrealEdEngine_0:BP_TestGameInstance_C_0
	Function /Game/Menu_Intro/Blueprints/BP_TestGameInstance.BP_TestGameInstance_C:ExecuteUbergraph_BP_TestGameInstance:008F
[2018.12.18-12.36.10:429][554]PIE: Error: Blueprint Runtime Error: "Attempted to assign to None". Blueprint:  BP_TestGameInstance Function:  Execute Ubergraph BP Test Game Instance Graph:  EventGraph Node:  Set Stage
[2018.12.18-12.36.10:429][554]LogBlueprintUserMessages: [BP_TestGameInstance_C_0] HUINYA!
[2018.12.18-12.36.10:628][578]LogScript: Warning: Accessed None trying to read property GameSave
	BP_TestGameInstance_C /Engine/Transient.UnrealEdEngine_0:BP_TestGameInstance_C_0
	Function /Game/Menu_Intro/Blueprints/BP_TestGameInstance.BP_TestGameInstance_C:ExecuteUbergraph_BP_TestGameInstance:007A
[2018.12.18-12.36.10:628][578]PIE: Error: Blueprint Runtime Error: "Accessed None trying to read property GameSave". Blueprint:  BP_TestGameInstance Function:  Execute Ubergraph BP Test Game Instance Graph:  EventGraph Node:  Set Stage
[2018.12.18-12.36.10:628][578]LogScript: Warning: Attempted to assign to None
	BP_TestGameInstance_C /Engine/Transient.UnrealEdEngine_0:BP_TestGameInstance_C_0
	Function /Game/Menu_Intro/Blueprints/BP_TestGameInstance.BP_TestGameInstance_C:ExecuteUbergraph_BP_TestGameInstance:008F
[2018.12.18-12.36.10:628][578]PIE: Error: Blueprint Runtime Error: "Attempted to assign to None". Blueprint:  BP_TestGameInstance Function:  Execute Ubergraph BP Test Game Instance Graph:  EventGraph Node:  Set Stage
[2018.12.18-12.36.10:628][578]LogBlueprintUserMessages: [BP_TestGameInstance_C_0] HUINYA!
[2018.12.18-12.36.11:321][661]LogBlueprintUserMessages: Early EndPlayMap Detection: Level '/Game/Maps/Menu_Intro.Menu_Intro:PersistentLevel' has LevelScriptBlueprint '/Game/Maps/Menu_Intro.Menu_Intro:PersistentLevel.Menu_Intro' with GeneratedClass '/Game/Maps/Menu_Intro.Menu_Intro_C' with ClassGeneratedBy '/Game/Maps/Menu_Intro.Menu_Intro:PersistentLevel.Menu_Intro'
[2018.12.18-12.36.11:321][661]LogSlate: Updating window title bar state: overlay mode, drag disabled, window buttons hidden, title bar hidden
[2018.12.18-12.36.11:361][661]LogPlayLevel: Display: Shutting down PIE online subsystems
[2018.12.18-12.36.11:361][661]LogBlueprintUserMessages: Late EndPlayMap Detection: Level '/Game/Maps/Menu_Intro.Menu_Intro:PersistentLevel' has LevelScriptBlueprint '/Game/Maps/Menu_Intro.Menu_Intro:PersistentLevel.Menu_Intro' with GeneratedClass '/Game/Maps/Menu_Intro.Menu_Intro_C' with ClassGeneratedBy '/Game/Maps/Menu_Intro.Menu_Intro:PersistentLevel.Menu_Intro'
[2018.12.18-12.36.11:394][661]LogSlate: Updating window title bar state: overlay mode, drag disabled, window buttons hidden, title bar hidden
[2018.12.18-12.36.11:459][662]LogPlayLevel: Display: Destroying online subsystem :Context_14
[2018.12.18-12.36.11:836][696]LogSlate: FSceneViewport::OnFocusLost() reason 0
[2018.12.18-12.36.24:374][136]LogSlate: Window 'Message Log' being destroyed
[2018.12.18-12.36.24:377][136]LogSlate: Window 'Message Log' being destroyed
[2018.12.18-12.37.25:384][431]LogFileHelpers: Editor autosave (incl. sublevels) for '/Game/Maps/Menu_Intro' took 0.034
[2018.12.18-12.37.25:385][431]OBJ SavePackage: Generating thumbnails for [0] asset(s) in package [/Game/Menu_Intro/Controller_MenuIntro] ([1] browsable assets)...
[2018.12.18-12.37.25:385][431]OBJ SavePackage: Finished generating thumbnails for package [/Game/Menu_Intro/Controller_MenuIntro]
[2018.12.18-12.37.25:430][431]LogSavePackage: Moving '../../../../The-boundary-tree/MyProject/Saved/Controller_MenuIntro_Auto6BDFD2CDA4FCB91EC0E42C6941A1FC154.tmp' to '../../../../The-boundary-tree/MyProject/Saved/Autosaves/Game/Menu_Intro/Controller_MenuIntro_Auto6.uasset'
[2018.12.18-12.37.25:431][431]OBJ SavePackage: Generating thumbnails for [0] asset(s) in package [/Game/Menu_Intro/Blueprints/BP_TestGameInstance] ([1] browsable assets)...
[2018.12.18-12.37.25:431][431]OBJ SavePackage: Finished generating thumbnails for package [/Game/Menu_Intro/Blueprints/BP_TestGameInstance]
[2018.12.18-12.37.25:464][431]LogSavePackage: Moving '../../../../The-boundary-tree/MyProject/Saved/BP_TestGameInstance_Auto6B0CBC462484BFD299E41F49760357090.tmp' to '../../../../The-boundary-tree/MyProject/Saved/Autosaves/Game/Menu_Intro/Blueprints/BP_TestGameInstance_Auto6.uasset'
[2018.12.18-12.37.25:464][431]LogFileHelpers: Auto-saving content packages took 0.079
[2018.12.18-12.37.29:673][921]BlueprintLog: New page: Compile BP_TestGameInstance
[2018.12.18-12.38.03:152][779]LogSlate: Prevented a slow task dialog from being summoned while a context menu was open
[2018.12.18-12.38.22:847][132]BlueprintLog: New page: Compile BP_TestGameInstance
[2018.12.18-12.38.24:030][254]LogTemp: Repeating last play command: Selected Viewport
[2018.12.18-12.38.24:059][254]LogBlueprintUserMessages: Early PlayInEditor Detection: Level '/Game/Maps/Menu_Intro.Menu_Intro:PersistentLevel' has LevelScriptBlueprint '/Game/Maps/Menu_Intro.Menu_Intro:PersistentLevel.Menu_Intro' with GeneratedClass '/Game/Maps/Menu_Intro.Menu_Intro_C' with ClassGeneratedBy '/Game/Maps/Menu_Intro.Menu_Intro:PersistentLevel.Menu_Intro'
[2018.12.18-12.38.24:059][254]LogPlayLevel: PlayLevel: No blueprints needed recompiling
[2018.12.18-12.38.24:060][254]PIE: New page: PIE session: Menu_Intro (19 дек. 2018 г., 8:38:24)
[2018.12.18-12.38.24:060][254]LogPlayLevel: Creating play world package: /Game/Maps/UEDPIE_0_Menu_Intro
[2018.12.18-12.38.24:068][254]LogPlayLevel: PIE: StaticDuplicateObject took: (0.008701s)
[2018.12.18-12.38.24:069][254]LogAIModule: Creating AISystem for world Menu_Intro
[2018.12.18-12.38.24:069][254]LogPlayLevel: PIE: World Init took: (0.000574s)
[2018.12.18-12.38.24:069][254]LogPlayLevel: PIE: Created PIE world by copying editor world from /Game/Maps/Menu_Intro.Menu_Intro to /Game/Maps/UEDPIE_0_Menu_Intro.Menu_Intro (0.009394s)
[2018.12.18-12.38.24:104][254]LogInit: XAudio2 using 'Динамики (SADES Hammer)' : 2 channels at 44.1 kHz using 16 bits per sample (channel mask 0x3)
[2018.12.18-12.38.24:111][254]LogInit: FAudioDevice initialized.
[2018.12.18-12.38.24:142][254]LogLoad: Game class is 'GameMode_Intro_C'
[2018.12.18-12.38.24:145][254]LogWorld: Bringing World /Game/Maps/UEDPIE_0_Menu_Intro.Menu_Intro up for play (max tick rate 0) at 2018.12.18-22.38.24
[2018.12.18-12.38.24:146][254]LogWorld: Bringing up level for play took: 0.003960
[2018.12.18-12.38.24:159][254]PIE: Play in editor start time for /Game/Maps/UEDPIE_0_Menu_Intro 0,667
[2018.12.18-12.38.24:160][254]LogBlueprintUserMessages: Late PlayInEditor Detection: Level '/Game/Maps/Menu_Intro.Menu_Intro:PersistentLevel' has LevelScriptBlueprint '/Game/Maps/Menu_Intro.Menu_Intro:PersistentLevel.Menu_Intro' with GeneratedClass '/Game/Maps/Menu_Intro.Menu_Intro_C' with ClassGeneratedBy '/Game/Maps/Menu_Intro.Menu_Intro:PersistentLevel.Menu_Intro'
[2018.12.18-12.38.26:284][507]LogBlueprintUserMessages: [SlidingBook_307] Complete
[2018.12.18-12.38.26:337][512]LogBlueprintUserMessages: [BP_TestGameInstance_C_1] HUINYA!
[2018.12.18-12.38.27:419][642]LogBlueprintUserMessages: [BP_TestGameInstance_C_1] HUINYA!
[2018.12.18-12.38.27:879][697]LogBlueprintUserMessages: Early EndPlayMap Detection: Level '/Game/Maps/Menu_Intro.Menu_Intro:PersistentLevel' has LevelScriptBlueprint '/Game/Maps/Menu_Intro.Menu_Intro:PersistentLevel.Menu_Intro' with GeneratedClass '/Game/Maps/Menu_Intro.Menu_Intro_C' with ClassGeneratedBy '/Game/Maps/Menu_Intro.Menu_Intro:PersistentLevel.Menu_Intro'
[2018.12.18-12.38.27:879][697]LogSlate: Updating window title bar state: overlay mode, drag disabled, window buttons hidden, title bar hidden
[2018.12.18-12.38.27:914][697]LogPlayLevel: Display: Shutting down PIE online subsystems
[2018.12.18-12.38.27:915][697]LogBlueprintUserMessages: Late EndPlayMap Detection: Level '/Game/Maps/Menu_Intro.Menu_Intro:PersistentLevel' has LevelScriptBlueprint '/Game/Maps/Menu_Intro.Menu_Intro:PersistentLevel.Menu_Intro' with GeneratedClass '/Game/Maps/Menu_Intro.Menu_Intro_C' with ClassGeneratedBy '/Game/Maps/Menu_Intro.Menu_Intro:PersistentLevel.Menu_Intro'
[2018.12.18-12.38.27:947][697]LogSlate: Updating window title bar state: overlay mode, drag disabled, window buttons hidden, title bar hidden
[2018.12.18-12.38.27:980][699]LogPlayLevel: Display: Destroying online subsystem :Context_15
[2018.12.18-12.38.28:916][810]LogSlate: FSceneViewport::OnFocusLost() reason 0
[2018.12.18-12.38.37:576][848]BlueprintLog: New page: Compile BP_TestGameInstance
[2018.12.18-12.38.38:831][983]LogTemp: Repeating last play command: Selected Viewport
[2018.12.18-12.38.38:861][983]LogBlueprintUserMessages: Early PlayInEditor Detection: Level '/Game/Maps/Menu_Intro.Menu_Intro:PersistentLevel' has LevelScriptBlueprint '/Game/Maps/Menu_Intro.Menu_Intro:PersistentLevel.Menu_Intro' with GeneratedClass '/Game/Maps/Menu_Intro.Menu_Intro_C' with ClassGeneratedBy '/Game/Maps/Menu_Intro.Menu_Intro:PersistentLevel.Menu_Intro'
[2018.12.18-12.38.38:861][983]LogPlayLevel: PlayLevel: No blueprints needed recompiling
[2018.12.18-12.38.38:861][983]PIE: New page: PIE session: Menu_Intro (19 дек. 2018 г., 8:38:38)
[2018.12.18-12.38.38:861][983]LogPlayLevel: Creating play world package: /Game/Maps/UEDPIE_0_Menu_Intro
[2018.12.18-12.38.38:870][983]LogPlayLevel: PIE: StaticDuplicateObject took: (0.009009s)
[2018.12.18-12.38.38:871][983]LogAIModule: Creating AISystem for world Menu_Intro
[2018.12.18-12.38.38:871][983]LogPlayLevel: PIE: World Init took: (0.000761s)
[2018.12.18-12.38.38:871][983]LogPlayLevel: PIE: Created PIE world by copying editor world from /Game/Maps/Menu_Intro.Menu_Intro to /Game/Maps/UEDPIE_0_Menu_Intro.Menu_Intro (0.009893s)
[2018.12.18-12.38.38:907][983]LogInit: XAudio2 using 'Динамики (SADES Hammer)' : 2 channels at 44.1 kHz using 16 bits per sample (channel mask 0x3)
[2018.12.18-12.38.38:914][983]LogInit: FAudioDevice initialized.
[2018.12.18-12.38.38:943][983]LogLoad: Game class is 'GameMode_Intro_C'
[2018.12.18-12.38.38:947][983]LogWorld: Bringing World /Game/Maps/UEDPIE_0_Menu_Intro.Menu_Intro up for play (max tick rate 0) at 2018.12.18-22.38.38
[2018.12.18-12.38.38:947][983]LogWorld: Bringing up level for play took: 0.003943
[2018.12.18-12.38.38:960][983]PIE: Play in editor start time for /Game/Maps/UEDPIE_0_Menu_Intro -0,532
[2018.12.18-12.38.38:961][983]LogBlueprintUserMessages: Late PlayInEditor Detection: Level '/Game/Maps/Menu_Intro.Menu_Intro:PersistentLevel' has LevelScriptBlueprint '/Game/Maps/Menu_Intro.Menu_Intro:PersistentLevel.Menu_Intro' with GeneratedClass '/Game/Maps/Menu_Intro.Menu_Intro_C' with ClassGeneratedBy '/Game/Maps/Menu_Intro.Menu_Intro:PersistentLevel.Menu_Intro'
[2018.12.18-12.38.39:855][ 87]LogBlueprintUserMessages: [BP_TestGameInstance_C_2] ZAEBIS!
[2018.12.18-12.38.40:588][175]LogBlueprintUserMessages: [BP_TestGameInstance_C_2] ZAEBIS!
[2018.12.18-12.38.40:937][217]LogBlueprintUserMessages: [BP_TestGameInstance_C_2] ZAEBIS!
[2018.12.18-12.38.41:872][329]LogBlueprintUserMessages: Early EndPlayMap Detection: Level '/Game/Maps/Menu_Intro.Menu_Intro:PersistentLevel' has LevelScriptBlueprint '/Game/Maps/Menu_Intro.Menu_Intro:PersistentLevel.Menu_Intro' with GeneratedClass '/Game/Maps/Menu_Intro.Menu_Intro_C' with ClassGeneratedBy '/Game/Maps/Menu_Intro.Menu_Intro:PersistentLevel.Menu_Intro'
[2018.12.18-12.38.41:872][329]LogSlate: Updating window title bar state: overlay mode, drag disabled, window buttons hidden, title bar hidden
[2018.12.18-12.38.41:908][329]LogPlayLevel: Display: Shutting down PIE online subsystems
[2018.12.18-12.38.41:908][329]LogBlueprintUserMessages: Late EndPlayMap Detection: Level '/Game/Maps/Menu_Intro.Menu_Intro:PersistentLevel' has LevelScriptBlueprint '/Game/Maps/Menu_Intro.Menu_Intro:PersistentLevel.Menu_Intro' with GeneratedClass '/Game/Maps/Menu_Intro.Menu_Intro_C' with ClassGeneratedBy '/Game/Maps/Menu_Intro.Menu_Intro:PersistentLevel.Menu_Intro'
[2018.12.18-12.38.41:941][329]LogSlate: Updating window title bar state: overlay mode, drag disabled, window buttons hidden, title bar hidden
[2018.12.18-12.38.41:975][331]LogPlayLevel: Display: Destroying online subsystem :Context_16
[2018.12.18-12.38.42:495][392]LogSlate: FSceneViewport::OnFocusLost() reason 0
[2018.12.18-12.43.39:738][434]BlueprintLog: New page: Compile BP_TestGameInstance
[2018.12.18-12.47.32:281][302]LogFileHelpers: Editor autosave (incl. sublevels) for '/Game/Maps/Menu_Intro' took 0.030
[2018.12.18-12.47.32:282][302]OBJ SavePackage: Generating thumbnails for [0] asset(s) in package [/Game/Menu_Intro/Controller_MenuIntro] ([1] browsable assets)...
[2018.12.18-12.47.32:282][302]OBJ SavePackage: Finished generating thumbnails for package [/Game/Menu_Intro/Controller_MenuIntro]
[2018.12.18-12.47.32:328][302]LogSavePackage: Moving '../../../../The-boundary-tree/MyProject/Saved/Controller_MenuIntro_Auto7DCD848A243F851B7BF8C8A8A67723A43.tmp' to '../../../../The-boundary-tree/MyProject/Saved/Autosaves/Game/Menu_Intro/Controller_MenuIntro_Auto7.uasset'
[2018.12.18-12.47.32:329][302]OBJ SavePackage: Generating thumbnails for [0] asset(s) in package [/Game/Menu_Intro/Blueprints/BP_TestGameInstance] ([1] browsable assets)...
[2018.12.18-12.47.32:329][302]OBJ SavePackage: Finished generating thumbnails for package [/Game/Menu_Intro/Blueprints/BP_TestGameInstance]
[2018.12.18-12.47.32:362][302]LogSavePackage: Moving '../../../../The-boundary-tree/MyProject/Saved/BP_TestGameInstance_Auto7193E3FD941F459BE5E9B7D9C0668F052.tmp' to '../../../../The-boundary-tree/MyProject/Saved/Autosaves/Game/Menu_Intro/Blueprints/BP_TestGameInstance_Auto7.uasset'
[2018.12.18-12.47.32:363][302]LogFileHelpers: Auto-saving content packages took 0.081
[2018.12.18-13.03.39:889][776]BlueprintLog: New page: Compile BP_TestGameInstance
[2018.12.18-13.04.09:692][315]BlueprintLog: New page: Compile BP_TestGameInstance
[2018.12.18-13.05.39:364][961]BlueprintLog: New page: Compile BP_TestGameInstance
[2018.12.18-13.06.32:108][376]LogFileHelpers: Editor autosave (incl. sublevels) for '/Game/Maps/Menu_Intro' took 0.033
[2018.12.18-13.06.32:109][376]OBJ SavePackage: Generating thumbnails for [0] asset(s) in package [/Game/Menu_Intro/Controller_MenuIntro] ([1] browsable assets)...
[2018.12.18-13.06.32:109][376]OBJ SavePackage: Finished generating thumbnails for package [/Game/Menu_Intro/Controller_MenuIntro]
[2018.12.18-13.06.32:155][376]LogSavePackage: Moving '../../../../The-boundary-tree/MyProject/Saved/Controller_MenuIntro_Auto802DB8DFF499CF4DE70C3908299A92849.tmp' to '../../../../The-boundary-tree/MyProject/Saved/Autosaves/Game/Menu_Intro/Controller_MenuIntro_Auto8.uasset'
[2018.12.18-13.06.32:156][376]OBJ SavePackage: Generating thumbnails for [0] asset(s) in package [/Game/Menu_Intro/Blueprints/BP_TestGameInstance] ([1] browsable assets)...
[2018.12.18-13.06.32:156][376]OBJ SavePackage: Finished generating thumbnails for package [/Game/Menu_Intro/Blueprints/BP_TestGameInstance]
[2018.12.18-13.06.32:195][376]LogSavePackage: Moving '../../../../The-boundary-tree/MyProject/Saved/BP_TestGameInstance_Auto8554005274BF7B3D10D5DF797C4840FAC.tmp' to '../../../../The-boundary-tree/MyProject/Saved/Autosaves/Game/Menu_Intro/Blueprints/BP_TestGameInstance_Auto8.uasset'
[2018.12.18-13.06.32:195][376]LogFileHelpers: Auto-saving content packages took 0.087
[2018.12.18-14.32.06:991][916]Cmd: OBJ SAVEPACKAGE PACKAGE="/Game/Menu_Intro/Controller_MenuIntro" FILE="../../../../The-boundary-tree/MyProject/Content/Menu_Intro/Controller_MenuIntro.uasset" SILENT=true
[2018.12.18-14.32.07:035][916]LogSavePackage: Moving '../../../../The-boundary-tree/MyProject/Saved/Controller_MenuIntro5A5EEDE04585F677A6CA8DA66C4E9BFE.tmp' to '../../../../The-boundary-tree/MyProject/Content/Menu_Intro/Controller_MenuIntro.uasset'
[2018.12.18-14.32.07:039][916]Cmd: OBJ SAVEPACKAGE PACKAGE="/Game/Menu_Intro/Blueprints/BP_TestGameInstance" FILE="../../../../The-boundary-tree/MyProject/Content/Menu_Intro/Blueprints/BP_TestGameInstance.uasset" SILENT=true
[2018.12.18-14.32.07:080][916]LogSavePackage: Moving '../../../../The-boundary-tree/MyProject/Saved/BP_TestGameInstanceABF9FDA448408B8B5B96669878825306.tmp' to '../../../../The-boundary-tree/MyProject/Content/Menu_Intro/Blueprints/BP_TestGameInstance.uasset'
[2018.12.18-14.32.52:373][302]BlueprintLog: New page: Compile BP_TestGameInstance
[2018.12.18-14.33.17:521][438]LogFileHelpers: Editor autosave (incl. sublevels) for '/Game/Maps/Menu_Intro' took 0.033
[2018.12.18-14.33.17:522][438]OBJ SavePackage: Generating thumbnails for [0] asset(s) in package [/Game/Menu_Intro/Blueprints/BP_TestGameInstance] ([1] browsable assets)...
[2018.12.18-14.33.17:523][438]OBJ SavePackage: Finished generating thumbnails for package [/Game/Menu_Intro/Blueprints/BP_TestGameInstance]
[2018.12.18-14.33.17:564][438]LogSavePackage: Moving '../../../../The-boundary-tree/MyProject/Saved/BP_TestGameInstance_Auto944D9CE9D4AD70C4FF5CD4A9916C2DA71.tmp' to '../../../../The-boundary-tree/MyProject/Saved/Autosaves/Game/Menu_Intro/Blueprints/BP_TestGameInstance_Auto9.uasset'
[2018.12.18-14.33.17:565][438]LogFileHelpers: Auto-saving content packages took 0.043
[2018.12.18-14.53.42:954][ 84]LogInit: XAudio2 using 'Динамики (SADES Hammer)' : 2 channels at 44.1 kHz using 16 bits per sample (channel mask 0x3)
[2018.12.18-22.10.10:082][242]LogInit: XAudio2 using 'Динамики (SADES Hammer)' : 2 channels at 44.1 kHz using 16 bits per sample (channel mask 0x3)
[2018.12.19-01.04.50:371][723]BlueprintLog: New page: Compile BP_TestGameInstance
[2018.12.19-01.06.10:277][212]LogFileHelpers: Editor autosave (incl. sublevels) for '/Game/Maps/Menu_Intro' took 0.035
[2018.12.19-01.06.10:279][212]OBJ SavePackage: Generating thumbnails for [0] asset(s) in package [/Game/Menu_Intro/Blueprints/BP_TestGameInstance] ([1] browsable assets)...
[2018.12.19-01.06.10:279][212]OBJ SavePackage: Finished generating thumbnails for package [/Game/Menu_Intro/Blueprints/BP_TestGameInstance]
[2018.12.19-01.06.10:440][212]LogSavePackage: Moving '../../../../The-boundary-tree/MyProject/Saved/BP_TestGameInstance_Auto01CC2979A45644547AE3FAF8AD595931F.tmp' to '../../../../The-boundary-tree/MyProject/Saved/Autosaves/Game/Menu_Intro/Blueprints/BP_TestGameInstance_Auto0.uasset'
[2018.12.19-01.06.10:447][212]LogFileHelpers: Auto-saving content packages took 0.168
[2018.12.19-01.07.15:458][976]BlueprintLog: New page: Compile BP_TestGameInstance
[2018.12.19-01.08.42:705][309]BlueprintLog: New page: Compile BP_TestGameInstance
[2018.12.19-01.09.29:130][799]BlueprintLog: New page: Compile BP_TestGameInstance
[2018.12.19-01.16.11:736][727]LogFileHelpers: Editor autosave (incl. sublevels) for '/Game/Maps/Menu_Intro' took 0.032
[2018.12.19-01.16.11:737][727]OBJ SavePackage: Generating thumbnails for [0] asset(s) in package [/Game/Menu_Intro/Blueprints/BP_TestGameInstance] ([1] browsable assets)...
[2018.12.19-01.16.11:737][727]OBJ SavePackage: Finished generating thumbnails for package [/Game/Menu_Intro/Blueprints/BP_TestGameInstance]
[2018.12.19-01.16.11:781][727]LogSavePackage: Moving '../../../../The-boundary-tree/MyProject/Saved/BP_TestGameInstance_Auto1667249DA4DD520702CB58BA8DB48FAD0.tmp' to '../../../../The-boundary-tree/MyProject/Saved/Autosaves/Game/Menu_Intro/Blueprints/BP_TestGameInstance_Auto1.uasset'
[2018.12.19-01.16.11:782][727]LogFileHelpers: Auto-saving content packages took 0.045
[2018.12.19-01.26.11:879][572]LogFileHelpers: Editor autosave (incl. sublevels) for '/Game/Maps/Menu_Intro' took 0.036
[2018.12.19-01.26.11:881][572]OBJ SavePackage: Generating thumbnails for [0] asset(s) in package [/Game/Menu_Intro/Blueprints/BP_TestGameInstance] ([1] browsable assets)...
[2018.12.19-01.26.11:881][572]OBJ SavePackage: Finished generating thumbnails for package [/Game/Menu_Intro/Blueprints/BP_TestGameInstance]
[2018.12.19-01.26.11:943][572]LogSavePackage: Moving '../../../../The-boundary-tree/MyProject/Saved/BP_TestGameInstance_Auto29471CF7246FDB533FF5A3BB5251C015B.tmp' to '../../../../The-boundary-tree/MyProject/Saved/Autosaves/Game/Menu_Intro/Blueprints/BP_TestGameInstance_Auto2.uasset'
[2018.12.19-01.26.11:943][572]LogFileHelpers: Auto-saving content packages took 0.063
[2018.12.19-01.38.56:086][248]BlueprintLog: New page: Compile BP_TestGameInstance
[2018.12.19-01.39.30:879][390]LogFileHelpers: Editor autosave (incl. sublevels) for '/Game/Maps/Menu_Intro' took 0.032
[2018.12.19-01.39.30:880][390]OBJ SavePackage: Generating thumbnails for [0] asset(s) in package [/Game/Menu_Intro/Blueprints/BP_TestGameInstance] ([1] browsable assets)...
[2018.12.19-01.39.30:880][390]OBJ SavePackage: Finished generating thumbnails for package [/Game/Menu_Intro/Blueprints/BP_TestGameInstance]
[2018.12.19-01.39.30:927][390]LogSavePackage: Moving '../../../../The-boundary-tree/MyProject/Saved/BP_TestGameInstance_Auto3F921AE1747DED116340B45B76F269E43.tmp' to '../../../../The-boundary-tree/MyProject/Saved/Autosaves/Game/Menu_Intro/Blueprints/BP_TestGameInstance_Auto3.uasset'
[2018.12.19-01.39.30:927][390]LogFileHelpers: Auto-saving content packages took 0.047
[2018.12.19-01.58.30:933][994]LogFileHelpers: Editor autosave (incl. sublevels) for '/Game/Maps/Menu_Intro' took 0.032
[2018.12.19-01.58.30:936][994]OBJ SavePackage: Generating thumbnails for [0] asset(s) in package [/Game/Menu_Intro/Controller_MenuIntro] ([1] browsable assets)...
[2018.12.19-01.58.30:936][994]OBJ SavePackage: Finished generating thumbnails for package [/Game/Menu_Intro/Controller_MenuIntro]
[2018.12.19-01.58.31:032][994]LogSavePackage: Moving '../../../../The-boundary-tree/MyProject/Saved/Controller_MenuIntro_Auto465619A3147E7977E2271898F69A73E49.tmp' to '../../../../The-boundary-tree/MyProject/Saved/Autosaves/Game/Menu_Intro/Controller_MenuIntro_Auto4.uasset'
[2018.12.19-01.58.31:033][994]OBJ SavePackage: Generating thumbnails for [0] asset(s) in package [/Game/Menu_Intro/Blueprints/BP_TestGameInstance] ([1] browsable assets)...
[2018.12.19-01.58.31:033][994]OBJ SavePackage: Finished generating thumbnails for package [/Game/Menu_Intro/Blueprints/BP_TestGameInstance]
[2018.12.19-01.58.31:082][994]LogSavePackage: Moving '../../../../The-boundary-tree/MyProject/Saved/BP_TestGameInstance_Auto437E201DE4FCD04BF9F8F49B272E68EEF.tmp' to '../../../../The-boundary-tree/MyProject/Saved/Autosaves/Game/Menu_Intro/Blueprints/BP_TestGameInstance_Auto4.uasset'
[2018.12.19-01.58.31:082][994]LogFileHelpers: Auto-saving content packages took 0.147
[2018.12.19-02.10.26:029][634]LogFileHelpers: Editor autosave (incl. sublevels) for '/Game/Maps/Menu_Intro' took 0.037
[2018.12.19-02.10.26:031][634]OBJ SavePackage: Generating thumbnails for [0] asset(s) in package [/Game/Menu_Intro/Controller_MenuIntro] ([1] browsable assets)...
[2018.12.19-02.10.26:031][634]OBJ SavePackage: Finished generating thumbnails for package [/Game/Menu_Intro/Controller_MenuIntro]
[2018.12.19-02.10.26:075][634]LogSavePackage: Moving '../../../../The-boundary-tree/MyProject/Saved/Controller_MenuIntro_Auto5A51E1F4142E6F4B375BBA1BB03FB77C9.tmp' to '../../../../The-boundary-tree/MyProject/Saved/Autosaves/Game/Menu_Intro/Controller_MenuIntro_Auto5.uasset'
[2018.12.19-02.10.26:076][634]LogFileHelpers: Auto-saving content packages took 0.045
[2018.12.19-02.20.26:364][153]Cmd: OBJ SAVEPACKAGE PACKAGE="/Game/Maps/Menu_Intro" FILE="../../../../The-boundary-tree/MyProject/Saved/Autosaves/Game/Maps/Menu_Intro_Auto6.umap" SILENT=true AUTOSAVING=true KEEPDIRTY=false
[2018.12.19-02.20.26:687][153]LogSavePackage: Moving '../../../../The-boundary-tree/MyProject/Saved/Menu_Intro_Auto635C2CC2F47186D52702067B5A8E220EF.tmp' to '../../../../The-boundary-tree/MyProject/Saved/Autosaves/Game/Maps/Menu_Intro_Auto6.umap'
[2018.12.19-02.20.26:689][153]LogFileHelpers: Editor autosave (incl. sublevels) for '/Game/Maps/Menu_Intro' took 0.378
[2018.12.19-02.20.26:689][153]LogFileHelpers: Editor autosave (incl. sublevels) for all levels took 0.378
[2018.12.19-06.14.52:786][481]LogEditorTransaction: Undo Delete current selection
[2018.12.19-06.14.53:171][514]LogEditorTransaction: Undo Delete current selection
[2018.12.19-06.16.08:880][563]Cmd: OBJ SAVEPACKAGE PACKAGE="/Game/Maps/Menu_Intro" FILE="../../../../The-boundary-tree/MyProject/Saved/Autosaves/Game/Maps/Menu_Intro_Auto7.umap" SILENT=true AUTOSAVING=true KEEPDIRTY=false
[2018.12.19-06.16.09:156][563]LogSavePackage: Moving '../../../../The-boundary-tree/MyProject/Saved/Menu_Intro_Auto78160C38B44D63325253430886247F591.tmp' to '../../../../The-boundary-tree/MyProject/Saved/Autosaves/Game/Maps/Menu_Intro_Auto7.umap'
[2018.12.19-06.16.09:191][563]LogFileHelpers: Editor autosave (incl. sublevels) for '/Game/Maps/Menu_Intro' took 0.465
[2018.12.19-06.16.09:191][563]LogFileHelpers: Editor autosave (incl. sublevels) for all levels took 0.465
[2018.12.19-13.10.09:897][171]LogWindowsTextInputMethodSystem: Display: IME system now deactivated.
[2018.12.19-13.10.09:943][171]LogWindowsTextInputMethodSystem: Display: IME system now deactivated.
[2018.12.19-13.10.21:106][288]Cmd: OBJ SAVEPACKAGE PACKAGE="/Game/Maps/Menu_Intro" FILE="../../../../The-boundary-tree/MyProject/Content/Maps/Menu_Intro.umap" SILENT=true AUTOSAVING=false KEEPDIRTY=false
[2018.12.19-13.10.22:949][288]LogSavePackage: Moving '../../../../The-boundary-tree/MyProject/Saved/Menu_Intro0B28E53E4AFA9F951F078A9DDEE1481B.tmp' to '../../../../The-boundary-tree/MyProject/Content/Maps/Menu_Intro.umap'
[2018.12.19-13.10.23:165][288]LogFileHelpers: Saving map 'Menu_Intro' took 8.592
[2018.12.19-13.10.23:170][288]Cmd: OBJ SAVEPACKAGE PACKAGE="/Game/Menu_Intro/Controller_MenuIntro" FILE="../../../../The-boundary-tree/MyProject/Content/Menu_Intro/Controller_MenuIntro.uasset" SILENT=true
[2018.12.19-13.10.23:247][288]LogSavePackage: Moving '../../../../The-boundary-tree/MyProject/Saved/Controller_MenuIntro62DE69DE406888CB1A530DB69F0D947D.tmp' to '../../../../The-boundary-tree/MyProject/Content/Menu_Intro/Controller_MenuIntro.uasset'
[2018.12.19-13.10.23:251][288]Cmd: OBJ SAVEPACKAGE PACKAGE="/Game/Menu_Intro/Blueprints/BP_TestGameInstance" FILE="../../../../The-boundary-tree/MyProject/Content/Menu_Intro/Blueprints/BP_TestGameInstance.uasset" SILENT=true
[2018.12.19-13.10.23:329][288]LogSavePackage: Moving '../../../../The-boundary-tree/MyProject/Saved/BP_TestGameInstance2355433A4BABDFCB9EECAC9CC79DBB50.tmp' to '../../../../The-boundary-tree/MyProject/Content/Menu_Intro/Blueprints/BP_TestGameInstance.uasset'
[2018.12.19-13.10.25:274][382]LogActorComponent: UnregisterComponent: (/Engine/Transient.EditorFloorComp) Not registered. Aborting.
[2018.12.19-13.10.25:623][382]LogActorComponent: UnregisterComponent: (/Engine/Transient.EditorFloorComp) Not registered. Aborting.
[2018.12.19-13.10.25:743][382]LogActorComponent: UnregisterComponent: (/Engine/Transient.EditorFloorComp) Not registered. Aborting.
[2018.12.19-13.10.26:025][382]LogSlate: Window 'MyProject - Unreal Editor' being destroyed
[2018.12.19-13.10.26:027][382]LogWindowsTextInputMethodSystem: Display: IME system now deactivated.
[2018.12.19-13.10.26:773][383]Cmd: QUIT_EDITOR
[2018.12.19-13.10.28:242][383]LogExit: Preparing to exit.
